#
# A fatal error has been detected by the Java Runtime Environment:
#
#  EXCEPTION_ACCESS_VIOLATION (0xc0000005) at pc=0x00007ffb86330335, pid=11588, tid=10352
#
# JRE version: Java(TM) SE Runtime Environment (10.0.2+13) (build 10.0.2+13)
# Java VM: Java HotSpot(TM) 64-Bit Server VM (10.0.2+13, mixed mode, tiered, compressed oops, g1 gc, windows-amd64)
# Problematic frame:
# C  [opencv_java342.dll+0x1620335]
#
# No core dump will be written. Minidumps are not enabled by default on client versions of Windows
#
# If you would like to submit a bug report, please visit:
#   http://bugreport.java.com/bugreport/crash.jsp
# The crash happened outside the Java Virtual Machine in native code.
# See problematic frame for where to report the bug.
#

---------------  S U M M A R Y ------------

Command Line: -Djava.library.path=C:\Users\Minh\Downloads\Programs\opencv;C:\CSC\opencv\build\java\x64 -Dfile.encoding=Cp1252 application.Main

Host: Intel(R) Core(TM) i5-6600 CPU @ 3.30GHz, 4 cores, 15G,  Windows 10 , 64 bit Build 17134 (10.0.17134.1)
Time: Sun Oct 28 17:03:42 2018 Central Daylight Time elapsed time: 182 seconds (0d 0h 3m 2s)

---------------  T H R E A D  ---------------

Current thread (0x0000021352d2b000):  JavaThread "Finalizer" daemon [_thread_in_native, id=10352, stack(0x0000009ac4c00000,0x0000009ac4d00000)]

Stack: [0x0000009ac4c00000,0x0000009ac4d00000],  sp=0x0000009ac4cff458,  free space=1021k
Native frames: (J=compiled Java code, j=interpreted, Vv=VM code, C=native code)
C  [opencv_java342.dll+0x1620335]

Java frames: (J=compiled Java code, j=interpreted, Vv=VM code)
j  org.opencv.videoio.VideoCapture.delete(J)V+0
j  org.opencv.videoio.VideoCapture.finalize()V+4
j  java.lang.System$2.invokeFinalize(Ljava/lang/Object;)V+1 java.base@10.0.2
j  java.lang.ref.Finalizer.runFinalizer(Ljdk/internal/misc/JavaLangAccess;)V+46 java.base@10.0.2
j  java.lang.ref.Finalizer.access$100(Ljava/lang/ref/Finalizer;Ljdk/internal/misc/JavaLangAccess;)V+2 java.base@10.0.2
j  java.lang.ref.Finalizer$FinalizerThread.run()V+46 java.base@10.0.2
v  ~StubRoutines::call_stub

siginfo: EXCEPTION_ACCESS_VIOLATION (0xc0000005), reading address 0x000002db8b29cc10


Register to memory mapping:

RIP=0x00007ffb86330335 opencv_java342.dll
RAX=0x00007ffb86330330 opencv_java342.dll
RBX={method} {0x000002135f093fd0} 'delete' '(J)V' in 'org/opencv/videoio/VideoCapture'
RCX=0x0000021352d2b270 is an unknown value
RDX=0x0000009ac4cff4f0 is pointing into the stack for thread: 0x0000021352d2b000
RSP=0x0000009ac4cff458 is pointing into the stack for thread: 0x0000021352d2b000
RBP=0x0000009ac4cff4e0 is pointing into the stack for thread: 0x0000021352d2b000
RSI=0x000002135b3d0f30 is pointing into metadata
RDI=0x0000021337659e80 is at code_begin+1664 in an Interpreter codelet
invoke return entry points  [0x0000021337659800, 0x000002133765a1e0]  2528 bytes
R8 =0x000002db8b29cc10 is an unknown value
R9 =0x0000021352ceaad0 is an unknown value
R10=0x000002133765f2e8 is at code_begin+1000 in an Interpreter codelet
method entry point (kind = native)  [0x000002133765ef00, 0x000002133765fa60]  2912 bytes
R11=0x00000006cf30f5c0 is an oop
java.lang.Class 
{0x00000006cf30f5c0} - klass: 'java/lang/Class'
R12=0x0000000000000000 is an unknown value
R13={method} {0x000002135f093fd0} 'delete' '(J)V' in 'org/opencv/videoio/VideoCapture'
R14=0x0000009ac4cff508 is pointing into the stack for thread: 0x0000021352d2b000
R15=0x0000021352d2b000 is a thread


Registers:
RAX=0x00007ffb86330330, RBX=0x000002135f093fc8, RCX=0x0000021352d2b270, RDX=0x0000009ac4cff4f0
RSP=0x0000009ac4cff458, RBP=0x0000009ac4cff4e0, RSI=0x000002135b3d0f30, RDI=0x0000021337659e80
R8 =0x000002db8b29cc10, R9 =0x0000021352ceaad0, R10=0x000002133765f2e8, R11=0x00000006cf30f5c0
R12=0x0000000000000000, R13=0x000002135f093fc8, R14=0x0000009ac4cff508, R15=0x0000021352d2b000
RIP=0x00007ffb86330335, EFLAGS=0x0000000000010202

Top of Stack: (sp=0x0000009ac4cff458)
0x0000009ac4cff458:   000002133765f317 0000021337659e80
0x0000009ac4cff468:   000002133765f012 000002135f093fc8
0x0000009ac4cff478:   0000009ac4cff4e0 000002135b3d0f30
0x0000009ac4cff488:   000002135b3d0f30 000002133765efb6
0x0000009ac4cff498:   0000009ac4cff498 000002135f093fc8
0x0000009ac4cff4a8:   0000009ac4cff508 000002135f0943c0
0x0000009ac4cff4b8:   0000000000000000 00000006cf30f5c0
0x0000009ac4cff4c8:   000002135f093fc8 0000000000000000
0x0000009ac4cff4d8:   0000009ac4cff500 0000009ac4cff558
0x0000009ac4cff4e8:   000002133765a103 00000006cf30f5c0
0x0000009ac4cff4f8:   000002133765c258 000002db8b29cc10
0x0000009ac4cff508:   0000000000000000 0000009ac4cff510
0x0000009ac4cff518:   000002135f09351c 0000009ac4cff568
0x0000009ac4cff528:   000002135f0943c0 0000000000000000
0x0000009ac4cff538:   00000006cf30f5c0 000002135f093538
0x0000009ac4cff548:   0000009ac4cff500 0000009ac4cff568 

Instructions: (pc=0x00007ffb86330335)
0x00007ffb86330315:   09 48 8b c8 e8 82 11 65 00 90 eb 02 33 c0 48 83
0x00007ffb86330325:   c4 38 c3 cc cc cc cc cc cc cc cc 4d 85 c0 74 0e
0x00007ffb86330335:   49 8b 00 ba 01 00 00 00 49 8b c8 48 ff 20 c3 cc
0x00007ffb86330345:   cc cc cc cc cc cc cc cc cc cc cc 48 89 4c 24 08 



---------------  P R O C E S S  ---------------

Threads class SMR info:
_java_thread_list=0x000002135a78e1e0, length=19, elements={
0x000002132fef6000, 0x0000021352cef800, 0x0000021352d2b000, 0x0000021352d42800,
0x0000021352d43800, 0x0000021352d45800, 0x0000021352da8800, 0x0000021352da9000,
0x0000021352dac000, 0x0000021352f0e000, 0x0000021352f1d800, 0x000002135338d800,
0x00000213533c0000, 0x00000213533dd000, 0x00000213536e3000, 0x000002135372e800,
0x000002135a99b800, 0x000002135334a800, 0x000002135a7a5000
}

Java Threads: ( => current thread )
  0x000002132fef6000 JavaThread "main" [_thread_blocked, id=10276, stack(0x0000009ac3e00000,0x0000009ac3f00000)]
  0x0000021352cef800 JavaThread "Reference Handler" daemon [_thread_blocked, id=3636, stack(0x0000009ac4b00000,0x0000009ac4c00000)]
=>0x0000021352d2b000 JavaThread "Finalizer" daemon [_thread_in_native, id=10352, stack(0x0000009ac4c00000,0x0000009ac4d00000)]
  0x0000021352d42800 JavaThread "Signal Dispatcher" daemon [_thread_blocked, id=12336, stack(0x0000009ac4d00000,0x0000009ac4e00000)]
  0x0000021352d43800 JavaThread "Attach Listener" daemon [_thread_blocked, id=7012, stack(0x0000009ac4e00000,0x0000009ac4f00000)]
  0x0000021352d45800 JavaThread "C2 CompilerThread0" daemon [_thread_blocked, id=1948, stack(0x0000009ac4f00000,0x0000009ac5000000)]
  0x0000021352da8800 JavaThread "C2 CompilerThread1" daemon [_thread_blocked, id=10524, stack(0x0000009ac5000000,0x0000009ac5100000)]
  0x0000021352da9000 JavaThread "C1 CompilerThread2" daemon [_thread_blocked, id=11904, stack(0x0000009ac5100000,0x0000009ac5200000)]
  0x0000021352dac000 JavaThread "Sweeper thread" daemon [_thread_blocked, id=6856, stack(0x0000009ac5200000,0x0000009ac5300000)]
  0x0000021352f0e000 JavaThread "Service Thread" daemon [_thread_blocked, id=10980, stack(0x0000009ac5300000,0x0000009ac5400000)]
  0x0000021352f1d800 JavaThread "Common-Cleaner" daemon [_thread_blocked, id=12608, stack(0x0000009ac5400000,0x0000009ac5500000)]
  0x000002135338d800 JavaThread "QuantumRenderer-0" daemon [_thread_blocked, id=14248, stack(0x0000009ac5600000,0x0000009ac5700000)]
  0x00000213533c0000 JavaThread "InvokeLaterDispatcher" daemon [_thread_blocked, id=4904, stack(0x0000009ac5800000,0x0000009ac5900000)]
  0x00000213533dd000 JavaThread "JavaFX Application Thread" [_thread_in_native, id=1304, stack(0x0000009ac5900000,0x0000009ac5a00000)]
  0x00000213536e3000 JavaThread "Thread-1" daemon [_thread_in_native, id=9320, stack(0x0000009ac5a00000,0x0000009ac5b00000)]
  0x000002135372e800 JavaThread "JavaFX-Launcher" [_thread_blocked, id=4940, stack(0x0000009ac5b00000,0x0000009ac5c00000)]
  0x000002135a99b800 JavaThread "Java2D Disposer" daemon [_thread_blocked, id=14076, stack(0x0000009ac5c00000,0x0000009ac5d00000)]
  0x000002135334a800 JavaThread "Prism Font Disposer" daemon [_thread_blocked, id=13508, stack(0x0000009ac5d00000,0x0000009ac5e00000)]
  0x000002135a7a5000 JavaThread "Cleaner-0" daemon [_thread_blocked, id=11868, stack(0x0000009ac6200000,0x0000009ac6300000)]

Other Threads:
  0x0000021352cec000 VMThread "VM Thread" [stack: 0x0000009ac4a00000,0x0000009ac4b00000] [id=12836]
  0x0000021352f22800 WatcherThread [stack: 0x0000009ac5500000,0x0000009ac5600000] [id=7516]
  0x000002132ff0e800 GCTaskThread "GC Thread#0" [stack: 0x0000009ac3f00000,0x0000009ac4000000] [id=8608]
  0x000002132ff11000 GCTaskThread "GC Thread#1" [stack: 0x0000009ac4000000,0x0000009ac4100000] [id=6880]
  0x000002132ff13800 GCTaskThread "GC Thread#2" [stack: 0x0000009ac4100000,0x0000009ac4200000] [id=7808]
  0x000002132ff16000 GCTaskThread "GC Thread#3" [stack: 0x0000009ac4200000,0x0000009ac4300000] [id=5568]
  0x000002132ff70800 ConcurrentGCThread "G1 Main Marker" [stack: 0x0000009ac4300000,0x0000009ac4400000] [id=2164]
  0x000002132ff75800 ConcurrentGCThread "G1 Conc#0" [stack: 0x0000009ac4400000,0x0000009ac4500000] [id=6960]
  0x000002134ff55000 ConcurrentGCThread "G1 Refine#0" [stack: 0x0000009ac4500000,0x0000009ac4600000] [id=1712]
  0x000002134ff56000 ConcurrentGCThread "G1 Refine#1" [stack: 0x0000009ac4600000,0x0000009ac4700000] [id=8640]
  0x000002134ff57000 ConcurrentGCThread "G1 Refine#2" [stack: 0x0000009ac4700000,0x0000009ac4800000] [id=5180]
  0x000002134ff58000 ConcurrentGCThread "G1 Refine#3" [stack: 0x0000009ac4800000,0x0000009ac4900000] [id=2400]
  0x000002134ff5e000 ConcurrentGCThread "G1 Young RemSet Sampling" [stack: 0x0000009ac4900000,0x0000009ac4a00000] [id=7120]

Threads with active compile tasks:

VM state:not at safepoint (normal execution)

VM Mutex/Monitor currently owned by a thread: None

Heap address: 0x00000006c1200000, size: 4078 MB, Compressed Oops mode: Zero based, Oop shift amount: 3
Narrow klass base: 0x0000000000000000, Narrow klass shift: 3
Compressed class space size: 1073741824 Address: 0x00000007c0000000

Heap:
 garbage-first heap   total 262144K, used 16571K [0x00000006c1200000, 0x00000007c0000000)
  region size 1024K, 9 young (9216K), 4 survivors (4096K)
 Metaspace       used 28276K, capacity 29367K, committed 29696K, reserved 1075200K
  class space    used 3758K, capacity 4269K, committed 4352K, reserved 1048576K
Heap Regions: E=young(eden), S=young(survivor), O=old, HS=humongous(starts), HC=humongous(continues), CS=collection set, F=free, A=archive, TS=gc time stamp, AC=allocation context, TAMS=top-at-mark-start (previous, next)
|   0|0x00000006c1200000, 0x00000006c1300000, 0x00000006c1300000|100%| O|  |TS  0|AC  0|TAMS 0x00000006c1300000, 0x00000006c1300000|
|   1|0x00000006c1300000, 0x00000006c1400000, 0x00000006c1400000|100%| O|  |TS  0|AC  0|TAMS 0x00000006c1400000, 0x00000006c1400000|
|   2|0x00000006c1400000, 0x00000006c1500000, 0x00000006c1500000|100%| O|  |TS  0|AC  0|TAMS 0x00000006c1500000, 0x00000006c1500000|
|   3|0x00000006c1500000, 0x00000006c1600000, 0x00000006c1600000|100%| O|  |TS  0|AC  0|TAMS 0x00000006c1600000, 0x00000006c1600000|
|   4|0x00000006c1600000, 0x00000006c1700000, 0x00000006c1700000|100%| O|  |TS  1|AC  0|TAMS 0x00000006c1652200, 0x00000006c1652200|
|   5|0x00000006c1700000, 0x00000006c1800000, 0x00000006c1800000|100%|HS|  |TS  0|AC  0|TAMS 0x00000006c1700000, 0x00000006c1700000|
|   6|0x00000006c1800000, 0x00000006c1900000, 0x00000006c1900000|100%|HC|  |TS  0|AC  0|TAMS 0x00000006c1800000, 0x00000006c1800000|
|   7|0x00000006c1900000, 0x00000006c1a00000, 0x00000006c1a00000|100%| O|  |TS  1|AC  0|TAMS 0x00000006c1900000, 0x00000006c1900000|
|   8|0x00000006c1a00000, 0x00000006c1a55a00, 0x00000006c1b00000| 33%| O|  |TS  1|AC  0|TAMS 0x00000006c1a00000, 0x00000006c1a00000|
|   9|0x00000006c1b00000, 0x00000006c1b00000, 0x00000006c1c00000|  0%| F|  |TS  0|AC  0|TAMS 0x00000006c1b00000, 0x00000006c1b00000|
|  10|0x00000006c1c00000, 0x00000006c1c00000, 0x00000006c1d00000|  0%| F|  |TS  0|AC  0|TAMS 0x00000006c1c00000, 0x00000006c1c00000|
|  11|0x00000006c1d00000, 0x00000006c1d00000, 0x00000006c1e00000|  0%| F|  |TS  0|AC  0|TAMS 0x00000006c1d00000, 0x00000006c1d00000|
|  12|0x00000006c1e00000, 0x00000006c1e00000, 0x00000006c1f00000|  0%| F|  |TS  0|AC  0|TAMS 0x00000006c1e00000, 0x00000006c1e00000|
|  13|0x00000006c1f00000, 0x00000006c1f00000, 0x00000006c2000000|  0%| F|  |TS  0|AC  0|TAMS 0x00000006c1f00000, 0x00000006c1f00000|
|  14|0x00000006c2000000, 0x00000006c2000000, 0x00000006c2100000|  0%| F|  |TS  0|AC  0|TAMS 0x00000006c2000000, 0x00000006c2000000|
|  15|0x00000006c2100000, 0x00000006c2100000, 0x00000006c2200000|  0%| F|  |TS  0|AC  0|TAMS 0x00000006c2100000, 0x00000006c2100000|
|  16|0x00000006c2200000, 0x00000006c2200000, 0x00000006c2300000|  0%| F|  |TS  0|AC  0|TAMS 0x00000006c2200000, 0x00000006c2200000|
|  17|0x00000006c2300000, 0x00000006c2300000, 0x00000006c2400000|  0%| F|  |TS  0|AC  0|TAMS 0x00000006c2300000, 0x00000006c2300000|
|  18|0x00000006c2400000, 0x00000006c2400000, 0x00000006c2500000|  0%| F|  |TS  0|AC  0|TAMS 0x00000006c2400000, 0x00000006c2400000|
|  19|0x00000006c2500000, 0x00000006c2500000, 0x00000006c2600000|  0%| F|  |TS  0|AC  0|TAMS 0x00000006c2500000, 0x00000006c2500000|
|  20|0x00000006c2600000, 0x00000006c2600000, 0x00000006c2700000|  0%| F|  |TS  0|AC  0|TAMS 0x00000006c2600000, 0x00000006c2600000|
|  21|0x00000006c2700000, 0x00000006c2700000, 0x00000006c2800000|  0%| F|  |TS  0|AC  0|TAMS 0x00000006c2700000, 0x00000006c2700000|
|  22|0x00000006c2800000, 0x00000006c2800000, 0x00000006c2900000|  0%| F|  |TS  0|AC  0|TAMS 0x00000006c2800000, 0x00000006c2800000|
|  23|0x00000006c2900000, 0x00000006c2900000, 0x00000006c2a00000|  0%| F|  |TS  0|AC  0|TAMS 0x00000006c2900000, 0x00000006c2900000|
|  24|0x00000006c2a00000, 0x00000006c2a00000, 0x00000006c2b00000|  0%| F|  |TS  0|AC  0|TAMS 0x00000006c2a00000, 0x00000006c2a00000|
|  25|0x00000006c2b00000, 0x00000006c2b00000, 0x00000006c2c00000|  0%| F|  |TS  0|AC  0|TAMS 0x00000006c2b00000, 0x00000006c2b00000|
|  26|0x00000006c2c00000, 0x00000006c2c00000, 0x00000006c2d00000|  0%| F|  |TS  0|AC  0|TAMS 0x00000006c2c00000, 0x00000006c2c00000|
|  27|0x00000006c2d00000, 0x00000006c2d00000, 0x00000006c2e00000|  0%| F|  |TS  0|AC  0|TAMS 0x00000006c2d00000, 0x00000006c2d00000|
|  28|0x00000006c2e00000, 0x00000006c2e00000, 0x00000006c2f00000|  0%| F|  |TS  0|AC  0|TAMS 0x00000006c2e00000, 0x00000006c2e00000|
|  29|0x00000006c2f00000, 0x00000006c2f00000, 0x00000006c3000000|  0%| F|  |TS  0|AC  0|TAMS 0x00000006c2f00000, 0x00000006c2f00000|
|  30|0x00000006c3000000, 0x00000006c3000000, 0x00000006c3100000|  0%| F|  |TS  0|AC  0|TAMS 0x00000006c3000000, 0x00000006c3000000|
|  31|0x00000006c3100000, 0x00000006c3100000, 0x00000006c3200000|  0%| F|  |TS  0|AC  0|TAMS 0x00000006c3100000, 0x00000006c3100000|
|  32|0x00000006c3200000, 0x00000006c3200000, 0x00000006c3300000|  0%| F|  |TS  0|AC  0|TAMS 0x00000006c3200000, 0x00000006c3200000|
|  33|0x00000006c3300000, 0x00000006c3300000, 0x00000006c3400000|  0%| F|  |TS  0|AC  0|TAMS 0x00000006c3300000, 0x00000006c3300000|
|  34|0x00000006c3400000, 0x00000006c3400000, 0x00000006c3500000|  0%| F|  |TS  0|AC  0|TAMS 0x00000006c3400000, 0x00000006c3400000|
|  35|0x00000006c3500000, 0x00000006c3500000, 0x00000006c3600000|  0%| F|  |TS  0|AC  0|TAMS 0x00000006c3500000, 0x00000006c3500000|
|  36|0x00000006c3600000, 0x00000006c3600000, 0x00000006c3700000|  0%| F|  |TS  0|AC  0|TAMS 0x00000006c3600000, 0x00000006c3600000|
|  37|0x00000006c3700000, 0x00000006c3700000, 0x00000006c3800000|  0%| F|  |TS  0|AC  0|TAMS 0x00000006c3700000, 0x00000006c3700000|
|  38|0x00000006c3800000, 0x00000006c3800000, 0x00000006c3900000|  0%| F|  |TS  0|AC  0|TAMS 0x00000006c3800000, 0x00000006c3800000|
|  39|0x00000006c3900000, 0x00000006c3900000, 0x00000006c3a00000|  0%| F|  |TS  0|AC  0|TAMS 0x00000006c3900000, 0x00000006c3900000|
|  40|0x00000006c3a00000, 0x00000006c3a00000, 0x00000006c3b00000|  0%| F|  |TS  0|AC  0|TAMS 0x00000006c3a00000, 0x00000006c3a00000|
|  41|0x00000006c3b00000, 0x00000006c3b00000, 0x00000006c3c00000|  0%| F|  |TS  0|AC  0|TAMS 0x00000006c3b00000, 0x00000006c3b00000|
|  42|0x00000006c3c00000, 0x00000006c3c00000, 0x00000006c3d00000|  0%| F|  |TS  0|AC  0|TAMS 0x00000006c3c00000, 0x00000006c3c00000|
|  43|0x00000006c3d00000, 0x00000006c3d00000, 0x00000006c3e00000|  0%| F|  |TS  0|AC  0|TAMS 0x00000006c3d00000, 0x00000006c3d00000|
|  44|0x00000006c3e00000, 0x00000006c3e00000, 0x00000006c3f00000|  0%| F|  |TS  0|AC  0|TAMS 0x00000006c3e00000, 0x00000006c3e00000|
|  45|0x00000006c3f00000, 0x00000006c3f00000, 0x00000006c4000000|  0%| F|  |TS  0|AC  0|TAMS 0x00000006c3f00000, 0x00000006c3f00000|
|  46|0x00000006c4000000, 0x00000006c4000000, 0x00000006c4100000|  0%| F|  |TS  0|AC  0|TAMS 0x00000006c4000000, 0x00000006c4000000|
|  47|0x00000006c4100000, 0x00000006c4100000, 0x00000006c4200000|  0%| F|  |TS  0|AC  0|TAMS 0x00000006c4100000, 0x00000006c4100000|
|  48|0x00000006c4200000, 0x00000006c4200000, 0x00000006c4300000|  0%| F|  |TS  0|AC  0|TAMS 0x00000006c4200000, 0x00000006c4200000|
|  49|0x00000006c4300000, 0x00000006c4300000, 0x00000006c4400000|  0%| F|  |TS  0|AC  0|TAMS 0x00000006c4300000, 0x00000006c4300000|
|  50|0x00000006c4400000, 0x00000006c4400000, 0x00000006c4500000|  0%| F|  |TS  0|AC  0|TAMS 0x00000006c4400000, 0x00000006c4400000|
|  51|0x00000006c4500000, 0x00000006c4500000, 0x00000006c4600000|  0%| F|  |TS  0|AC  0|TAMS 0x00000006c4500000, 0x00000006c4500000|
|  52|0x00000006c4600000, 0x00000006c4600000, 0x00000006c4700000|  0%| F|  |TS  0|AC  0|TAMS 0x00000006c4600000, 0x00000006c4600000|
|  53|0x00000006c4700000, 0x00000006c4700000, 0x00000006c4800000|  0%| F|  |TS  0|AC  0|TAMS 0x00000006c4700000, 0x00000006c4700000|
|  54|0x00000006c4800000, 0x00000006c4800000, 0x00000006c4900000|  0%| F|  |TS  0|AC  0|TAMS 0x00000006c4800000, 0x00000006c4800000|
|  55|0x00000006c4900000, 0x00000006c4900000, 0x00000006c4a00000|  0%| F|  |TS  0|AC  0|TAMS 0x00000006c4900000, 0x00000006c4900000|
|  56|0x00000006c4a00000, 0x00000006c4a00000, 0x00000006c4b00000|  0%| F|  |TS  0|AC  0|TAMS 0x00000006c4a00000, 0x00000006c4a00000|
|  57|0x00000006c4b00000, 0x00000006c4b00000, 0x00000006c4c00000|  0%| F|  |TS  0|AC  0|TAMS 0x00000006c4b00000, 0x00000006c4b00000|
|  58|0x00000006c4c00000, 0x00000006c4c00000, 0x00000006c4d00000|  0%| F|  |TS  0|AC  0|TAMS 0x00000006c4c00000, 0x00000006c4c00000|
|  59|0x00000006c4d00000, 0x00000006c4d00000, 0x00000006c4e00000|  0%| F|  |TS  0|AC  0|TAMS 0x00000006c4d00000, 0x00000006c4d00000|
|  60|0x00000006c4e00000, 0x00000006c4e00000, 0x00000006c4f00000|  0%| F|  |TS  0|AC  0|TAMS 0x00000006c4e00000, 0x00000006c4e00000|
|  61|0x00000006c4f00000, 0x00000006c4f00000, 0x00000006c5000000|  0%| F|  |TS  0|AC  0|TAMS 0x00000006c4f00000, 0x00000006c4f00000|
|  62|0x00000006c5000000, 0x00000006c5000000, 0x00000006c5100000|  0%| F|  |TS  0|AC  0|TAMS 0x00000006c5000000, 0x00000006c5000000|
|  63|0x00000006c5100000, 0x00000006c5100000, 0x00000006c5200000|  0%| F|  |TS  0|AC  0|TAMS 0x00000006c5100000, 0x00000006c5100000|
|  64|0x00000006c5200000, 0x00000006c5200000, 0x00000006c5300000|  0%| F|  |TS  0|AC  0|TAMS 0x00000006c5200000, 0x00000006c5200000|
|  65|0x00000006c5300000, 0x00000006c5300000, 0x00000006c5400000|  0%| F|  |TS  0|AC  0|TAMS 0x00000006c5300000, 0x00000006c5300000|
|  66|0x00000006c5400000, 0x00000006c5400000, 0x00000006c5500000|  0%| F|  |TS  0|AC  0|TAMS 0x00000006c5400000, 0x00000006c5400000|
|  67|0x00000006c5500000, 0x00000006c5500000, 0x00000006c5600000|  0%| F|  |TS  0|AC  0|TAMS 0x00000006c5500000, 0x00000006c5500000|
|  68|0x00000006c5600000, 0x00000006c5600000, 0x00000006c5700000|  0%| F|  |TS  0|AC  0|TAMS 0x00000006c5600000, 0x00000006c5600000|
|  69|0x00000006c5700000, 0x00000006c5700000, 0x00000006c5800000|  0%| F|  |TS  0|AC  0|TAMS 0x00000006c5700000, 0x00000006c5700000|
|  70|0x00000006c5800000, 0x00000006c5800000, 0x00000006c5900000|  0%| F|  |TS  0|AC  0|TAMS 0x00000006c5800000, 0x00000006c5800000|
|  71|0x00000006c5900000, 0x00000006c5900000, 0x00000006c5a00000|  0%| F|  |TS  0|AC  0|TAMS 0x00000006c5900000, 0x00000006c5900000|
|  72|0x00000006c5a00000, 0x00000006c5a00000, 0x00000006c5b00000|  0%| F|  |TS  0|AC  0|TAMS 0x00000006c5a00000, 0x00000006c5a00000|
|  73|0x00000006c5b00000, 0x00000006c5b00000, 0x00000006c5c00000|  0%| F|  |TS  0|AC  0|TAMS 0x00000006c5b00000, 0x00000006c5b00000|
|  74|0x00000006c5c00000, 0x00000006c5c00000, 0x00000006c5d00000|  0%| F|  |TS  0|AC  0|TAMS 0x00000006c5c00000, 0x00000006c5c00000|
|  75|0x00000006c5d00000, 0x00000006c5d00000, 0x00000006c5e00000|  0%| F|  |TS  0|AC  0|TAMS 0x00000006c5d00000, 0x00000006c5d00000|
|  76|0x00000006c5e00000, 0x00000006c5e00000, 0x00000006c5f00000|  0%| F|  |TS  0|AC  0|TAMS 0x00000006c5e00000, 0x00000006c5e00000|
|  77|0x00000006c5f00000, 0x00000006c5f00000, 0x00000006c6000000|  0%| F|  |TS  0|AC  0|TAMS 0x00000006c5f00000, 0x00000006c5f00000|
|  78|0x00000006c6000000, 0x00000006c6000000, 0x00000006c6100000|  0%| F|  |TS  0|AC  0|TAMS 0x00000006c6000000, 0x00000006c6000000|
|  79|0x00000006c6100000, 0x00000006c6100000, 0x00000006c6200000|  0%| F|  |TS  0|AC  0|TAMS 0x00000006c6100000, 0x00000006c6100000|
|  80|0x00000006c6200000, 0x00000006c6200000, 0x00000006c6300000|  0%| F|  |TS  0|AC  0|TAMS 0x00000006c6200000, 0x00000006c6200000|
|  81|0x00000006c6300000, 0x00000006c6300000, 0x00000006c6400000|  0%| F|  |TS  0|AC  0|TAMS 0x00000006c6300000, 0x00000006c6300000|
|  82|0x00000006c6400000, 0x00000006c6400000, 0x00000006c6500000|  0%| F|  |TS  0|AC  0|TAMS 0x00000006c6400000, 0x00000006c6400000|
|  83|0x00000006c6500000, 0x00000006c6500000, 0x00000006c6600000|  0%| F|  |TS  0|AC  0|TAMS 0x00000006c6500000, 0x00000006c6500000|
|  84|0x00000006c6600000, 0x00000006c6600000, 0x00000006c6700000|  0%| F|  |TS  0|AC  0|TAMS 0x00000006c6600000, 0x00000006c6600000|
|  85|0x00000006c6700000, 0x00000006c6700000, 0x00000006c6800000|  0%| F|  |TS  0|AC  0|TAMS 0x00000006c6700000, 0x00000006c6700000|
|  86|0x00000006c6800000, 0x00000006c6800000, 0x00000006c6900000|  0%| F|  |TS  0|AC  0|TAMS 0x00000006c6800000, 0x00000006c6800000|
|  87|0x00000006c6900000, 0x00000006c6900000, 0x00000006c6a00000|  0%| F|  |TS  0|AC  0|TAMS 0x00000006c6900000, 0x00000006c6900000|
|  88|0x00000006c6a00000, 0x00000006c6a00000, 0x00000006c6b00000|  0%| F|  |TS  0|AC  0|TAMS 0x00000006c6a00000, 0x00000006c6a00000|
|  89|0x00000006c6b00000, 0x00000006c6b00000, 0x00000006c6c00000|  0%| F|  |TS  0|AC  0|TAMS 0x00000006c6b00000, 0x00000006c6b00000|
|  90|0x00000006c6c00000, 0x00000006c6c00000, 0x00000006c6d00000|  0%| F|  |TS  0|AC  0|TAMS 0x00000006c6c00000, 0x00000006c6c00000|
|  91|0x00000006c6d00000, 0x00000006c6d00000, 0x00000006c6e00000|  0%| F|  |TS  0|AC  0|TAMS 0x00000006c6d00000, 0x00000006c6d00000|
|  92|0x00000006c6e00000, 0x00000006c6e00000, 0x00000006c6f00000|  0%| F|  |TS  0|AC  0|TAMS 0x00000006c6e00000, 0x00000006c6e00000|
|  93|0x00000006c6f00000, 0x00000006c6f00000, 0x00000006c7000000|  0%| F|  |TS  0|AC  0|TAMS 0x00000006c6f00000, 0x00000006c6f00000|
|  94|0x00000006c7000000, 0x00000006c7000000, 0x00000006c7100000|  0%| F|  |TS  0|AC  0|TAMS 0x00000006c7000000, 0x00000006c7000000|
|  95|0x00000006c7100000, 0x00000006c7100000, 0x00000006c7200000|  0%| F|  |TS  0|AC  0|TAMS 0x00000006c7100000, 0x00000006c7100000|
|  96|0x00000006c7200000, 0x00000006c7200000, 0x00000006c7300000|  0%| F|  |TS  0|AC  0|TAMS 0x00000006c7200000, 0x00000006c7200000|
|  97|0x00000006c7300000, 0x00000006c7300000, 0x00000006c7400000|  0%| F|  |TS  0|AC  0|TAMS 0x00000006c7300000, 0x00000006c7300000|
|  98|0x00000006c7400000, 0x00000006c7400000, 0x00000006c7500000|  0%| F|  |TS  0|AC  0|TAMS 0x00000006c7400000, 0x00000006c7400000|
|  99|0x00000006c7500000, 0x00000006c7500000, 0x00000006c7600000|  0%| F|  |TS  0|AC  0|TAMS 0x00000006c7500000, 0x00000006c7500000|
| 100|0x00000006c7600000, 0x00000006c7600000, 0x00000006c7700000|  0%| F|  |TS  0|AC  0|TAMS 0x00000006c7600000, 0x00000006c7600000|
| 101|0x00000006c7700000, 0x00000006c7700000, 0x00000006c7800000|  0%| F|  |TS  0|AC  0|TAMS 0x00000006c7700000, 0x00000006c7700000|
| 102|0x00000006c7800000, 0x00000006c7800000, 0x00000006c7900000|  0%| F|  |TS  0|AC  0|TAMS 0x00000006c7800000, 0x00000006c7800000|
| 103|0x00000006c7900000, 0x00000006c7900000, 0x00000006c7a00000|  0%| F|  |TS  0|AC  0|TAMS 0x00000006c7900000, 0x00000006c7900000|
| 104|0x00000006c7a00000, 0x00000006c7a00000, 0x00000006c7b00000|  0%| F|  |TS  0|AC  0|TAMS 0x00000006c7a00000, 0x00000006c7a00000|
| 105|0x00000006c7b00000, 0x00000006c7b00000, 0x00000006c7c00000|  0%| F|  |TS  0|AC  0|TAMS 0x00000006c7b00000, 0x00000006c7b00000|
| 106|0x00000006c7c00000, 0x00000006c7c00000, 0x00000006c7d00000|  0%| F|  |TS  0|AC  0|TAMS 0x00000006c7c00000, 0x00000006c7c00000|
| 107|0x00000006c7d00000, 0x00000006c7d00000, 0x00000006c7e00000|  0%| F|  |TS  0|AC  0|TAMS 0x00000006c7d00000, 0x00000006c7d00000|
| 108|0x00000006c7e00000, 0x00000006c7e00000, 0x00000006c7f00000|  0%| F|  |TS  0|AC  0|TAMS 0x00000006c7e00000, 0x00000006c7e00000|
| 109|0x00000006c7f00000, 0x00000006c7f00000, 0x00000006c8000000|  0%| F|  |TS  0|AC  0|TAMS 0x00000006c7f00000, 0x00000006c7f00000|
| 110|0x00000006c8000000, 0x00000006c8000000, 0x00000006c8100000|  0%| F|  |TS  0|AC  0|TAMS 0x00000006c8000000, 0x00000006c8000000|
| 111|0x00000006c8100000, 0x00000006c8100000, 0x00000006c8200000|  0%| F|  |TS  0|AC  0|TAMS 0x00000006c8100000, 0x00000006c8100000|
| 112|0x00000006c8200000, 0x00000006c8200000, 0x00000006c8300000|  0%| F|  |TS  0|AC  0|TAMS 0x00000006c8200000, 0x00000006c8200000|
| 113|0x00000006c8300000, 0x00000006c8300000, 0x00000006c8400000|  0%| F|  |TS  0|AC  0|TAMS 0x00000006c8300000, 0x00000006c8300000|
| 114|0x00000006c8400000, 0x00000006c8400000, 0x00000006c8500000|  0%| F|  |TS  0|AC  0|TAMS 0x00000006c8400000, 0x00000006c8400000|
| 115|0x00000006c8500000, 0x00000006c8500000, 0x00000006c8600000|  0%| F|  |TS  0|AC  0|TAMS 0x00000006c8500000, 0x00000006c8500000|
| 116|0x00000006c8600000, 0x00000006c8600000, 0x00000006c8700000|  0%| F|  |TS  0|AC  0|TAMS 0x00000006c8600000, 0x00000006c8600000|
| 117|0x00000006c8700000, 0x00000006c8700000, 0x00000006c8800000|  0%| F|  |TS  0|AC  0|TAMS 0x00000006c8700000, 0x00000006c8700000|
| 118|0x00000006c8800000, 0x00000006c8800000, 0x00000006c8900000|  0%| F|  |TS  0|AC  0|TAMS 0x00000006c8800000, 0x00000006c8800000|
| 119|0x00000006c8900000, 0x00000006c8900000, 0x00000006c8a00000|  0%| F|  |TS  0|AC  0|TAMS 0x00000006c8900000, 0x00000006c8900000|
| 120|0x00000006c8a00000, 0x00000006c8a00000, 0x00000006c8b00000|  0%| F|  |TS  0|AC  0|TAMS 0x00000006c8a00000, 0x00000006c8a00000|
| 121|0x00000006c8b00000, 0x00000006c8b00000, 0x00000006c8c00000|  0%| F|  |TS  0|AC  0|TAMS 0x00000006c8b00000, 0x00000006c8b00000|
| 122|0x00000006c8c00000, 0x00000006c8c00000, 0x00000006c8d00000|  0%| F|  |TS  0|AC  0|TAMS 0x00000006c8c00000, 0x00000006c8c00000|
| 123|0x00000006c8d00000, 0x00000006c8d00000, 0x00000006c8e00000|  0%| F|  |TS  0|AC  0|TAMS 0x00000006c8d00000, 0x00000006c8d00000|
| 124|0x00000006c8e00000, 0x00000006c8e00000, 0x00000006c8f00000|  0%| F|  |TS  0|AC  0|TAMS 0x00000006c8e00000, 0x00000006c8e00000|
| 125|0x00000006c8f00000, 0x00000006c8f00000, 0x00000006c9000000|  0%| F|  |TS  0|AC  0|TAMS 0x00000006c8f00000, 0x00000006c8f00000|
| 126|0x00000006c9000000, 0x00000006c9000000, 0x00000006c9100000|  0%| F|  |TS  0|AC  0|TAMS 0x00000006c9000000, 0x00000006c9000000|
| 127|0x00000006c9100000, 0x00000006c9100000, 0x00000006c9200000|  0%| F|  |TS  0|AC  0|TAMS 0x00000006c9100000, 0x00000006c9100000|
| 128|0x00000006c9200000, 0x00000006c9200000, 0x00000006c9300000|  0%| F|  |TS  0|AC  0|TAMS 0x00000006c9200000, 0x00000006c9200000|
| 129|0x00000006c9300000, 0x00000006c9300000, 0x00000006c9400000|  0%| F|  |TS  0|AC  0|TAMS 0x00000006c9300000, 0x00000006c9300000|
| 130|0x00000006c9400000, 0x00000006c9400000, 0x00000006c9500000|  0%| F|  |TS  0|AC  0|TAMS 0x00000006c9400000, 0x00000006c9400000|
| 131|0x00000006c9500000, 0x00000006c9500000, 0x00000006c9600000|  0%| F|  |TS  0|AC  0|TAMS 0x00000006c9500000, 0x00000006c9500000|
| 132|0x00000006c9600000, 0x00000006c9600000, 0x00000006c9700000|  0%| F|  |TS  0|AC  0|TAMS 0x00000006c9600000, 0x00000006c9600000|
| 133|0x00000006c9700000, 0x00000006c9700000, 0x00000006c9800000|  0%| F|  |TS  0|AC  0|TAMS 0x00000006c9700000, 0x00000006c9700000|
| 134|0x00000006c9800000, 0x00000006c9800000, 0x00000006c9900000|  0%| F|  |TS  0|AC  0|TAMS 0x00000006c9800000, 0x00000006c9800000|
| 135|0x00000006c9900000, 0x00000006c9900000, 0x00000006c9a00000|  0%| F|  |TS  0|AC  0|TAMS 0x00000006c9900000, 0x00000006c9900000|
| 136|0x00000006c9a00000, 0x00000006c9a00000, 0x00000006c9b00000|  0%| F|  |TS  0|AC  0|TAMS 0x00000006c9a00000, 0x00000006c9a00000|
| 137|0x00000006c9b00000, 0x00000006c9b00000, 0x00000006c9c00000|  0%| F|  |TS  0|AC  0|TAMS 0x00000006c9b00000, 0x00000006c9b00000|
| 138|0x00000006c9c00000, 0x00000006c9c00000, 0x00000006c9d00000|  0%| F|  |TS  0|AC  0|TAMS 0x00000006c9c00000, 0x00000006c9c00000|
| 139|0x00000006c9d00000, 0x00000006c9d00000, 0x00000006c9e00000|  0%| F|  |TS  0|AC  0|TAMS 0x00000006c9d00000, 0x00000006c9d00000|
| 140|0x00000006c9e00000, 0x00000006c9e00000, 0x00000006c9f00000|  0%| F|  |TS  0|AC  0|TAMS 0x00000006c9e00000, 0x00000006c9e00000|
| 141|0x00000006c9f00000, 0x00000006c9f00000, 0x00000006ca000000|  0%| F|  |TS  0|AC  0|TAMS 0x00000006c9f00000, 0x00000006c9f00000|
| 142|0x00000006ca000000, 0x00000006ca000000, 0x00000006ca100000|  0%| F|  |TS  0|AC  0|TAMS 0x00000006ca000000, 0x00000006ca000000|
| 143|0x00000006ca100000, 0x00000006ca100000, 0x00000006ca200000|  0%| F|  |TS  0|AC  0|TAMS 0x00000006ca100000, 0x00000006ca100000|
| 144|0x00000006ca200000, 0x00000006ca200000, 0x00000006ca300000|  0%| F|  |TS  0|AC  0|TAMS 0x00000006ca200000, 0x00000006ca200000|
| 145|0x00000006ca300000, 0x00000006ca300000, 0x00000006ca400000|  0%| F|  |TS  0|AC  0|TAMS 0x00000006ca300000, 0x00000006ca300000|
| 146|0x00000006ca400000, 0x00000006ca400000, 0x00000006ca500000|  0%| F|  |TS  0|AC  0|TAMS 0x00000006ca400000, 0x00000006ca400000|
| 147|0x00000006ca500000, 0x00000006ca500000, 0x00000006ca600000|  0%| F|  |TS  0|AC  0|TAMS 0x00000006ca500000, 0x00000006ca500000|
| 148|0x00000006ca600000, 0x00000006ca600000, 0x00000006ca700000|  0%| F|  |TS  0|AC  0|TAMS 0x00000006ca600000, 0x00000006ca600000|
| 149|0x00000006ca700000, 0x00000006ca700000, 0x00000006ca800000|  0%| F|  |TS  0|AC  0|TAMS 0x00000006ca700000, 0x00000006ca700000|
| 150|0x00000006ca800000, 0x00000006ca800000, 0x00000006ca900000|  0%| F|  |TS  0|AC  0|TAMS 0x00000006ca800000, 0x00000006ca800000|
| 151|0x00000006ca900000, 0x00000006ca900000, 0x00000006caa00000|  0%| F|  |TS  0|AC  0|TAMS 0x00000006ca900000, 0x00000006ca900000|
| 152|0x00000006caa00000, 0x00000006caa00000, 0x00000006cab00000|  0%| F|  |TS  0|AC  0|TAMS 0x00000006caa00000, 0x00000006caa00000|
| 153|0x00000006cab00000, 0x00000006cab00000, 0x00000006cac00000|  0%| F|  |TS  0|AC  0|TAMS 0x00000006cab00000, 0x00000006cab00000|
| 154|0x00000006cac00000, 0x00000006cac00000, 0x00000006cad00000|  0%| F|  |TS  0|AC  0|TAMS 0x00000006cac00000, 0x00000006cac00000|
| 155|0x00000006cad00000, 0x00000006cad00000, 0x00000006cae00000|  0%| F|  |TS  0|AC  0|TAMS 0x00000006cad00000, 0x00000006cad00000|
| 156|0x00000006cae00000, 0x00000006cae00000, 0x00000006caf00000|  0%| F|  |TS  0|AC  0|TAMS 0x00000006cae00000, 0x00000006cae00000|
| 157|0x00000006caf00000, 0x00000006caf00000, 0x00000006cb000000|  0%| F|  |TS  0|AC  0|TAMS 0x00000006caf00000, 0x00000006caf00000|
| 158|0x00000006cb000000, 0x00000006cb000000, 0x00000006cb100000|  0%| F|  |TS  0|AC  0|TAMS 0x00000006cb000000, 0x00000006cb000000|
| 159|0x00000006cb100000, 0x00000006cb100000, 0x00000006cb200000|  0%| F|  |TS  0|AC  0|TAMS 0x00000006cb100000, 0x00000006cb100000|
| 160|0x00000006cb200000, 0x00000006cb200000, 0x00000006cb300000|  0%| F|  |TS  0|AC  0|TAMS 0x00000006cb200000, 0x00000006cb200000|
| 161|0x00000006cb300000, 0x00000006cb300000, 0x00000006cb400000|  0%| F|  |TS  0|AC  0|TAMS 0x00000006cb300000, 0x00000006cb300000|
| 162|0x00000006cb400000, 0x00000006cb400000, 0x00000006cb500000|  0%| F|  |TS  0|AC  0|TAMS 0x00000006cb400000, 0x00000006cb400000|
| 163|0x00000006cb500000, 0x00000006cb500000, 0x00000006cb600000|  0%| F|  |TS  0|AC  0|TAMS 0x00000006cb500000, 0x00000006cb500000|
| 164|0x00000006cb600000, 0x00000006cb600000, 0x00000006cb700000|  0%| F|  |TS  0|AC  0|TAMS 0x00000006cb600000, 0x00000006cb600000|
| 165|0x00000006cb700000, 0x00000006cb700000, 0x00000006cb800000|  0%| F|  |TS  0|AC  0|TAMS 0x00000006cb700000, 0x00000006cb700000|
| 166|0x00000006cb800000, 0x00000006cb800000, 0x00000006cb900000|  0%| F|  |TS  0|AC  0|TAMS 0x00000006cb800000, 0x00000006cb800000|
| 167|0x00000006cb900000, 0x00000006cb900000, 0x00000006cba00000|  0%| F|  |TS  0|AC  0|TAMS 0x00000006cb900000, 0x00000006cb900000|
| 168|0x00000006cba00000, 0x00000006cba00000, 0x00000006cbb00000|  0%| F|  |TS  0|AC  0|TAMS 0x00000006cba00000, 0x00000006cba00000|
| 169|0x00000006cbb00000, 0x00000006cbb00000, 0x00000006cbc00000|  0%| F|  |TS  0|AC  0|TAMS 0x00000006cbb00000, 0x00000006cbb00000|
| 170|0x00000006cbc00000, 0x00000006cbc00000, 0x00000006cbd00000|  0%| F|  |TS  0|AC  0|TAMS 0x00000006cbc00000, 0x00000006cbc00000|
| 171|0x00000006cbd00000, 0x00000006cbd00000, 0x00000006cbe00000|  0%| F|  |TS  0|AC  0|TAMS 0x00000006cbd00000, 0x00000006cbd00000|
| 172|0x00000006cbe00000, 0x00000006cbe00000, 0x00000006cbf00000|  0%| F|  |TS  0|AC  0|TAMS 0x00000006cbe00000, 0x00000006cbe00000|
| 173|0x00000006cbf00000, 0x00000006cbf00000, 0x00000006cc000000|  0%| F|  |TS  0|AC  0|TAMS 0x00000006cbf00000, 0x00000006cbf00000|
| 174|0x00000006cc000000, 0x00000006cc000000, 0x00000006cc100000|  0%| F|  |TS  0|AC  0|TAMS 0x00000006cc000000, 0x00000006cc000000|
| 175|0x00000006cc100000, 0x00000006cc100000, 0x00000006cc200000|  0%| F|  |TS  0|AC  0|TAMS 0x00000006cc100000, 0x00000006cc100000|
| 176|0x00000006cc200000, 0x00000006cc200000, 0x00000006cc300000|  0%| F|  |TS  0|AC  0|TAMS 0x00000006cc200000, 0x00000006cc200000|
| 177|0x00000006cc300000, 0x00000006cc300000, 0x00000006cc400000|  0%| F|  |TS  0|AC  0|TAMS 0x00000006cc300000, 0x00000006cc300000|
| 178|0x00000006cc400000, 0x00000006cc400000, 0x00000006cc500000|  0%| F|  |TS  0|AC  0|TAMS 0x00000006cc400000, 0x00000006cc400000|
| 179|0x00000006cc500000, 0x00000006cc500000, 0x00000006cc600000|  0%| F|  |TS  0|AC  0|TAMS 0x00000006cc500000, 0x00000006cc500000|
| 180|0x00000006cc600000, 0x00000006cc600000, 0x00000006cc700000|  0%| F|  |TS  0|AC  0|TAMS 0x00000006cc600000, 0x00000006cc600000|
| 181|0x00000006cc700000, 0x00000006cc700000, 0x00000006cc800000|  0%| F|  |TS  0|AC  0|TAMS 0x00000006cc700000, 0x00000006cc700000|
| 182|0x00000006cc800000, 0x00000006cc800000, 0x00000006cc900000|  0%| F|  |TS  0|AC  0|TAMS 0x00000006cc800000, 0x00000006cc800000|
| 183|0x00000006cc900000, 0x00000006cc900000, 0x00000006cca00000|  0%| F|  |TS  0|AC  0|TAMS 0x00000006cc900000, 0x00000006cc900000|
| 184|0x00000006cca00000, 0x00000006cca00000, 0x00000006ccb00000|  0%| F|  |TS  0|AC  0|TAMS 0x00000006cca00000, 0x00000006cca00000|
| 185|0x00000006ccb00000, 0x00000006ccb00000, 0x00000006ccc00000|  0%| F|  |TS  0|AC  0|TAMS 0x00000006ccb00000, 0x00000006ccb00000|
| 186|0x00000006ccc00000, 0x00000006ccc00000, 0x00000006ccd00000|  0%| F|  |TS  0|AC  0|TAMS 0x00000006ccc00000, 0x00000006ccc00000|
| 187|0x00000006ccd00000, 0x00000006ccd00000, 0x00000006cce00000|  0%| F|  |TS  0|AC  0|TAMS 0x00000006ccd00000, 0x00000006ccd00000|
| 188|0x00000006cce00000, 0x00000006cce00000, 0x00000006ccf00000|  0%| F|  |TS  0|AC  0|TAMS 0x00000006cce00000, 0x00000006cce00000|
| 189|0x00000006ccf00000, 0x00000006ccf00000, 0x00000006cd000000|  0%| F|  |TS  0|AC  0|TAMS 0x00000006ccf00000, 0x00000006ccf00000|
| 190|0x00000006cd000000, 0x00000006cd000000, 0x00000006cd100000|  0%| F|  |TS  0|AC  0|TAMS 0x00000006cd000000, 0x00000006cd000000|
| 191|0x00000006cd100000, 0x00000006cd100000, 0x00000006cd200000|  0%| F|  |TS  0|AC  0|TAMS 0x00000006cd100000, 0x00000006cd100000|
| 192|0x00000006cd200000, 0x00000006cd200000, 0x00000006cd300000|  0%| F|  |TS  0|AC  0|TAMS 0x00000006cd200000, 0x00000006cd200000|
| 193|0x00000006cd300000, 0x00000006cd300000, 0x00000006cd400000|  0%| F|  |TS  0|AC  0|TAMS 0x00000006cd300000, 0x00000006cd300000|
| 194|0x00000006cd400000, 0x00000006cd400000, 0x00000006cd500000|  0%| F|  |TS  0|AC  0|TAMS 0x00000006cd400000, 0x00000006cd400000|
| 195|0x00000006cd500000, 0x00000006cd500000, 0x00000006cd600000|  0%| F|  |TS  0|AC  0|TAMS 0x00000006cd500000, 0x00000006cd500000|
| 196|0x00000006cd600000, 0x00000006cd600000, 0x00000006cd700000|  0%| F|  |TS  0|AC  0|TAMS 0x00000006cd600000, 0x00000006cd600000|
| 197|0x00000006cd700000, 0x00000006cd700000, 0x00000006cd800000|  0%| F|  |TS  0|AC  0|TAMS 0x00000006cd700000, 0x00000006cd700000|
| 198|0x00000006cd800000, 0x00000006cd800000, 0x00000006cd900000|  0%| F|  |TS  0|AC  0|TAMS 0x00000006cd800000, 0x00000006cd800000|
| 199|0x00000006cd900000, 0x00000006cd900000, 0x00000006cda00000|  0%| F|  |TS  0|AC  0|TAMS 0x00000006cd900000, 0x00000006cd900000|
| 200|0x00000006cda00000, 0x00000006cda00000, 0x00000006cdb00000|  0%| F|  |TS  0|AC  0|TAMS 0x00000006cda00000, 0x00000006cda00000|
| 201|0x00000006cdb00000, 0x00000006cdb00000, 0x00000006cdc00000|  0%| F|  |TS  0|AC  0|TAMS 0x00000006cdb00000, 0x00000006cdb00000|
| 202|0x00000006cdc00000, 0x00000006cdc00000, 0x00000006cdd00000|  0%| F|  |TS  0|AC  0|TAMS 0x00000006cdc00000, 0x00000006cdc00000|
| 203|0x00000006cdd00000, 0x00000006cdd00000, 0x00000006cde00000|  0%| F|  |TS  0|AC  0|TAMS 0x00000006cdd00000, 0x00000006cdd00000|
| 204|0x00000006cde00000, 0x00000006cde00000, 0x00000006cdf00000|  0%| F|  |TS  0|AC  0|TAMS 0x00000006cde00000, 0x00000006cde00000|
| 205|0x00000006cdf00000, 0x00000006cdf00000, 0x00000006ce000000|  0%| F|  |TS  0|AC  0|TAMS 0x00000006cdf00000, 0x00000006cdf00000|
| 206|0x00000006ce000000, 0x00000006ce000000, 0x00000006ce100000|  0%| F|  |TS  0|AC  0|TAMS 0x00000006ce000000, 0x00000006ce000000|
| 207|0x00000006ce100000, 0x00000006ce100000, 0x00000006ce200000|  0%| F|  |TS  0|AC  0|TAMS 0x00000006ce100000, 0x00000006ce100000|
| 208|0x00000006ce200000, 0x00000006ce200000, 0x00000006ce300000|  0%| F|  |TS  0|AC  0|TAMS 0x00000006ce200000, 0x00000006ce200000|
| 209|0x00000006ce300000, 0x00000006ce300000, 0x00000006ce400000|  0%| F|  |TS  0|AC  0|TAMS 0x00000006ce300000, 0x00000006ce300000|
| 210|0x00000006ce400000, 0x00000006ce400000, 0x00000006ce500000|  0%| F|  |TS  0|AC  0|TAMS 0x00000006ce400000, 0x00000006ce400000|
| 211|0x00000006ce500000, 0x00000006ce500000, 0x00000006ce600000|  0%| F|  |TS  0|AC  0|TAMS 0x00000006ce500000, 0x00000006ce500000|
| 212|0x00000006ce600000, 0x00000006ce600000, 0x00000006ce700000|  0%| F|  |TS  0|AC  0|TAMS 0x00000006ce600000, 0x00000006ce600000|
| 213|0x00000006ce700000, 0x00000006ce700000, 0x00000006ce800000|  0%| F|  |TS  0|AC  0|TAMS 0x00000006ce700000, 0x00000006ce700000|
| 214|0x00000006ce800000, 0x00000006ce800000, 0x00000006ce900000|  0%| F|  |TS  0|AC  0|TAMS 0x00000006ce800000, 0x00000006ce800000|
| 215|0x00000006ce900000, 0x00000006ce900000, 0x00000006cea00000|  0%| F|  |TS  0|AC  0|TAMS 0x00000006ce900000, 0x00000006ce900000|
| 216|0x00000006cea00000, 0x00000006cea00000, 0x00000006ceb00000|  0%| F|  |TS  0|AC  0|TAMS 0x00000006cea00000, 0x00000006cea00000|
| 217|0x00000006ceb00000, 0x00000006ceb00000, 0x00000006cec00000|  0%| F|  |TS  0|AC  0|TAMS 0x00000006ceb00000, 0x00000006ceb00000|
| 218|0x00000006cec00000, 0x00000006cec00000, 0x00000006ced00000|  0%| F|  |TS  0|AC  0|TAMS 0x00000006cec00000, 0x00000006cec00000|
| 219|0x00000006ced00000, 0x00000006ced00000, 0x00000006cee00000|  0%| F|  |TS  0|AC  0|TAMS 0x00000006ced00000, 0x00000006ced00000|
| 220|0x00000006cee00000, 0x00000006cee00000, 0x00000006cef00000|  0%| F|  |TS  0|AC  0|TAMS 0x00000006cee00000, 0x00000006cee00000|
| 221|0x00000006cef00000, 0x00000006cef00000, 0x00000006cf000000|  0%| F|  |TS  0|AC  0|TAMS 0x00000006cef00000, 0x00000006cef00000|
| 222|0x00000006cf000000, 0x00000006cf0d9360, 0x00000006cf100000| 84%| S|CS|TS  1|AC  0|TAMS 0x00000006cf000000, 0x00000006cf000000|
| 223|0x00000006cf100000, 0x00000006cf200000, 0x00000006cf200000|100%| S|CS|TS  1|AC  0|TAMS 0x00000006cf100000, 0x00000006cf100000|
| 224|0x00000006cf200000, 0x00000006cf300000, 0x00000006cf300000|100%| S|CS|TS  1|AC  0|TAMS 0x00000006cf200000, 0x00000006cf200000|
| 225|0x00000006cf300000, 0x00000006cf400000, 0x00000006cf400000|100%| S|CS|TS  1|AC  0|TAMS 0x00000006cf300000, 0x00000006cf300000|
| 226|0x00000006cf400000, 0x00000006cf400000, 0x00000006cf500000|  0%| F|  |TS  1|AC  0|TAMS 0x00000006cf400000, 0x00000006cf400000|
| 227|0x00000006cf500000, 0x00000006cf500000, 0x00000006cf600000|  0%| F|  |TS  1|AC  0|TAMS 0x00000006cf500000, 0x00000006cf500000|
| 228|0x00000006cf600000, 0x00000006cf600000, 0x00000006cf700000|  0%| F|  |TS  1|AC  0|TAMS 0x00000006cf600000, 0x00000006cf600000|
| 229|0x00000006cf700000, 0x00000006cf700000, 0x00000006cf800000|  0%| F|  |TS  1|AC  0|TAMS 0x00000006cf700000, 0x00000006cf700000|
| 230|0x00000006cf800000, 0x00000006cf800000, 0x00000006cf900000|  0%| F|  |TS  1|AC  0|TAMS 0x00000006cf800000, 0x00000006cf800000|
| 231|0x00000006cf900000, 0x00000006cf900000, 0x00000006cfa00000|  0%| F|  |TS  1|AC  0|TAMS 0x00000006cf900000, 0x00000006cf900000|
| 232|0x00000006cfa00000, 0x00000006cfa00000, 0x00000006cfb00000|  0%| F|  |TS  1|AC  0|TAMS 0x00000006cfa00000, 0x00000006cfa00000|
| 233|0x00000006cfb00000, 0x00000006cfb00000, 0x00000006cfc00000|  0%| F|  |TS  1|AC  0|TAMS 0x00000006cfb00000, 0x00000006cfb00000|
| 234|0x00000006cfc00000, 0x00000006cfc00000, 0x00000006cfd00000|  0%| F|  |TS  1|AC  0|TAMS 0x00000006cfc00000, 0x00000006cfc00000|
| 235|0x00000006cfd00000, 0x00000006cfd00000, 0x00000006cfe00000|  0%| F|  |TS  1|AC  0|TAMS 0x00000006cfd00000, 0x00000006cfd00000|
| 236|0x00000006cfe00000, 0x00000006cfe00000, 0x00000006cff00000|  0%| F|  |TS  1|AC  0|TAMS 0x00000006cfe00000, 0x00000006cfe00000|
| 237|0x00000006cff00000, 0x00000006cff00000, 0x00000006d0000000|  0%| F|  |TS  1|AC  0|TAMS 0x00000006cff00000, 0x00000006cff00000|
| 238|0x00000006d0000000, 0x00000006d0000000, 0x00000006d0100000|  0%| F|  |TS  1|AC  0|TAMS 0x00000006d0000000, 0x00000006d0000000|
| 239|0x00000006d0100000, 0x00000006d0100000, 0x00000006d0200000|  0%| F|  |TS  1|AC  0|TAMS 0x00000006d0100000, 0x00000006d0100000|
| 240|0x00000006d0200000, 0x00000006d0200000, 0x00000006d0300000|  0%| F|  |TS  1|AC  0|TAMS 0x00000006d0200000, 0x00000006d0200000|
| 241|0x00000006d0300000, 0x00000006d0300000, 0x00000006d0400000|  0%| F|  |TS  1|AC  0|TAMS 0x00000006d0300000, 0x00000006d0300000|
| 242|0x00000006d0400000, 0x00000006d0400000, 0x00000006d0500000|  0%| F|  |TS  1|AC  0|TAMS 0x00000006d0400000, 0x00000006d0400000|
| 243|0x00000006d0500000, 0x00000006d0500000, 0x00000006d0600000|  0%| F|  |TS  1|AC  0|TAMS 0x00000006d0500000, 0x00000006d0500000|
| 244|0x00000006d0600000, 0x00000006d0600000, 0x00000006d0700000|  0%| F|  |TS  1|AC  0|TAMS 0x00000006d0600000, 0x00000006d0600000|
| 245|0x00000006d0700000, 0x00000006d0700000, 0x00000006d0800000|  0%| F|  |TS  1|AC  0|TAMS 0x00000006d0700000, 0x00000006d0700000|
| 246|0x00000006d0800000, 0x00000006d0800000, 0x00000006d0900000|  0%| F|  |TS  1|AC  0|TAMS 0x00000006d0800000, 0x00000006d0800000|
| 247|0x00000006d0900000, 0x00000006d0900000, 0x00000006d0a00000|  0%| F|  |TS  1|AC  0|TAMS 0x00000006d0900000, 0x00000006d0900000|
| 248|0x00000006d0a00000, 0x00000006d0a00000, 0x00000006d0b00000|  0%| F|  |TS  1|AC  0|TAMS 0x00000006d0a00000, 0x00000006d0a00000|
| 249|0x00000006d0b00000, 0x00000006d0b00000, 0x00000006d0c00000|  0%| F|  |TS  1|AC  0|TAMS 0x00000006d0b00000, 0x00000006d0b00000|
| 250|0x00000006d0c00000, 0x00000006d0c00000, 0x00000006d0d00000|  0%| F|  |TS  1|AC  0|TAMS 0x00000006d0c00000, 0x00000006d0c00000|
| 251|0x00000006d0d00000, 0x00000006d0d4b010, 0x00000006d0e00000| 29%| E|  |TS  1|AC  0|TAMS 0x00000006d0d00000, 0x00000006d0d00000|
| 252|0x00000006d0e00000, 0x00000006d0f00000, 0x00000006d0f00000|100%| E|CS|TS  1|AC  0|TAMS 0x00000006d0e00000, 0x00000006d0e00000|
| 253|0x00000006d0f00000, 0x00000006d1000000, 0x00000006d1000000|100%| E|CS|TS  1|AC  0|TAMS 0x00000006d0f00000, 0x00000006d0f00000|
| 254|0x00000006d1000000, 0x00000006d1100000, 0x00000006d1100000|100%| E|CS|TS  1|AC  0|TAMS 0x00000006d1000000, 0x00000006d1000000|
| 255|0x00000006d1100000, 0x00000006d1200000, 0x00000006d1200000|100%| E|CS|TS  1|AC  0|TAMS 0x00000006d1100000, 0x00000006d1100000|

Card table byte_map: [0x0000021346e50000,0x0000021347650000] byte_map_base: 0x0000021343847000

Marking Bits (Prev, Next): (CMBitMap*) 0x000002134fe58828, (CMBitMap*) 0x000002134fe587f0
 Prev Bits: [0x000002134be10000, 0x000002134fdc8000)
 Next Bits: [0x0000021347e50000, 0x000002134be08000)

Polling page: 0x000002132ddf0000

CodeHeap 'non-profiled nmethods': size=120064Kb used=1561Kb max_used=1561Kb free=118502Kb
 bounds [0x000002133f110000, 0x000002133f380000, 0x0000021346650000]
CodeHeap 'profiled nmethods': size=120000Kb used=7352Kb max_used=7352Kb free=112647Kb
 bounds [0x0000021337be0000, 0x0000021338310000, 0x000002133f110000]
CodeHeap 'non-nmethods': size=5696Kb used=1444Kb max_used=1477Kb free=4251Kb
 bounds [0x0000021337650000, 0x00000213378c0000, 0x0000021337be0000]
 total_blobs=5238 nmethods=3626 adapters=832
 compilation: enabled

Compilation events (10 events):
Event: 182.610 Thread 0x0000021352da9000 nmethod 3606 0x0000021338304b10 code [0x0000021338304ce0, 0x0000021338304f90]
Event: 182.610 Thread 0x0000021352da9000 3607       3       javafx.scene.layout.GridPane$CompositeSize::access$1000 (7 bytes)
Event: 182.610 Thread 0x0000021352da9000 nmethod 3607 0x0000021338305090 code [0x0000021338305240, 0x00000213383053b0]
Event: 182.610 Thread 0x0000021352da9000 3608       3       javafx.scene.layout.GridPane$CompositeSize::setPresetSize (38 bytes)
Event: 182.611 Thread 0x0000021352da9000 nmethod 3608 0x0000021338305490 code [0x0000021338305680, 0x0000021338305a20]
Event: 182.612 Thread 0x0000021352da9000 3609       3       com.sun.javafx.sg.prism.NGDefaultCamera::validate (71 bytes)
Event: 182.612 Thread 0x0000021352da9000 nmethod 3609 0x0000021338305b90 code [0x0000021338305d80, 0x00000213383061b0]
Event: 182.612 Thread 0x0000021352da9000 3610       1       com.sun.scenario.effect.impl.EffectPeer::getRenderState (5 bytes)
Event: 182.612 Thread 0x0000021352da9000 nmethod 3610 0x000002133f294110 code [0x000002133f2942c0, 0x000002133f2943d8]
Event: 182.621 Thread 0x0000021352d45800 nmethod 3604 0x000002133f294490 code [0x000002133f294760, 0x000002133f295058]

GC Heap History (8 events):
Event: 0.570 GC heap before
{Heap before GC invocations=0 (full 0):
 garbage-first heap   total 262144K, used 14336K [0x00000006c1200000, 0x00000007c0000000)
  region size 1024K, 14 young (14336K), 0 survivors (0K)
 Metaspace       used 13668K, capacity 14170K, committed 14464K, reserved 1062912K
  class space    used 1575K, capacity 1800K, committed 1920K, reserved 1048576K
}
Event: 0.574 GC heap after
{Heap after GC invocations=1 (full 0):
 garbage-first heap   total 262144K, used 3748K [0x00000006c1200000, 0x00000007c0000000)
  region size 1024K, 2 young (2048K), 2 survivors (2048K)
 Metaspace       used 13668K, capacity 14170K, committed 14464K, reserved 1062912K
  class space    used 1575K, capacity 1800K, committed 1920K, reserved 1048576K
}
Event: 0.827 GC heap before
{Heap before GC invocations=1 (full 0):
 garbage-first heap   total 262144K, used 13988K [0x00000006c1200000, 0x00000007c0000000)
  region size 1024K, 12 young (12288K), 2 survivors (2048K)
 Metaspace       used 19074K, capacity 19731K, committed 19968K, reserved 1067008K
  class space    used 2496K, capacity 2803K, committed 2816K, reserved 1048576K
}
Event: 0.831 GC heap after
{Heap after GC invocations=2 (full 0):
 garbage-first heap   total 262144K, used 6472K [0x00000006c1200000, 0x00000007c0000000)
  region size 1024K, 2 young (2048K), 2 survivors (2048K)
 Metaspace       used 19074K, capacity 19731K, committed 19968K, reserved 1067008K
  class space    used 2496K, capacity 2803K, committed 2816K, reserved 1048576K
}
Event: 0.902 GC heap before
{Heap before GC invocations=2 (full 0):
 garbage-first heap   total 262144K, used 9544K [0x00000006c1200000, 0x00000007c0000000)
  region size 1024K, 6 young (6144K), 2 survivors (2048K)
 Metaspace       used 20398K, capacity 21120K, committed 21296K, reserved 1067008K
  class space    used 2773K, capacity 3139K, committed 3200K, reserved 1048576K
}
Event: 0.905 GC heap after
{Heap after GC invocations=3 (full 0):
 garbage-first heap   total 262144K, used 7321K [0x00000006c1200000, 0x00000007c0000000)
  region size 1024K, 3 young (3072K), 3 survivors (3072K)
 Metaspace       used 20398K, capacity 21120K, committed 21296K, reserved 1067008K
  class space    used 2773K, capacity 3139K, committed 3200K, reserved 1048576K
}
Event: 182.642 GC heap before
{Heap before GC invocations=4 (full 0):
 garbage-first heap   total 262144K, used 37017K [0x00000006c1200000, 0x00000007c0000000)
  region size 1024K, 30 young (30720K), 3 survivors (3072K)
 Metaspace       used 28267K, capacity 29367K, committed 29696K, reserved 1075200K
  class space    used 3758K, capacity 4269K, committed 4352K, reserved 1048576K
}
Event: 182.650 GC heap after
{Heap after GC invocations=5 (full 0):
 garbage-first heap   total 262144K, used 12475K [0x00000006c1200000, 0x00000007c0000000)
  region size 1024K, 4 young (4096K), 4 survivors (4096K)
 Metaspace       used 28267K, capacity 29367K, committed 29696K, reserved 1075200K
  class space    used 3758K, capacity 4269K, committed 4352K, reserved 1048576K
}

Deoptimization events (10 events):
Event: 177.731 Thread 0x00000213533dd000 Uncommon trap: reason=class_check action=maybe_recompile pc=0x000002133f2126c8 method=com.sun.javafx.css.StyleMap.getCascadingStyles()Ljava/util/Map; @ 77 c2
Event: 177.768 Thread 0x00000213533dd000 Uncommon trap: reason=array_check action=maybe_recompile pc=0x000002133f24ea6c method=javafx.css.SimpleSelector.applies(Ljavafx/css/Styleable;[Ljava/util/Set;I)Z @ 37 c2
Event: 177.769 Thread 0x00000213533dd000 Uncommon trap: reason=array_check action=maybe_recompile pc=0x000002133f24ea6c method=javafx.css.SimpleSelector.applies(Ljavafx/css/Styleable;[Ljava/util/Set;I)Z @ 37 c2
Event: 177.769 Thread 0x00000213533dd000 Uncommon trap: reason=array_check action=maybe_recompile pc=0x000002133f24ea6c method=javafx.css.SimpleSelector.applies(Ljavafx/css/Styleable;[Ljava/util/Set;I)Z @ 37 c2
Event: 177.769 Thread 0x00000213533dd000 Uncommon trap: reason=array_check action=maybe_recompile pc=0x000002133f24ea6c method=javafx.css.SimpleSelector.applies(Ljavafx/css/Styleable;[Ljava/util/Set;I)Z @ 37 c2
Event: 177.796 Thread 0x00000213533dd000 Uncommon trap: reason=unstable_if action=reinterpret pc=0x000002133f1a0d08 method=java.util.concurrent.ConcurrentHashMap.putVal(Ljava/lang/Object;Ljava/lang/Object;Z)Ljava/lang/Object; @ 148 c2
Event: 182.473 Thread 0x00000213533dd000 Uncommon trap: reason=class_check action=maybe_recompile pc=0x000002133f28845c method=javafx.scene.Node.updateLocalToParentTransform()V @ 11 c2
Event: 182.502 Thread 0x00000213533dd000 Uncommon trap: reason=class_check action=maybe_recompile pc=0x000002133f28845c method=javafx.scene.Node.updateLocalToParentTransform()V @ 11 c2
Event: 182.550 Thread 0x00000213533dd000 Uncommon trap: reason=class_check action=maybe_recompile pc=0x000002133f28845c method=javafx.scene.Node.updateLocalToParentTransform()V @ 11 c2
Event: 182.598 Thread 0x00000213533dd000 Uncommon trap: reason=class_check action=maybe_recompile pc=0x000002133f28845c method=javafx.scene.Node.updateLocalToParentTransform()V @ 11 c2

Classes redefined (0 events):
No events

Internal exceptions (10 events):
Event: 11.597 Thread 0x00000213533dd000 Exception <a 'java/lang/reflect/InvocationTargetException'{0x00000006d07d5c80}> (0x00000006d07d5c80) thrown at [t:/workspace/open/src/hotspot/share/runtime/reflection.cpp, line 1222]
Event: 177.685 Thread 0x00000213533dd000 Exception <a 'java/io/FileNotFoundException'{0x00000006d00c97a0}> (0x00000006d00c97a0) thrown at [t:/workspace/open/src/hotspot/share/prims/jni.cpp, line 611]
Event: 177.752 Thread 0x00000213533dd000 Exception <a 'java/lang/NoSuchMethodError'{0x00000006cfde3b90}: method resolution failed> (0x00000006cfde3b90) thrown at [t:/workspace/open/src/hotspot/share/prims/methodHandles.cpp, line 1226]
Event: 180.630 Thread 0x00000213533dd000 Exception <a 'java/lang/NoSuchMethodError'{0x00000006cfadc9f0}: method resolution failed> (0x00000006cfadc9f0) thrown at [t:/workspace/open/src/hotspot/share/prims/methodHandles.cpp, line 1226]
Event: 180.630 Thread 0x00000213533dd000 Exception <a 'java/lang/NoSuchMethodError'{0x00000006cf9060c8}: java.lang.invoke.DirectMethodHandle$Holder.invokeStatic(Ljava/lang/Object;Ljava/lang/Object;IIIIILjava/lang/Object;)Ljava/lang/Object;> (0x00000006cf9060c8) thrown at [t:/workspace/open/src/h
Event: 180.631 Thread 0x00000213533dd000 Exception <a 'java/lang/NoSuchMethodError'{0x00000006cf909960}: method resolution failed> (0x00000006cf909960) thrown at [t:/workspace/open/src/hotspot/share/prims/methodHandles.cpp, line 1226]
Event: 180.631 Thread 0x00000213533dd000 Exception <a 'java/lang/NoSuchMethodError'{0x00000006cf910248}: method resolution failed> (0x00000006cf910248) thrown at [t:/workspace/open/src/hotspot/share/prims/methodHandles.cpp, line 1226]
Event: 180.631 Thread 0x00000213533dd000 Exception <a 'java/lang/NoSuchMethodError'{0x00000006cf917910}: java.lang.invoke.DirectMethodHandle$Holder.invokeStatic(Ljava/lang/Object;Ljava/lang/Object;Ljava/lang/Object;IIIII)Ljava/lang/Object;> (0x00000006cf917910) thrown at [t:/workspace/open/src/h
Event: 180.631 Thread 0x00000213533dd000 Exception <a 'java/lang/NoSuchMethodError'{0x00000006cf91b0b0}: method resolution failed> (0x00000006cf91b0b0) thrown at [t:/workspace/open/src/hotspot/share/prims/methodHandles.cpp, line 1226]
Event: 182.465 Thread 0x00000213533dd000 Exception <a 'java/lang/NoSuchMethodError'{0x00000006cf996e40}: java.lang.invoke.DirectMethodHandle$Holder.invokeSpecial(Ljava/lang/Object;Ljava/lang/Object;I)V> (0x00000006cf996e40) thrown at [t:/workspace/open/src/hotspot/share/interpreter/linkResolver.

Events (10 events):
Event: 182.550 Thread 0x00000213533dd000 Uncommon trap: trap_request=0xffffffde fr.pc=0x000002133f28845c relative=0x000000000000057c
Event: 182.550 Thread 0x00000213533dd000 DEOPT PACKING pc=0x000002133f28845c sp=0x0000009ac59f9440
Event: 182.550 Thread 0x00000213533dd000 DEOPT UNPACKING pc=0x0000021337678aaf sp=0x0000009ac59f93d0 mode 2
Event: 182.598 Thread 0x00000213533dd000 Uncommon trap: trap_request=0xffffffde fr.pc=0x000002133f28845c relative=0x000000000000057c
Event: 182.598 Thread 0x00000213533dd000 DEOPT PACKING pc=0x000002133f28845c sp=0x0000009ac59f9440
Event: 182.598 Thread 0x00000213533dd000 DEOPT UNPACKING pc=0x0000021337678aaf sp=0x0000009ac59f93d0 mode 2
Event: 182.642 Executing VM operation: G1IncCollectionPause
Event: 182.650 Executing VM operation: G1IncCollectionPause done
Event: 182.650 Executing VM operation: RevokeBias
Event: 182.650 Executing VM operation: RevokeBias done


Dynamic libraries:
0x00007ff6b3c00000 - 0x00007ff6b3c3e000 	C:\Program Files\Java\jre-10.0.2\bin\javaw.exe
0x00007ffbd67b0000 - 0x00007ffbd6991000 	C:\WINDOWS\SYSTEM32\ntdll.dll
0x00007ffbd6470000 - 0x00007ffbd6522000 	C:\WINDOWS\System32\KERNEL32.DLL
0x00007ffbd2d00000 - 0x00007ffbd2f73000 	C:\WINDOWS\System32\KERNELBASE.dll
0x000000006d240000 - 0x000000006d55b000 	C:\ProgramData\Symantec\Symantec Endpoint Protection\14.2.760.0000.105\Data\Definitions\IPSDefs\20181026.061\IPSEng64.dll
0x00007ffbd5cd0000 - 0x00007ffbd5d71000 	C:\WINDOWS\System32\ADVAPI32.dll
0x00007ffbd5a00000 - 0x00007ffbd5a9e000 	C:\WINDOWS\System32\msvcrt.dll
0x00007ffbd6720000 - 0x00007ffbd677b000 	C:\WINDOWS\System32\sechost.dll
0x00007ffbd6230000 - 0x00007ffbd6354000 	C:\WINDOWS\System32\RPCRT4.dll
0x00007ffbd56c0000 - 0x00007ffbd56c8000 	C:\WINDOWS\System32\PSAPI.DLL
0x00007ffbd3ea0000 - 0x00007ffbd4030000 	C:\WINDOWS\System32\USER32.dll
0x00007ffbd3c00000 - 0x00007ffbd3c20000 	C:\WINDOWS\System32\win32u.dll
0x00007ffbd66f0000 - 0x00007ffbd6718000 	C:\WINDOWS\System32\GDI32.dll
0x00007ffbd3790000 - 0x00007ffbd3922000 	C:\WINDOWS\System32\gdi32full.dll
0x00007ffbd2c60000 - 0x00007ffbd2cff000 	C:\WINDOWS\System32\msvcp_win.dll
0x00007ffbd2f80000 - 0x00007ffbd307a000 	C:\WINDOWS\System32\ucrtbase.dll
0x00007ffbc0040000 - 0x00007ffbc02a9000 	C:\WINDOWS\WinSxS\amd64_microsoft.windows.common-controls_6595b64144ccf1df_6.0.17134.285_none_fb4297e330656775\COMCTL32.dll
0x00007ffbd56d0000 - 0x00007ffbd59f3000 	C:\WINDOWS\System32\combase.dll
0x00007ffbcd650000 - 0x00007ffbcd65a000 	C:\WINDOWS\SYSTEM32\VERSION.dll
0x00007ffbd3b80000 - 0x00007ffbd3bfa000 	C:\WINDOWS\System32\bcryptPrimitives.dll
0x00007ffbd6650000 - 0x00007ffbd667d000 	C:\WINDOWS\System32\IMM32.DLL
0x00007ffba9380000 - 0x00007ffba946f000 	C:\Program Files\Java\jre-10.0.2\bin\msvcr120.dll
0x00007ffba92d0000 - 0x00007ffba9376000 	C:\Program Files\Java\jre-10.0.2\bin\msvcp120.dll
0x000000006c7d0000 - 0x000000006d240000 	C:\Program Files\Java\jre-10.0.2\bin\server\jvm.dll
0x00007ffbc0d80000 - 0x00007ffbc0d89000 	C:\WINDOWS\SYSTEM32\WSOCK32.dll
0x00007ffbd6680000 - 0x00007ffbd66ec000 	C:\WINDOWS\System32\WS2_32.dll
0x00007ffbd0d30000 - 0x00007ffbd0d53000 	C:\WINDOWS\SYSTEM32\WINMM.dll
0x00007ffbd0d00000 - 0x00007ffbd0d2a000 	C:\WINDOWS\SYSTEM32\WINMMBASE.dll
0x00007ffbd2c10000 - 0x00007ffbd2c59000 	C:\WINDOWS\System32\cfgmgr32.dll
0x00007ffbcf6c0000 - 0x00007ffbcf6cf000 	C:\Program Files\Java\jre-10.0.2\bin\verify.dll
0x00007ffbbf070000 - 0x00007ffbbf239000 	C:\WINDOWS\SYSTEM32\DBGHELP.DLL
0x00007ffbbd7c0000 - 0x00007ffbbd7e9000 	C:\WINDOWS\SYSTEM32\dbgcore.DLL
0x00007ffbc4c40000 - 0x00007ffbc4c67000 	C:\Program Files\Java\jre-10.0.2\bin\java.dll
0x00007ffbc95c0000 - 0x00007ffbc95d6000 	C:\Program Files\Java\jre-10.0.2\bin\zip.dll
0x00007ffbc4c30000 - 0x00007ffbc4c3a000 	C:\Program Files\Java\jre-10.0.2\bin\jimage.dll
0x00007ffbd41d0000 - 0x00007ffbd5610000 	C:\WINDOWS\System32\SHELL32.dll
0x00007ffbd5610000 - 0x00007ffbd56b9000 	C:\WINDOWS\System32\shcore.dll
0x00007ffbd3080000 - 0x00007ffbd378d000 	C:\WINDOWS\System32\windows.storage.dll
0x00007ffbd3e30000 - 0x00007ffbd3e81000 	C:\WINDOWS\System32\shlwapi.dll
0x00007ffbd2b40000 - 0x00007ffbd2b51000 	C:\WINDOWS\System32\kernel.appcore.dll
0x00007ffbd2aa0000 - 0x00007ffbd2abf000 	C:\WINDOWS\System32\profapi.dll
0x00007ffbd2ac0000 - 0x00007ffbd2b0c000 	C:\WINDOWS\System32\powrprof.dll
0x00007ffbd2b10000 - 0x00007ffbd2b1a000 	C:\WINDOWS\System32\FLTLIB.DLL
0x000002132de50000 - 0x000002132de53000 	C:\Program Files\Java\jre-10.0.2\bin\api-ms-win-core-console-l1-1-0.dll
0x000002132de60000 - 0x000002132de63000 	C:\Program Files\Java\jre-10.0.2\bin\api-ms-win-core-datetime-l1-1-0.dll
0x000002132de70000 - 0x000002132de73000 	C:\Program Files\Java\jre-10.0.2\bin\api-ms-win-core-debug-l1-1-0.dll
0x000002132de80000 - 0x000002132de83000 	C:\Program Files\Java\jre-10.0.2\bin\api-ms-win-core-errorhandling-l1-1-0.dll
0x000002132de90000 - 0x000002132de94000 	C:\Program Files\Java\jre-10.0.2\bin\api-ms-win-core-file-l1-1-0.dll
0x000002132dea0000 - 0x000002132dea3000 	C:\Program Files\Java\jre-10.0.2\bin\api-ms-win-core-file-l1-2-0.dll
0x000002132deb0000 - 0x000002132deb3000 	C:\Program Files\Java\jre-10.0.2\bin\api-ms-win-core-file-l2-1-0.dll
0x000002132dec0000 - 0x000002132dec3000 	C:\Program Files\Java\jre-10.0.2\bin\api-ms-win-core-handle-l1-1-0.dll
0x000002132fda0000 - 0x000002132fda3000 	C:\Program Files\Java\jre-10.0.2\bin\api-ms-win-core-heap-l1-1-0.dll
0x000002132fdb0000 - 0x000002132fdb3000 	C:\Program Files\Java\jre-10.0.2\bin\api-ms-win-core-interlocked-l1-1-0.dll
0x000002132fdc0000 - 0x000002132fdc3000 	C:\Program Files\Java\jre-10.0.2\bin\api-ms-win-core-libraryloader-l1-1-0.dll
0x000002132fdd0000 - 0x000002132fdd3000 	C:\Program Files\Java\jre-10.0.2\bin\api-ms-win-core-localization-l1-2-0.dll
0x000002132fde0000 - 0x000002132fde3000 	C:\Program Files\Java\jre-10.0.2\bin\api-ms-win-core-memory-l1-1-0.dll
0x000002132fdf0000 - 0x000002132fdf3000 	C:\Program Files\Java\jre-10.0.2\bin\api-ms-win-core-namedpipe-l1-1-0.dll
0x000002132fe00000 - 0x000002132fe03000 	C:\Program Files\Java\jre-10.0.2\bin\api-ms-win-core-processenvironment-l1-1-0.dll
0x000002132fe10000 - 0x000002132fe13000 	C:\Program Files\Java\jre-10.0.2\bin\api-ms-win-core-processthreads-l1-1-0.dll
0x000002132fe20000 - 0x000002132fe23000 	C:\Program Files\Java\jre-10.0.2\bin\api-ms-win-core-processthreads-l1-1-1.dll
0x000002132fe30000 - 0x000002132fe33000 	C:\Program Files\Java\jre-10.0.2\bin\api-ms-win-core-profile-l1-1-0.dll
0x000002132fe40000 - 0x000002132fe43000 	C:\Program Files\Java\jre-10.0.2\bin\api-ms-win-core-rtlsupport-l1-1-0.dll
0x000002132fe50000 - 0x000002132fe53000 	C:\Program Files\Java\jre-10.0.2\bin\api-ms-win-core-string-l1-1-0.dll
0x000002132fe60000 - 0x000002132fe63000 	C:\Program Files\Java\jre-10.0.2\bin\api-ms-win-core-synch-l1-1-0.dll
0x000002132fe70000 - 0x000002132fe73000 	C:\Program Files\Java\jre-10.0.2\bin\api-ms-win-core-synch-l1-2-0.dll
0x0000021353900000 - 0x0000021353903000 	C:\Program Files\Java\jre-10.0.2\bin\api-ms-win-core-sysinfo-l1-1-0.dll
0x0000021353910000 - 0x0000021353913000 	C:\Program Files\Java\jre-10.0.2\bin\api-ms-win-core-timezone-l1-1-0.dll
0x0000021353920000 - 0x0000021353923000 	C:\Program Files\Java\jre-10.0.2\bin\api-ms-win-core-util-l1-1-0.dll
0x0000021353930000 - 0x0000021353933000 	C:\Program Files\Java\jre-10.0.2\bin\api-ms-win-crt-conio-l1-1-0.dll
0x0000021353940000 - 0x0000021353944000 	C:\Program Files\Java\jre-10.0.2\bin\api-ms-win-crt-convert-l1-1-0.dll
0x0000021353950000 - 0x0000021353953000 	C:\Program Files\Java\jre-10.0.2\bin\api-ms-win-crt-environment-l1-1-0.dll
0x0000021353960000 - 0x0000021353963000 	C:\Program Files\Java\jre-10.0.2\bin\api-ms-win-crt-filesystem-l1-1-0.dll
0x0000021353970000 - 0x0000021353973000 	C:\Program Files\Java\jre-10.0.2\bin\api-ms-win-crt-heap-l1-1-0.dll
0x0000021353980000 - 0x0000021353983000 	C:\Program Files\Java\jre-10.0.2\bin\api-ms-win-crt-locale-l1-1-0.dll
0x0000021353990000 - 0x0000021353995000 	C:\Program Files\Java\jre-10.0.2\bin\api-ms-win-crt-math-l1-1-0.dll
0x00000213539a0000 - 0x00000213539a5000 	C:\Program Files\Java\jre-10.0.2\bin\api-ms-win-crt-multibyte-l1-1-0.dll
0x00000213539b0000 - 0x00000213539c0000 	C:\Program Files\Java\jre-10.0.2\bin\api-ms-win-crt-private-l1-1-0.dll
0x00000213539c0000 - 0x00000213539c3000 	C:\Program Files\Java\jre-10.0.2\bin\api-ms-win-crt-process-l1-1-0.dll
0x00000213539d0000 - 0x00000213539d4000 	C:\Program Files\Java\jre-10.0.2\bin\api-ms-win-crt-runtime-l1-1-0.dll
0x00000213539e0000 - 0x00000213539e4000 	C:\Program Files\Java\jre-10.0.2\bin\api-ms-win-crt-stdio-l1-1-0.dll
0x00000213539f0000 - 0x00000213539f4000 	C:\Program Files\Java\jre-10.0.2\bin\api-ms-win-crt-string-l1-1-0.dll
0x0000021353a00000 - 0x0000021353a03000 	C:\Program Files\Java\jre-10.0.2\bin\api-ms-win-crt-time-l1-1-0.dll
0x0000021353a10000 - 0x0000021353a13000 	C:\Program Files\Java\jre-10.0.2\bin\api-ms-win-crt-utility-l1-1-0.dll
0x00007ffba91d0000 - 0x00007ffba92c6000 	C:\Program Files\Java\jre-10.0.2\bin\ucrtbase.dll
0x00007ffbc2b90000 - 0x00007ffbc2ba6000 	C:\Program Files\Java\jre-10.0.2\bin\vcruntime140.dll
0x00007ffba9f40000 - 0x00007ffba9fdc000 	C:\Program Files\Java\jre-10.0.2\bin\msvcp140.dll
0x00007ffbaace0000 - 0x00007ffbaad31000 	C:\Program Files\Java\jre-10.0.2\bin\concrt140.dll
0x00007ffbc2b60000 - 0x00007ffbc2b83000 	C:\Program Files\Java\jre-10.0.2\bin\prism_d3d.dll
0x00007ffba8c40000 - 0x00007ffba8dd7000 	C:\WINDOWS\system32\d3d9.dll
0x00007ffbd1230000 - 0x00007ffbd1259000 	C:\WINDOWS\SYSTEM32\dwmapi.dll
0x00007ffbd1150000 - 0x00007ffbd11e8000 	C:\WINDOWS\system32\uxtheme.dll
0x00007ffbcaf90000 - 0x00007ffbcb07a000 	C:\WINDOWS\System32\DriverStore\FileRepository\nvdw.inf_amd64_3e99a8f1974383f2\nvldumdx.dll
0x00007ffbd3990000 - 0x00007ffbd3b72000 	C:\WINDOWS\System32\crypt32.dll
0x00007ffbd2b20000 - 0x00007ffbd2b32000 	C:\WINDOWS\System32\MSASN1.dll
0x00007ffbd3930000 - 0x00007ffbd3987000 	C:\WINDOWS\System32\WINTRUST.DLL
0x00007ffbd6530000 - 0x00007ffbd654d000 	C:\WINDOWS\System32\imagehlp.dll
0x00007ffbd24e0000 - 0x00007ffbd24f7000 	C:\WINDOWS\SYSTEM32\CRYPTSP.dll
0x00007ffbd1ea0000 - 0x00007ffbd1ed3000 	C:\WINDOWS\system32\rsaenh.dll
0x00007ffbd2600000 - 0x00007ffbd2625000 	C:\WINDOWS\SYSTEM32\bcrypt.dll
0x00007ffbd24d0000 - 0x00007ffbd24db000 	C:\WINDOWS\SYSTEM32\CRYPTBASE.dll
0x00007ffb9a700000 - 0x00007ffb9b8d6000 	C:\WINDOWS\System32\DriverStore\FileRepository\nvdw.inf_amd64_3e99a8f1974383f2\nvd3dumx.dll
0x00007ffba9e40000 - 0x00007ffba9e8a000 	C:\Program Files\Java\jre-10.0.2\bin\glass.dll
0x00007ffbd6360000 - 0x00007ffbd644d000 	C:\WINDOWS\System32\COMDLG32.dll
0x00007ffbd5b70000 - 0x00007ffbd5cc1000 	C:\WINDOWS\System32\ole32.dll
0x00007ffbd5aa0000 - 0x00007ffbd5b62000 	C:\WINDOWS\System32\OLEAUT32.dll
0x00007ffbd3c20000 - 0x00007ffbd3d95000 	C:\WINDOWS\System32\MSCTF.dll
0x00007ffbc94b0000 - 0x00007ffbc94c2000 	C:\WINDOWS\SysWOW64\LskHook64.dll
0x00007ffbba410000 - 0x00007ffbba42a000 	C:\Program Files\Java\jre-10.0.2\bin\net.dll
0x00007ffbce340000 - 0x00007ffbce41c000 	C:\WINDOWS\SYSTEM32\WINHTTP.dll
0x00007ffbd22c0000 - 0x00007ffbd2326000 	C:\WINDOWS\system32\mswsock.dll
0x00007ffbb96a0000 - 0x00007ffbb96b1000 	C:\Program Files\Java\jre-10.0.2\bin\nio.dll
0x00007ffb84d10000 - 0x00007ffb87a6a000 	C:\CSC\opencv\build\java\x64\opencv_java342.dll
0x00007ffbb3ad0000 - 0x00007ffbb3af9000 	C:\WINDOWS\SYSTEM32\MSVFW32.dll
0x00007ffbb7970000 - 0x00007ffbb798f000 	C:\WINDOWS\SYSTEM32\AVIFIL32.dll
0x00007ffbb7700000 - 0x00007ffbb7718000 	C:\WINDOWS\SYSTEM32\AVICAP32.dll
0x00007ffbb8410000 - 0x00007ffbb85eb000 	C:\WINDOWS\SYSTEM32\MFPlat.DLL
0x00007ffbaa1a0000 - 0x00007ffbaa21b000 	C:\WINDOWS\SYSTEM32\MF.dll
0x00007ffba2d40000 - 0x00007ffba2e38000 	C:\WINDOWS\SYSTEM32\MFReadWrite.dll
0x00007ffbcfbe0000 - 0x00007ffbcfeeb000 	C:\WINDOWS\SYSTEM32\d3d11.dll
0x00007ffbb6df0000 - 0x00007ffbb6e0c000 	C:\WINDOWS\SYSTEM32\MSACM32.dll
0x00007ffbd1860000 - 0x00007ffbd191b000 	C:\WINDOWS\SYSTEM32\dxgi.dll
0x00007ffba9470000 - 0x00007ffba989e000 	C:\WINDOWS\SYSTEM32\MFCORE.DLL
0x00007ffbce600000 - 0x00007ffbce609000 	C:\WINDOWS\SYSTEM32\ksuser.dll
0x00007ffbc4a30000 - 0x00007ffbc4a5e000 	C:\WINDOWS\SYSTEM32\RTWorkQ.DLL
0x00007ffbb1a30000 - 0x00007ffbb1a44000 	C:\Program Files\Java\jre-10.0.2\bin\javafx_font.dll
0x00007ffb9a560000 - 0x00007ffb9a6fb000 	C:\Program Files\Java\jre-10.0.2\bin\awt.dll
0x00007ffbcff90000 - 0x00007ffbd0557000 	C:\WINDOWS\SYSTEM32\d2d1.dll
0x00007ffbd0e20000 - 0x00007ffbd0eab000 	C:\WINDOWS\SYSTEM32\apphelp.dll

dbghelp: loaded successfully - version: 4.0.5 - missing functions: none
symbol engine: initialized successfully - sym options: 0x614 - pdb path: .;C:\Program Files\Java\jre-10.0.2\bin;C:\WINDOWS\SYSTEM32;C:\ProgramData\Symantec\Symantec Endpoint Protection\14.2.760.0000.105\Data\Definitions\IPSDefs\20181026.061;C:\WINDOWS\WinSxS\amd64_microsoft.windows.common-controls_6595b64144ccf1df_6.0.17134.285_none_fb4297e330656775;C:\Program Files\Java\jre-10.0.2\bin\server;C:\WINDOWS\System32\DriverStore\FileRepository\nvdw.inf_amd64_3e99a8f1974383f2;C:\WINDOWS\SysWOW64;C:\CSC\opencv\build\java\x64;C:\Program Files\Common Files\Microsoft Shared\Ink;C:\PROGRA~1\MICROS~1\Office16;C:\PROGRA~1\MICROS~1\Office16\1033;C:\PROGRA~1\MICROS~1\Office14;C:\WINDOWS\WinSxS\amd64_microsoft.vc90.crt_1fc8b3b9a1e18e3b_9.0.30729.9415_none_08e0c10ba840a28a;C:\WINDOWS\WinSxS\amd64_microsoft.vc90.atl_1fc8b3b9a1e18e3b_9.0.30729.4148_none_0a1d2fcba76b3f00;C:\PROGRA~1\COMMON~1\MICROS~1\OFFICE14\Cultures;C:\PROGRA~1\MICROS~1\Office14\1033

VM Arguments:
jvm_args: -Djava.library.path=C:\Users\Minh\Downloads\Programs\opencv;C:\CSC\opencv\build\java\x64 -Dfile.encoding=Cp1252 
java_command: application.Main
java_class_path (initial): H:\git\JaegerRepo\ProjectJaeger\bin;C:\CSC\opencv\build\java\opencv-342.jar;C:\CSC\eclipse\plugins\org.junit.jupiter.api_5.1.0.v20180327-1502.jar;C:\CSC\eclipse\plugins\org.junit.jupiter.engine_5.1.0.v20180327-1502.jar;C:\CSC\eclipse\plugins\org.junit.jupiter.migrationsupport_5.1.0.v20180327-1502.jar;C:\CSC\eclipse\plugins\org.junit.jupiter.params_5.1.0.v20180327-1502.jar;C:\CSC\eclipse\plugins\org.junit.platform.commons_1.1.0.v20180327-1502.jar;C:\CSC\eclipse\plugins\org.junit.platform.engine_1.1.0.v20180327-1502.jar;C:\CSC\eclipse\plugins\org.junit.platform.launcher_1.1.0.v20180327-1502.jar;C:\CSC\eclipse\plugins\org.junit.platform.runner_1.1.0.v20180327-1502.jar;C:\CSC\eclipse\plugins\org.junit.platform.suite.api_1.1.0.v20180327-1502.jar;C:\CSC\eclipse\plugins\org.junit.vintage.engine_5.1.0.v20180327-1502.jar;C:\CSC\eclipse\plugins\org.opentest4j_1.0.0.v20180327-1502.jar;C:\CSC\eclipse\plugins\org.apiguardian_1.0.0.v20180327-1502.jar;C:\CSC\eclipse\plugins\org.junit_4.12.0.v201504281640\junit.jar;C:\CSC\eclipse\plugins\org.hamcrest.core_1.3.0.v20180420-1519.jar;H:\git\JaegerRepo\ProjectJaeger\gson-2.8.5.jar
Launcher Type: SUN_STANDARD

Logging:
Log output configuration:
#0: stdout all=warning uptime,level,tags
#1: stderr all=off uptime,level,tags

Environment Variables:
PATH=C:\Program Files (x86)\Common Files\Oracle\Java\javapath;C:\Program Files (x86)\AMD APP\bin\x86_64;C:\Program Files (x86)\AMD APP\bin\x86;C:\Program Files (x86)\Intel\iCLS Client\;C:\Program Files\Intel\iCLS Client\;C:\WINDOWS\system32;C:\WINDOWS;C:\WINDOWS\System32\Wbem;C:\WINDOWS\System32\WindowsPowerShell\v1.0\;C:\Program Files\leJOS EV3\bin;C:\Anaconda3;C:\Anaconda3\Scripts;C:\Anaconda3\Library\bin;C:\Program Files\MiKTeX 2.9\miktex\bin\x64\;C:\WINDOWS\System32\OpenSSH\;C:\Program Files\Git\cmd;C:\Users\tuannguyen17\AppData\Local\Microsoft\WindowsApps;
USERNAME=tuannguyen17
OS=Windows_NT
PROCESSOR_IDENTIFIER=Intel64 Family 6 Model 94 Stepping 3, GenuineIntel



---------------  S Y S T E M  ---------------

OS: Windows 10 , 64 bit Build 17134 (10.0.17134.1)

CPU:total 4 (initial active 4) (4 cores per cpu, 1 threads per core) family 6 model 94 stepping 3, cmov, cx8, fxsr, mmx, sse, sse2, sse3, ssse3, sse4.1, sse4.2, popcnt, avx, avx2, aes, clmul, erms, rtm, 3dnowpref, lzcnt, tsc, tscinvbit, bmi1, bmi2, adx, fma

Memory: 4k page, physical 16699076k(11836380k free), swap 33476292k(26463336k free)

vm_info: Java HotSpot(TM) 64-Bit Server VM (10.0.2+13) for windows-amd64 JRE (10.0.2+13), built on Jun 28 2018 01:57:56 by "mach5one" with MS VC++ 12.0 (VS2013)

END.
