#
# A fatal error has been detected by the Java Runtime Environment:
#
#  EXCEPTION_ACCESS_VIOLATION (0xc0000005) at pc=0x00007ffb86330335, pid=1344, tid=13248
#
# JRE version: Java(TM) SE Runtime Environment (10.0.2+13) (build 10.0.2+13)
# Java VM: Java HotSpot(TM) 64-Bit Server VM (10.0.2+13, mixed mode, tiered, compressed oops, g1 gc, windows-amd64)
# Problematic frame:
# C  [opencv_java342.dll+0x1620335]
#
# No core dump will be written. Minidumps are not enabled by default on client versions of Windows
#
# If you would like to submit a bug report, please visit:
#   http://bugreport.java.com/bugreport/crash.jsp
# The crash happened outside the Java Virtual Machine in native code.
# See problematic frame for where to report the bug.
#

---------------  S U M M A R Y ------------

Command Line: -Djava.library.path=C:\Users\Minh\Downloads\Programs\opencv;C:\CSC\opencv\build\java\x64 -Dfile.encoding=Cp1252 application.Main

Host: Intel(R) Core(TM) i5-6600 CPU @ 3.30GHz, 4 cores, 15G,  Windows 10 , 64 bit Build 17134 (10.0.17134.1)
Time: Sun Oct 28 16:16:00 2018 Central Daylight Time elapsed time: 165 seconds (0d 0h 2m 45s)

---------------  T H R E A D  ---------------

Current thread (0x000001feafa26800):  JavaThread "Finalizer" daemon [_thread_in_native, id=13248, stack(0x0000007ccee00000,0x0000007ccef00000)]

Stack: [0x0000007ccee00000,0x0000007ccef00000],  sp=0x0000007cceeff1c8,  free space=1020k
Native frames: (J=compiled Java code, j=interpreted, Vv=VM code, C=native code)
C  [opencv_java342.dll+0x1620335]

Java frames: (J=compiled Java code, j=interpreted, Vv=VM code)
j  org.opencv.videoio.VideoCapture.delete(J)V+0
j  org.opencv.videoio.VideoCapture.finalize()V+4
j  java.lang.System$2.invokeFinalize(Ljava/lang/Object;)V+1 java.base@10.0.2
j  java.lang.ref.Finalizer.runFinalizer(Ljdk/internal/misc/JavaLangAccess;)V+46 java.base@10.0.2
j  java.lang.ref.Finalizer.access$100(Ljava/lang/ref/Finalizer;Ljdk/internal/misc/JavaLangAccess;)V+2 java.base@10.0.2
j  java.lang.ref.Finalizer$FinalizerThread.run()V+46 java.base@10.0.2
v  ~StubRoutines::call_stub

siginfo: EXCEPTION_ACCESS_VIOLATION (0xc0000005), reading address 0x000002401cbd1880


Register to memory mapping:

RIP=0x00007ffb86330335 opencv_java342.dll
RAX=0x00007ffb86330330 opencv_java342.dll
RBX={method} {0x000001febc575418} 'delete' '(J)V' in 'org/opencv/videoio/VideoCapture'
RCX=0x000001feafa26a70 is an unknown value
RDX=0x0000007cceeff260 is pointing into the stack for thread: 0x000001feafa26800
RSP=0x0000007cceeff1c8 is pointing into the stack for thread: 0x000001feafa26800
RBP=0x0000007cceeff250 is pointing into the stack for thread: 0x000001feafa26800
RSI=0x000001feb8413560 is pointing into metadata
RDI=0x000001fe94359e80 is at code_begin+1664 in an Interpreter codelet
invoke return entry points  [0x000001fe94359800, 0x000001fe9435a1e0]  2528 bytes
R8 =0x000002401cbd1880 is an unknown value
R9 =0x000001feafa0d300 is an unknown value
R10=0x000001fe9435f2e8 is at code_begin+1000 in an Interpreter codelet
method entry point (kind = native)  [0x000001fe9435ef00, 0x000001fe9435fa60]  2912 bytes
R11=0x00000006cf40a158 is an oop
java.lang.Class 
{0x00000006cf40a158} - klass: 'java/lang/Class'
R12=0x0000000000000000 is an unknown value
R13={method} {0x000001febc575418} 'delete' '(J)V' in 'org/opencv/videoio/VideoCapture'
R14=0x0000007cceeff278 is pointing into the stack for thread: 0x000001feafa26800
R15=0x000001feafa26800 is a thread


Registers:
RAX=0x00007ffb86330330, RBX=0x000001febc575410, RCX=0x000001feafa26a70, RDX=0x0000007cceeff260
RSP=0x0000007cceeff1c8, RBP=0x0000007cceeff250, RSI=0x000001feb8413560, RDI=0x000001fe94359e80
R8 =0x000002401cbd1880, R9 =0x000001feafa0d300, R10=0x000001fe9435f2e8, R11=0x00000006cf40a158
R12=0x0000000000000000, R13=0x000001febc575410, R14=0x0000007cceeff278, R15=0x000001feafa26800
RIP=0x00007ffb86330335, EFLAGS=0x0000000000010202

Top of Stack: (sp=0x0000007cceeff1c8)
0x0000007cceeff1c8:   000001fe9435f317 000001fe94359e80
0x0000007cceeff1d8:   000001fe9435f012 000001febc575410
0x0000007cceeff1e8:   0000007cceeff250 000001feb8413560
0x0000007cceeff1f8:   000001feb8413560 000001fe9435efb6
0x0000007cceeff208:   0000007cceeff208 000001febc575410
0x0000007cceeff218:   0000007cceeff278 000001febc575808
0x0000007cceeff228:   0000000000000000 00000006cf40a158
0x0000007cceeff238:   000001febc575410 0000000000000000
0x0000007cceeff248:   0000007cceeff270 0000007cceeff2c8
0x0000007cceeff258:   000001fe9435a103 00000006cf40a158
0x0000007cceeff268:   000001fe9435c258 000002401cbd1880
0x0000007cceeff278:   0000000000000000 0000007cceeff280
0x0000007cceeff288:   000001febc574964 0000007cceeff2d8
0x0000007cceeff298:   000001febc575808 0000000000000000
0x0000007cceeff2a8:   00000006cf40a158 000001febc574980
0x0000007cceeff2b8:   0000007cceeff270 0000007cceeff2d8 

Instructions: (pc=0x00007ffb86330335)
0x00007ffb86330315:   09 48 8b c8 e8 82 11 65 00 90 eb 02 33 c0 48 83
0x00007ffb86330325:   c4 38 c3 cc cc cc cc cc cc cc cc 4d 85 c0 74 0e
0x00007ffb86330335:   49 8b 00 ba 01 00 00 00 49 8b c8 48 ff 20 c3 cc
0x00007ffb86330345:   cc cc cc cc cc cc cc cc cc cc cc 48 89 4c 24 08 



---------------  P R O C E S S  ---------------

Threads class SMR info:
_java_thread_list=0x000001feba592b20, length=19, elements={
0x000001fe8cbf9800, 0x000001feafa13000, 0x000001feafa26800, 0x000001feafa41000,
0x000001feafa43000, 0x000001feafa44000, 0x000001feafa48000, 0x000001feafa4c800,
0x000001feafab2000, 0x000001feafbd9000, 0x000001feafbe0000, 0x000001feb006a800,
0x000001feb0230000, 0x000001feb0cd4800, 0x000001feb14d3000, 0x000001feafbdc000,
0x000001feb1141000, 0x000001feb0052800, 0x000001feba5bc800
}

Java Threads: ( => current thread )
  0x000001fe8cbf9800 JavaThread "main" [_thread_blocked, id=5200, stack(0x0000007cce000000,0x0000007cce100000)]
  0x000001feafa13000 JavaThread "Reference Handler" daemon [_thread_blocked, id=11044, stack(0x0000007cced00000,0x0000007ccee00000)]
=>0x000001feafa26800 JavaThread "Finalizer" daemon [_thread_in_native, id=13248, stack(0x0000007ccee00000,0x0000007ccef00000)]
  0x000001feafa41000 JavaThread "Signal Dispatcher" daemon [_thread_blocked, id=9988, stack(0x0000007ccef00000,0x0000007ccf000000)]
  0x000001feafa43000 JavaThread "Attach Listener" daemon [_thread_blocked, id=10980, stack(0x0000007ccf000000,0x0000007ccf100000)]
  0x000001feafa44000 JavaThread "C2 CompilerThread0" daemon [_thread_in_native, id=6072, stack(0x0000007ccf100000,0x0000007ccf200000)]
  0x000001feafa48000 JavaThread "C2 CompilerThread1" daemon [_thread_in_native, id=8460, stack(0x0000007ccf200000,0x0000007ccf300000)]
  0x000001feafa4c800 JavaThread "C1 CompilerThread2" daemon [_thread_blocked, id=6292, stack(0x0000007ccf300000,0x0000007ccf400000)]
  0x000001feafab2000 JavaThread "Sweeper thread" daemon [_thread_blocked, id=4080, stack(0x0000007ccf400000,0x0000007ccf500000)]
  0x000001feafbd9000 JavaThread "Service Thread" daemon [_thread_blocked, id=3068, stack(0x0000007ccf500000,0x0000007ccf600000)]
  0x000001feafbe0000 JavaThread "Common-Cleaner" daemon [_thread_blocked, id=10580, stack(0x0000007ccf600000,0x0000007ccf700000)]
  0x000001feb006a800 JavaThread "QuantumRenderer-0" daemon [_thread_blocked, id=11040, stack(0x0000007ccf800000,0x0000007ccf900000)]
  0x000001feb0230000 JavaThread "InvokeLaterDispatcher" daemon [_thread_blocked, id=8304, stack(0x0000007ccfa00000,0x0000007ccfb00000)]
  0x000001feb0cd4800 JavaThread "JavaFX Application Thread" [_thread_in_native, id=5668, stack(0x0000007ccfb00000,0x0000007ccfc00000)]
  0x000001feb14d3000 JavaThread "Thread-1" daemon [_thread_in_native, id=13576, stack(0x0000007ccfc00000,0x0000007ccfd00000)]
  0x000001feafbdc000 JavaThread "JavaFX-Launcher" [_thread_blocked, id=9080, stack(0x0000007ccfd00000,0x0000007ccfe00000)]
  0x000001feb1141000 JavaThread "Java2D Disposer" daemon [_thread_blocked, id=8980, stack(0x0000007ccfe00000,0x0000007ccff00000)]
  0x000001feb0052800 JavaThread "Prism Font Disposer" daemon [_thread_blocked, id=9900, stack(0x0000007ccff00000,0x0000007cd0000000)]
  0x000001feba5bc800 JavaThread "Cleaner-0" daemon [_thread_blocked, id=2408, stack(0x0000007cd0400000,0x0000007cd0500000)]

Other Threads:
  0x000001feaccce800 VMThread "VM Thread" [stack: 0x0000007ccec00000,0x0000007cced00000] [id=9496]
  0x000001feafbea800 WatcherThread [stack: 0x0000007ccf700000,0x0000007ccf800000] [id=12024]
  0x000001fe8cc10000 GCTaskThread "GC Thread#0" [stack: 0x0000007cce100000,0x0000007cce200000] [id=10292]
  0x000001fe8cc11800 GCTaskThread "GC Thread#1" [stack: 0x0000007cce200000,0x0000007cce300000] [id=7544]
  0x000001fe8cc19000 GCTaskThread "GC Thread#2" [stack: 0x0000007cce300000,0x0000007cce400000] [id=9676]
  0x000001fe8cc1d000 GCTaskThread "GC Thread#3" [stack: 0x0000007cce400000,0x0000007cce500000] [id=6056]
  0x000001fe8cc74000 ConcurrentGCThread "G1 Main Marker" [stack: 0x0000007cce500000,0x0000007cce600000] [id=4488]
  0x000001fe8cc20800 ConcurrentGCThread "G1 Conc#0" [stack: 0x0000007cce600000,0x0000007cce700000] [id=5980]
  0x000001feacc4c000 ConcurrentGCThread "G1 Refine#0" [stack: 0x0000007cce700000,0x0000007cce800000] [id=3600]
  0x000001feacc4d000 ConcurrentGCThread "G1 Refine#1" [stack: 0x0000007cce800000,0x0000007cce900000] [id=6908]
  0x000001feacc51000 ConcurrentGCThread "G1 Refine#2" [stack: 0x0000007cce900000,0x0000007ccea00000] [id=8768]
  0x000001feacc53000 ConcurrentGCThread "G1 Refine#3" [stack: 0x0000007ccea00000,0x0000007cceb00000] [id=8764]
  0x000001feacc59000 ConcurrentGCThread "G1 Young RemSet Sampling" [stack: 0x0000007cceb00000,0x0000007ccec00000] [id=9996]

Threads with active compile tasks:
C2 CompilerThread04507 %     4       com.sun.javafx.css.SelectorPartitioning::match @ 548 (700 bytes)
C2 CompilerThread14476       4       java.lang.invoke.MethodType::makeImpl (108 bytes)

VM state:not at safepoint (normal execution)

VM Mutex/Monitor currently owned by a thread: None

Heap address: 0x00000006c1200000, size: 4078 MB, Compressed Oops mode: Zero based, Oop shift amount: 3
Narrow klass base: 0x0000000000000000, Narrow klass shift: 3
Compressed class space size: 1073741824 Address: 0x00000007c0000000

Heap:
 garbage-first heap   total 262144K, used 35366K [0x00000006c1200000, 0x00000007c0000000)
  region size 1024K, 8 young (8192K), 4 survivors (4096K)
 Metaspace       used 29681K, capacity 30764K, committed 30848K, reserved 1075200K
  class space    used 3903K, capacity 4441K, committed 4480K, reserved 1048576K
Heap Regions: E=young(eden), S=young(survivor), O=old, HS=humongous(starts), HC=humongous(continues), CS=collection set, F=free, A=archive, TS=gc time stamp, AC=allocation context, TAMS=top-at-mark-start (previous, next)
|   0|0x00000006c1200000, 0x00000006c1300000, 0x00000006c1300000|100%| O|  |TS  0|AC  0|TAMS 0x00000006c1300000, 0x00000006c1300000|
|   1|0x00000006c1300000, 0x00000006c1400000, 0x00000006c1400000|100%| O|  |TS  0|AC  0|TAMS 0x00000006c1400000, 0x00000006c1400000|
|   2|0x00000006c1400000, 0x00000006c1500000, 0x00000006c1500000|100%| O|  |TS  0|AC  0|TAMS 0x00000006c1500000, 0x00000006c1500000|
|   3|0x00000006c1500000, 0x00000006c1600000, 0x00000006c1600000|100%| O|  |TS  0|AC  0|TAMS 0x00000006c1600000, 0x00000006c1600000|
|   4|0x00000006c1600000, 0x00000006c1700000, 0x00000006c1700000|100%| O|  |TS  1|AC  0|TAMS 0x00000006c166da00, 0x00000006c166da00|
|   5|0x00000006c1700000, 0x00000006c1800000, 0x00000006c1800000|100%|HS|  |TS  0|AC  0|TAMS 0x00000006c1700000, 0x00000006c1700000|
|   6|0x00000006c1800000, 0x00000006c1900000, 0x00000006c1900000|100%|HC|  |TS  0|AC  0|TAMS 0x00000006c1800000, 0x00000006c1800000|
|   7|0x00000006c1900000, 0x00000006c1900000, 0x00000006c1a00000|  0%| F|  |TS  1|AC  0|TAMS 0x00000006c1900000, 0x00000006c1900000|
|   8|0x00000006c1a00000, 0x00000006c1a00000, 0x00000006c1b00000|  0%| F|  |TS  1|AC  0|TAMS 0x00000006c1a00000, 0x00000006c1a00000|
|   9|0x00000006c1b00000, 0x00000006c1c00000, 0x00000006c1c00000|100%|HS|  |TS  0|AC  0|TAMS 0x00000006c1b00000, 0x00000006c1b00000|
|  10|0x00000006c1c00000, 0x00000006c1d00000, 0x00000006c1d00000|100%|HS|  |TS  0|AC  0|TAMS 0x00000006c1c00000, 0x00000006c1c00000|
|  11|0x00000006c1d00000, 0x00000006c1e00000, 0x00000006c1e00000|100%|HC|  |TS  0|AC  0|TAMS 0x00000006c1d00000, 0x00000006c1d00000|
|  12|0x00000006c1e00000, 0x00000006c1e00000, 0x00000006c1f00000|  0%| F|  |TS  1|AC  0|TAMS 0x00000006c1e00000, 0x00000006c1e00000|
|  13|0x00000006c1f00000, 0x00000006c1f00000, 0x00000006c2000000|  0%| F|  |TS  1|AC  0|TAMS 0x00000006c1f00000, 0x00000006c1f00000|
|  14|0x00000006c2000000, 0x00000006c2000000, 0x00000006c2100000|  0%| F|  |TS  1|AC  0|TAMS 0x00000006c2000000, 0x00000006c2000000|
|  15|0x00000006c2100000, 0x00000006c2200000, 0x00000006c2200000|100%|HS|  |TS  0|AC  0|TAMS 0x00000006c2100000, 0x00000006c2100000|
|  16|0x00000006c2200000, 0x00000006c2300000, 0x00000006c2300000|100%|HS|  |TS  0|AC  0|TAMS 0x00000006c2200000, 0x00000006c2200000|
|  17|0x00000006c2300000, 0x00000006c2400000, 0x00000006c2400000|100%|HC|  |TS  0|AC  0|TAMS 0x00000006c2300000, 0x00000006c2300000|
|  18|0x00000006c2400000, 0x00000006c2400000, 0x00000006c2500000|  0%| F|  |TS  1|AC  0|TAMS 0x00000006c2400000, 0x00000006c2400000|
|  19|0x00000006c2500000, 0x00000006c2500000, 0x00000006c2600000|  0%| F|  |TS  1|AC  0|TAMS 0x00000006c2500000, 0x00000006c2500000|
|  20|0x00000006c2600000, 0x00000006c2600000, 0x00000006c2700000|  0%| F|  |TS  1|AC  0|TAMS 0x00000006c2600000, 0x00000006c2600000|
|  21|0x00000006c2700000, 0x00000006c2800000, 0x00000006c2800000|100%|HS|  |TS  0|AC  0|TAMS 0x00000006c2700000, 0x00000006c2700000|
|  22|0x00000006c2800000, 0x00000006c2900000, 0x00000006c2900000|100%|HS|  |TS  0|AC  0|TAMS 0x00000006c2800000, 0x00000006c2800000|
|  23|0x00000006c2900000, 0x00000006c2a00000, 0x00000006c2a00000|100%|HC|  |TS  0|AC  0|TAMS 0x00000006c2900000, 0x00000006c2900000|
|  24|0x00000006c2a00000, 0x00000006c2a00000, 0x00000006c2b00000|  0%| F|  |TS  1|AC  0|TAMS 0x00000006c2a00000, 0x00000006c2a00000|
|  25|0x00000006c2b00000, 0x00000006c2b00000, 0x00000006c2c00000|  0%| F|  |TS  1|AC  0|TAMS 0x00000006c2b00000, 0x00000006c2b00000|
|  26|0x00000006c2c00000, 0x00000006c2c00000, 0x00000006c2d00000|  0%| F|  |TS  1|AC  0|TAMS 0x00000006c2c00000, 0x00000006c2c00000|
|  27|0x00000006c2d00000, 0x00000006c2e00000, 0x00000006c2e00000|100%|HS|  |TS  0|AC  0|TAMS 0x00000006c2d00000, 0x00000006c2d00000|
|  28|0x00000006c2e00000, 0x00000006c2f00000, 0x00000006c2f00000|100%|HS|  |TS  0|AC  0|TAMS 0x00000006c2e00000, 0x00000006c2e00000|
|  29|0x00000006c2f00000, 0x00000006c3000000, 0x00000006c3000000|100%|HC|  |TS  0|AC  0|TAMS 0x00000006c2f00000, 0x00000006c2f00000|
|  30|0x00000006c3000000, 0x00000006c3000000, 0x00000006c3100000|  0%| F|  |TS  1|AC  0|TAMS 0x00000006c3000000, 0x00000006c3000000|
|  31|0x00000006c3100000, 0x00000006c3100000, 0x00000006c3200000|  0%| F|  |TS  1|AC  0|TAMS 0x00000006c3100000, 0x00000006c3100000|
|  32|0x00000006c3200000, 0x00000006c3200000, 0x00000006c3300000|  0%| F|  |TS  1|AC  0|TAMS 0x00000006c3200000, 0x00000006c3200000|
|  33|0x00000006c3300000, 0x00000006c3400000, 0x00000006c3400000|100%|HS|  |TS  0|AC  0|TAMS 0x00000006c3300000, 0x00000006c3300000|
|  34|0x00000006c3400000, 0x00000006c3500000, 0x00000006c3500000|100%|HS|  |TS  0|AC  0|TAMS 0x00000006c3400000, 0x00000006c3400000|
|  35|0x00000006c3500000, 0x00000006c3600000, 0x00000006c3600000|100%|HC|  |TS  0|AC  0|TAMS 0x00000006c3500000, 0x00000006c3500000|
|  36|0x00000006c3600000, 0x00000006c3600000, 0x00000006c3700000|  0%| F|  |TS  1|AC  0|TAMS 0x00000006c3600000, 0x00000006c3600000|
|  37|0x00000006c3700000, 0x00000006c3700000, 0x00000006c3800000|  0%| F|  |TS  1|AC  0|TAMS 0x00000006c3700000, 0x00000006c3700000|
|  38|0x00000006c3800000, 0x00000006c3800000, 0x00000006c3900000|  0%| F|  |TS  1|AC  0|TAMS 0x00000006c3800000, 0x00000006c3800000|
|  39|0x00000006c3900000, 0x00000006c3a00000, 0x00000006c3a00000|100%|HS|  |TS  0|AC  0|TAMS 0x00000006c3900000, 0x00000006c3900000|
|  40|0x00000006c3a00000, 0x00000006c3b00000, 0x00000006c3b00000|100%|HS|  |TS  0|AC  0|TAMS 0x00000006c3a00000, 0x00000006c3a00000|
|  41|0x00000006c3b00000, 0x00000006c3c00000, 0x00000006c3c00000|100%|HC|  |TS  0|AC  0|TAMS 0x00000006c3b00000, 0x00000006c3b00000|
|  42|0x00000006c3c00000, 0x00000006c3d00000, 0x00000006c3d00000|100%|HS|  |TS  0|AC  0|TAMS 0x00000006c3c00000, 0x00000006c3c00000|
|  43|0x00000006c3d00000, 0x00000006c3e00000, 0x00000006c3e00000|100%|HC|  |TS  0|AC  0|TAMS 0x00000006c3d00000, 0x00000006c3d00000|
|  44|0x00000006c3e00000, 0x00000006c3f00000, 0x00000006c3f00000|100%| O|  |TS  1|AC  0|TAMS 0x00000006c3e00000, 0x00000006c3e00000|
|  45|0x00000006c3f00000, 0x00000006c3f6dc00, 0x00000006c4000000| 42%| O|  |TS  1|AC  0|TAMS 0x00000006c3f00000, 0x00000006c3f00000|
|  46|0x00000006c4000000, 0x00000006c4000000, 0x00000006c4100000|  0%| F|  |TS  0|AC  0|TAMS 0x00000006c4000000, 0x00000006c4000000|
|  47|0x00000006c4100000, 0x00000006c4100000, 0x00000006c4200000|  0%| F|  |TS  0|AC  0|TAMS 0x00000006c4100000, 0x00000006c4100000|
|  48|0x00000006c4200000, 0x00000006c4200000, 0x00000006c4300000|  0%| F|  |TS  0|AC  0|TAMS 0x00000006c4200000, 0x00000006c4200000|
|  49|0x00000006c4300000, 0x00000006c4300000, 0x00000006c4400000|  0%| F|  |TS  0|AC  0|TAMS 0x00000006c4300000, 0x00000006c4300000|
|  50|0x00000006c4400000, 0x00000006c4400000, 0x00000006c4500000|  0%| F|  |TS  0|AC  0|TAMS 0x00000006c4400000, 0x00000006c4400000|
|  51|0x00000006c4500000, 0x00000006c4500000, 0x00000006c4600000|  0%| F|  |TS  0|AC  0|TAMS 0x00000006c4500000, 0x00000006c4500000|
|  52|0x00000006c4600000, 0x00000006c4600000, 0x00000006c4700000|  0%| F|  |TS  0|AC  0|TAMS 0x00000006c4600000, 0x00000006c4600000|
|  53|0x00000006c4700000, 0x00000006c4700000, 0x00000006c4800000|  0%| F|  |TS  0|AC  0|TAMS 0x00000006c4700000, 0x00000006c4700000|
|  54|0x00000006c4800000, 0x00000006c4800000, 0x00000006c4900000|  0%| F|  |TS  0|AC  0|TAMS 0x00000006c4800000, 0x00000006c4800000|
|  55|0x00000006c4900000, 0x00000006c4900000, 0x00000006c4a00000|  0%| F|  |TS  0|AC  0|TAMS 0x00000006c4900000, 0x00000006c4900000|
|  56|0x00000006c4a00000, 0x00000006c4a00000, 0x00000006c4b00000|  0%| F|  |TS  0|AC  0|TAMS 0x00000006c4a00000, 0x00000006c4a00000|
|  57|0x00000006c4b00000, 0x00000006c4b00000, 0x00000006c4c00000|  0%| F|  |TS  0|AC  0|TAMS 0x00000006c4b00000, 0x00000006c4b00000|
|  58|0x00000006c4c00000, 0x00000006c4c00000, 0x00000006c4d00000|  0%| F|  |TS  0|AC  0|TAMS 0x00000006c4c00000, 0x00000006c4c00000|
|  59|0x00000006c4d00000, 0x00000006c4d00000, 0x00000006c4e00000|  0%| F|  |TS  0|AC  0|TAMS 0x00000006c4d00000, 0x00000006c4d00000|
|  60|0x00000006c4e00000, 0x00000006c4e00000, 0x00000006c4f00000|  0%| F|  |TS  0|AC  0|TAMS 0x00000006c4e00000, 0x00000006c4e00000|
|  61|0x00000006c4f00000, 0x00000006c4f00000, 0x00000006c5000000|  0%| F|  |TS  0|AC  0|TAMS 0x00000006c4f00000, 0x00000006c4f00000|
|  62|0x00000006c5000000, 0x00000006c5000000, 0x00000006c5100000|  0%| F|  |TS  0|AC  0|TAMS 0x00000006c5000000, 0x00000006c5000000|
|  63|0x00000006c5100000, 0x00000006c5100000, 0x00000006c5200000|  0%| F|  |TS  0|AC  0|TAMS 0x00000006c5100000, 0x00000006c5100000|
|  64|0x00000006c5200000, 0x00000006c5200000, 0x00000006c5300000|  0%| F|  |TS  0|AC  0|TAMS 0x00000006c5200000, 0x00000006c5200000|
|  65|0x00000006c5300000, 0x00000006c5300000, 0x00000006c5400000|  0%| F|  |TS  0|AC  0|TAMS 0x00000006c5300000, 0x00000006c5300000|
|  66|0x00000006c5400000, 0x00000006c5400000, 0x00000006c5500000|  0%| F|  |TS  0|AC  0|TAMS 0x00000006c5400000, 0x00000006c5400000|
|  67|0x00000006c5500000, 0x00000006c5500000, 0x00000006c5600000|  0%| F|  |TS  0|AC  0|TAMS 0x00000006c5500000, 0x00000006c5500000|
|  68|0x00000006c5600000, 0x00000006c5600000, 0x00000006c5700000|  0%| F|  |TS  0|AC  0|TAMS 0x00000006c5600000, 0x00000006c5600000|
|  69|0x00000006c5700000, 0x00000006c5700000, 0x00000006c5800000|  0%| F|  |TS  0|AC  0|TAMS 0x00000006c5700000, 0x00000006c5700000|
|  70|0x00000006c5800000, 0x00000006c5800000, 0x00000006c5900000|  0%| F|  |TS  0|AC  0|TAMS 0x00000006c5800000, 0x00000006c5800000|
|  71|0x00000006c5900000, 0x00000006c5900000, 0x00000006c5a00000|  0%| F|  |TS  0|AC  0|TAMS 0x00000006c5900000, 0x00000006c5900000|
|  72|0x00000006c5a00000, 0x00000006c5a00000, 0x00000006c5b00000|  0%| F|  |TS  0|AC  0|TAMS 0x00000006c5a00000, 0x00000006c5a00000|
|  73|0x00000006c5b00000, 0x00000006c5b00000, 0x00000006c5c00000|  0%| F|  |TS  0|AC  0|TAMS 0x00000006c5b00000, 0x00000006c5b00000|
|  74|0x00000006c5c00000, 0x00000006c5c00000, 0x00000006c5d00000|  0%| F|  |TS  0|AC  0|TAMS 0x00000006c5c00000, 0x00000006c5c00000|
|  75|0x00000006c5d00000, 0x00000006c5d00000, 0x00000006c5e00000|  0%| F|  |TS  0|AC  0|TAMS 0x00000006c5d00000, 0x00000006c5d00000|
|  76|0x00000006c5e00000, 0x00000006c5e00000, 0x00000006c5f00000|  0%| F|  |TS  0|AC  0|TAMS 0x00000006c5e00000, 0x00000006c5e00000|
|  77|0x00000006c5f00000, 0x00000006c5f00000, 0x00000006c6000000|  0%| F|  |TS  0|AC  0|TAMS 0x00000006c5f00000, 0x00000006c5f00000|
|  78|0x00000006c6000000, 0x00000006c6000000, 0x00000006c6100000|  0%| F|  |TS  0|AC  0|TAMS 0x00000006c6000000, 0x00000006c6000000|
|  79|0x00000006c6100000, 0x00000006c6100000, 0x00000006c6200000|  0%| F|  |TS  0|AC  0|TAMS 0x00000006c6100000, 0x00000006c6100000|
|  80|0x00000006c6200000, 0x00000006c6200000, 0x00000006c6300000|  0%| F|  |TS  0|AC  0|TAMS 0x00000006c6200000, 0x00000006c6200000|
|  81|0x00000006c6300000, 0x00000006c6300000, 0x00000006c6400000|  0%| F|  |TS  0|AC  0|TAMS 0x00000006c6300000, 0x00000006c6300000|
|  82|0x00000006c6400000, 0x00000006c6400000, 0x00000006c6500000|  0%| F|  |TS  0|AC  0|TAMS 0x00000006c6400000, 0x00000006c6400000|
|  83|0x00000006c6500000, 0x00000006c6500000, 0x00000006c6600000|  0%| F|  |TS  0|AC  0|TAMS 0x00000006c6500000, 0x00000006c6500000|
|  84|0x00000006c6600000, 0x00000006c6600000, 0x00000006c6700000|  0%| F|  |TS  0|AC  0|TAMS 0x00000006c6600000, 0x00000006c6600000|
|  85|0x00000006c6700000, 0x00000006c6700000, 0x00000006c6800000|  0%| F|  |TS  0|AC  0|TAMS 0x00000006c6700000, 0x00000006c6700000|
|  86|0x00000006c6800000, 0x00000006c6800000, 0x00000006c6900000|  0%| F|  |TS  0|AC  0|TAMS 0x00000006c6800000, 0x00000006c6800000|
|  87|0x00000006c6900000, 0x00000006c6900000, 0x00000006c6a00000|  0%| F|  |TS  0|AC  0|TAMS 0x00000006c6900000, 0x00000006c6900000|
|  88|0x00000006c6a00000, 0x00000006c6a00000, 0x00000006c6b00000|  0%| F|  |TS  0|AC  0|TAMS 0x00000006c6a00000, 0x00000006c6a00000|
|  89|0x00000006c6b00000, 0x00000006c6b00000, 0x00000006c6c00000|  0%| F|  |TS  0|AC  0|TAMS 0x00000006c6b00000, 0x00000006c6b00000|
|  90|0x00000006c6c00000, 0x00000006c6c00000, 0x00000006c6d00000|  0%| F|  |TS  0|AC  0|TAMS 0x00000006c6c00000, 0x00000006c6c00000|
|  91|0x00000006c6d00000, 0x00000006c6d00000, 0x00000006c6e00000|  0%| F|  |TS  0|AC  0|TAMS 0x00000006c6d00000, 0x00000006c6d00000|
|  92|0x00000006c6e00000, 0x00000006c6e00000, 0x00000006c6f00000|  0%| F|  |TS  0|AC  0|TAMS 0x00000006c6e00000, 0x00000006c6e00000|
|  93|0x00000006c6f00000, 0x00000006c6f00000, 0x00000006c7000000|  0%| F|  |TS  0|AC  0|TAMS 0x00000006c6f00000, 0x00000006c6f00000|
|  94|0x00000006c7000000, 0x00000006c7000000, 0x00000006c7100000|  0%| F|  |TS  0|AC  0|TAMS 0x00000006c7000000, 0x00000006c7000000|
|  95|0x00000006c7100000, 0x00000006c7100000, 0x00000006c7200000|  0%| F|  |TS  0|AC  0|TAMS 0x00000006c7100000, 0x00000006c7100000|
|  96|0x00000006c7200000, 0x00000006c7200000, 0x00000006c7300000|  0%| F|  |TS  0|AC  0|TAMS 0x00000006c7200000, 0x00000006c7200000|
|  97|0x00000006c7300000, 0x00000006c7300000, 0x00000006c7400000|  0%| F|  |TS  0|AC  0|TAMS 0x00000006c7300000, 0x00000006c7300000|
|  98|0x00000006c7400000, 0x00000006c7400000, 0x00000006c7500000|  0%| F|  |TS  0|AC  0|TAMS 0x00000006c7400000, 0x00000006c7400000|
|  99|0x00000006c7500000, 0x00000006c7500000, 0x00000006c7600000|  0%| F|  |TS  0|AC  0|TAMS 0x00000006c7500000, 0x00000006c7500000|
| 100|0x00000006c7600000, 0x00000006c7600000, 0x00000006c7700000|  0%| F|  |TS  0|AC  0|TAMS 0x00000006c7600000, 0x00000006c7600000|
| 101|0x00000006c7700000, 0x00000006c7700000, 0x00000006c7800000|  0%| F|  |TS  0|AC  0|TAMS 0x00000006c7700000, 0x00000006c7700000|
| 102|0x00000006c7800000, 0x00000006c7800000, 0x00000006c7900000|  0%| F|  |TS  0|AC  0|TAMS 0x00000006c7800000, 0x00000006c7800000|
| 103|0x00000006c7900000, 0x00000006c7900000, 0x00000006c7a00000|  0%| F|  |TS  0|AC  0|TAMS 0x00000006c7900000, 0x00000006c7900000|
| 104|0x00000006c7a00000, 0x00000006c7a00000, 0x00000006c7b00000|  0%| F|  |TS  0|AC  0|TAMS 0x00000006c7a00000, 0x00000006c7a00000|
| 105|0x00000006c7b00000, 0x00000006c7b00000, 0x00000006c7c00000|  0%| F|  |TS  0|AC  0|TAMS 0x00000006c7b00000, 0x00000006c7b00000|
| 106|0x00000006c7c00000, 0x00000006c7c00000, 0x00000006c7d00000|  0%| F|  |TS  0|AC  0|TAMS 0x00000006c7c00000, 0x00000006c7c00000|
| 107|0x00000006c7d00000, 0x00000006c7d00000, 0x00000006c7e00000|  0%| F|  |TS  0|AC  0|TAMS 0x00000006c7d00000, 0x00000006c7d00000|
| 108|0x00000006c7e00000, 0x00000006c7e00000, 0x00000006c7f00000|  0%| F|  |TS  0|AC  0|TAMS 0x00000006c7e00000, 0x00000006c7e00000|
| 109|0x00000006c7f00000, 0x00000006c7f00000, 0x00000006c8000000|  0%| F|  |TS  0|AC  0|TAMS 0x00000006c7f00000, 0x00000006c7f00000|
| 110|0x00000006c8000000, 0x00000006c8000000, 0x00000006c8100000|  0%| F|  |TS  0|AC  0|TAMS 0x00000006c8000000, 0x00000006c8000000|
| 111|0x00000006c8100000, 0x00000006c8100000, 0x00000006c8200000|  0%| F|  |TS  0|AC  0|TAMS 0x00000006c8100000, 0x00000006c8100000|
| 112|0x00000006c8200000, 0x00000006c8200000, 0x00000006c8300000|  0%| F|  |TS  0|AC  0|TAMS 0x00000006c8200000, 0x00000006c8200000|
| 113|0x00000006c8300000, 0x00000006c8300000, 0x00000006c8400000|  0%| F|  |TS  0|AC  0|TAMS 0x00000006c8300000, 0x00000006c8300000|
| 114|0x00000006c8400000, 0x00000006c8400000, 0x00000006c8500000|  0%| F|  |TS  0|AC  0|TAMS 0x00000006c8400000, 0x00000006c8400000|
| 115|0x00000006c8500000, 0x00000006c8500000, 0x00000006c8600000|  0%| F|  |TS  0|AC  0|TAMS 0x00000006c8500000, 0x00000006c8500000|
| 116|0x00000006c8600000, 0x00000006c8600000, 0x00000006c8700000|  0%| F|  |TS  0|AC  0|TAMS 0x00000006c8600000, 0x00000006c8600000|
| 117|0x00000006c8700000, 0x00000006c8700000, 0x00000006c8800000|  0%| F|  |TS  0|AC  0|TAMS 0x00000006c8700000, 0x00000006c8700000|
| 118|0x00000006c8800000, 0x00000006c8800000, 0x00000006c8900000|  0%| F|  |TS  0|AC  0|TAMS 0x00000006c8800000, 0x00000006c8800000|
| 119|0x00000006c8900000, 0x00000006c8900000, 0x00000006c8a00000|  0%| F|  |TS  0|AC  0|TAMS 0x00000006c8900000, 0x00000006c8900000|
| 120|0x00000006c8a00000, 0x00000006c8a00000, 0x00000006c8b00000|  0%| F|  |TS  0|AC  0|TAMS 0x00000006c8a00000, 0x00000006c8a00000|
| 121|0x00000006c8b00000, 0x00000006c8b00000, 0x00000006c8c00000|  0%| F|  |TS  0|AC  0|TAMS 0x00000006c8b00000, 0x00000006c8b00000|
| 122|0x00000006c8c00000, 0x00000006c8c00000, 0x00000006c8d00000|  0%| F|  |TS  0|AC  0|TAMS 0x00000006c8c00000, 0x00000006c8c00000|
| 123|0x00000006c8d00000, 0x00000006c8d00000, 0x00000006c8e00000|  0%| F|  |TS  0|AC  0|TAMS 0x00000006c8d00000, 0x00000006c8d00000|
| 124|0x00000006c8e00000, 0x00000006c8e00000, 0x00000006c8f00000|  0%| F|  |TS  0|AC  0|TAMS 0x00000006c8e00000, 0x00000006c8e00000|
| 125|0x00000006c8f00000, 0x00000006c8f00000, 0x00000006c9000000|  0%| F|  |TS  0|AC  0|TAMS 0x00000006c8f00000, 0x00000006c8f00000|
| 126|0x00000006c9000000, 0x00000006c9000000, 0x00000006c9100000|  0%| F|  |TS  0|AC  0|TAMS 0x00000006c9000000, 0x00000006c9000000|
| 127|0x00000006c9100000, 0x00000006c9100000, 0x00000006c9200000|  0%| F|  |TS  0|AC  0|TAMS 0x00000006c9100000, 0x00000006c9100000|
| 128|0x00000006c9200000, 0x00000006c9200000, 0x00000006c9300000|  0%| F|  |TS  0|AC  0|TAMS 0x00000006c9200000, 0x00000006c9200000|
| 129|0x00000006c9300000, 0x00000006c9300000, 0x00000006c9400000|  0%| F|  |TS  0|AC  0|TAMS 0x00000006c9300000, 0x00000006c9300000|
| 130|0x00000006c9400000, 0x00000006c9400000, 0x00000006c9500000|  0%| F|  |TS  0|AC  0|TAMS 0x00000006c9400000, 0x00000006c9400000|
| 131|0x00000006c9500000, 0x00000006c9500000, 0x00000006c9600000|  0%| F|  |TS  0|AC  0|TAMS 0x00000006c9500000, 0x00000006c9500000|
| 132|0x00000006c9600000, 0x00000006c9600000, 0x00000006c9700000|  0%| F|  |TS  0|AC  0|TAMS 0x00000006c9600000, 0x00000006c9600000|
| 133|0x00000006c9700000, 0x00000006c9700000, 0x00000006c9800000|  0%| F|  |TS  0|AC  0|TAMS 0x00000006c9700000, 0x00000006c9700000|
| 134|0x00000006c9800000, 0x00000006c9800000, 0x00000006c9900000|  0%| F|  |TS  0|AC  0|TAMS 0x00000006c9800000, 0x00000006c9800000|
| 135|0x00000006c9900000, 0x00000006c9900000, 0x00000006c9a00000|  0%| F|  |TS  0|AC  0|TAMS 0x00000006c9900000, 0x00000006c9900000|
| 136|0x00000006c9a00000, 0x00000006c9a00000, 0x00000006c9b00000|  0%| F|  |TS  0|AC  0|TAMS 0x00000006c9a00000, 0x00000006c9a00000|
| 137|0x00000006c9b00000, 0x00000006c9b00000, 0x00000006c9c00000|  0%| F|  |TS  0|AC  0|TAMS 0x00000006c9b00000, 0x00000006c9b00000|
| 138|0x00000006c9c00000, 0x00000006c9c00000, 0x00000006c9d00000|  0%| F|  |TS  0|AC  0|TAMS 0x00000006c9c00000, 0x00000006c9c00000|
| 139|0x00000006c9d00000, 0x00000006c9d00000, 0x00000006c9e00000|  0%| F|  |TS  0|AC  0|TAMS 0x00000006c9d00000, 0x00000006c9d00000|
| 140|0x00000006c9e00000, 0x00000006c9e00000, 0x00000006c9f00000|  0%| F|  |TS  0|AC  0|TAMS 0x00000006c9e00000, 0x00000006c9e00000|
| 141|0x00000006c9f00000, 0x00000006c9f00000, 0x00000006ca000000|  0%| F|  |TS  0|AC  0|TAMS 0x00000006c9f00000, 0x00000006c9f00000|
| 142|0x00000006ca000000, 0x00000006ca000000, 0x00000006ca100000|  0%| F|  |TS  0|AC  0|TAMS 0x00000006ca000000, 0x00000006ca000000|
| 143|0x00000006ca100000, 0x00000006ca100000, 0x00000006ca200000|  0%| F|  |TS  0|AC  0|TAMS 0x00000006ca100000, 0x00000006ca100000|
| 144|0x00000006ca200000, 0x00000006ca200000, 0x00000006ca300000|  0%| F|  |TS  0|AC  0|TAMS 0x00000006ca200000, 0x00000006ca200000|
| 145|0x00000006ca300000, 0x00000006ca300000, 0x00000006ca400000|  0%| F|  |TS  0|AC  0|TAMS 0x00000006ca300000, 0x00000006ca300000|
| 146|0x00000006ca400000, 0x00000006ca400000, 0x00000006ca500000|  0%| F|  |TS  0|AC  0|TAMS 0x00000006ca400000, 0x00000006ca400000|
| 147|0x00000006ca500000, 0x00000006ca500000, 0x00000006ca600000|  0%| F|  |TS  0|AC  0|TAMS 0x00000006ca500000, 0x00000006ca500000|
| 148|0x00000006ca600000, 0x00000006ca600000, 0x00000006ca700000|  0%| F|  |TS  0|AC  0|TAMS 0x00000006ca600000, 0x00000006ca600000|
| 149|0x00000006ca700000, 0x00000006ca700000, 0x00000006ca800000|  0%| F|  |TS  0|AC  0|TAMS 0x00000006ca700000, 0x00000006ca700000|
| 150|0x00000006ca800000, 0x00000006ca800000, 0x00000006ca900000|  0%| F|  |TS  0|AC  0|TAMS 0x00000006ca800000, 0x00000006ca800000|
| 151|0x00000006ca900000, 0x00000006ca900000, 0x00000006caa00000|  0%| F|  |TS  0|AC  0|TAMS 0x00000006ca900000, 0x00000006ca900000|
| 152|0x00000006caa00000, 0x00000006caa00000, 0x00000006cab00000|  0%| F|  |TS  0|AC  0|TAMS 0x00000006caa00000, 0x00000006caa00000|
| 153|0x00000006cab00000, 0x00000006cab00000, 0x00000006cac00000|  0%| F|  |TS  0|AC  0|TAMS 0x00000006cab00000, 0x00000006cab00000|
| 154|0x00000006cac00000, 0x00000006cac00000, 0x00000006cad00000|  0%| F|  |TS  0|AC  0|TAMS 0x00000006cac00000, 0x00000006cac00000|
| 155|0x00000006cad00000, 0x00000006cad00000, 0x00000006cae00000|  0%| F|  |TS  0|AC  0|TAMS 0x00000006cad00000, 0x00000006cad00000|
| 156|0x00000006cae00000, 0x00000006cae00000, 0x00000006caf00000|  0%| F|  |TS  0|AC  0|TAMS 0x00000006cae00000, 0x00000006cae00000|
| 157|0x00000006caf00000, 0x00000006caf00000, 0x00000006cb000000|  0%| F|  |TS  0|AC  0|TAMS 0x00000006caf00000, 0x00000006caf00000|
| 158|0x00000006cb000000, 0x00000006cb000000, 0x00000006cb100000|  0%| F|  |TS  0|AC  0|TAMS 0x00000006cb000000, 0x00000006cb000000|
| 159|0x00000006cb100000, 0x00000006cb100000, 0x00000006cb200000|  0%| F|  |TS  0|AC  0|TAMS 0x00000006cb100000, 0x00000006cb100000|
| 160|0x00000006cb200000, 0x00000006cb200000, 0x00000006cb300000|  0%| F|  |TS  0|AC  0|TAMS 0x00000006cb200000, 0x00000006cb200000|
| 161|0x00000006cb300000, 0x00000006cb300000, 0x00000006cb400000|  0%| F|  |TS  0|AC  0|TAMS 0x00000006cb300000, 0x00000006cb300000|
| 162|0x00000006cb400000, 0x00000006cb400000, 0x00000006cb500000|  0%| F|  |TS  0|AC  0|TAMS 0x00000006cb400000, 0x00000006cb400000|
| 163|0x00000006cb500000, 0x00000006cb500000, 0x00000006cb600000|  0%| F|  |TS  0|AC  0|TAMS 0x00000006cb500000, 0x00000006cb500000|
| 164|0x00000006cb600000, 0x00000006cb600000, 0x00000006cb700000|  0%| F|  |TS  0|AC  0|TAMS 0x00000006cb600000, 0x00000006cb600000|
| 165|0x00000006cb700000, 0x00000006cb700000, 0x00000006cb800000|  0%| F|  |TS  0|AC  0|TAMS 0x00000006cb700000, 0x00000006cb700000|
| 166|0x00000006cb800000, 0x00000006cb800000, 0x00000006cb900000|  0%| F|  |TS  0|AC  0|TAMS 0x00000006cb800000, 0x00000006cb800000|
| 167|0x00000006cb900000, 0x00000006cb900000, 0x00000006cba00000|  0%| F|  |TS  0|AC  0|TAMS 0x00000006cb900000, 0x00000006cb900000|
| 168|0x00000006cba00000, 0x00000006cba00000, 0x00000006cbb00000|  0%| F|  |TS  0|AC  0|TAMS 0x00000006cba00000, 0x00000006cba00000|
| 169|0x00000006cbb00000, 0x00000006cbb00000, 0x00000006cbc00000|  0%| F|  |TS  0|AC  0|TAMS 0x00000006cbb00000, 0x00000006cbb00000|
| 170|0x00000006cbc00000, 0x00000006cbc00000, 0x00000006cbd00000|  0%| F|  |TS  0|AC  0|TAMS 0x00000006cbc00000, 0x00000006cbc00000|
| 171|0x00000006cbd00000, 0x00000006cbd00000, 0x00000006cbe00000|  0%| F|  |TS  0|AC  0|TAMS 0x00000006cbd00000, 0x00000006cbd00000|
| 172|0x00000006cbe00000, 0x00000006cbe00000, 0x00000006cbf00000|  0%| F|  |TS  0|AC  0|TAMS 0x00000006cbe00000, 0x00000006cbe00000|
| 173|0x00000006cbf00000, 0x00000006cbf00000, 0x00000006cc000000|  0%| F|  |TS  0|AC  0|TAMS 0x00000006cbf00000, 0x00000006cbf00000|
| 174|0x00000006cc000000, 0x00000006cc000000, 0x00000006cc100000|  0%| F|  |TS  0|AC  0|TAMS 0x00000006cc000000, 0x00000006cc000000|
| 175|0x00000006cc100000, 0x00000006cc100000, 0x00000006cc200000|  0%| F|  |TS  0|AC  0|TAMS 0x00000006cc100000, 0x00000006cc100000|
| 176|0x00000006cc200000, 0x00000006cc200000, 0x00000006cc300000|  0%| F|  |TS  0|AC  0|TAMS 0x00000006cc200000, 0x00000006cc200000|
| 177|0x00000006cc300000, 0x00000006cc300000, 0x00000006cc400000|  0%| F|  |TS  0|AC  0|TAMS 0x00000006cc300000, 0x00000006cc300000|
| 178|0x00000006cc400000, 0x00000006cc400000, 0x00000006cc500000|  0%| F|  |TS  0|AC  0|TAMS 0x00000006cc400000, 0x00000006cc400000|
| 179|0x00000006cc500000, 0x00000006cc500000, 0x00000006cc600000|  0%| F|  |TS  0|AC  0|TAMS 0x00000006cc500000, 0x00000006cc500000|
| 180|0x00000006cc600000, 0x00000006cc600000, 0x00000006cc700000|  0%| F|  |TS  0|AC  0|TAMS 0x00000006cc600000, 0x00000006cc600000|
| 181|0x00000006cc700000, 0x00000006cc700000, 0x00000006cc800000|  0%| F|  |TS  0|AC  0|TAMS 0x00000006cc700000, 0x00000006cc700000|
| 182|0x00000006cc800000, 0x00000006cc800000, 0x00000006cc900000|  0%| F|  |TS  0|AC  0|TAMS 0x00000006cc800000, 0x00000006cc800000|
| 183|0x00000006cc900000, 0x00000006cc900000, 0x00000006cca00000|  0%| F|  |TS  0|AC  0|TAMS 0x00000006cc900000, 0x00000006cc900000|
| 184|0x00000006cca00000, 0x00000006cca00000, 0x00000006ccb00000|  0%| F|  |TS  0|AC  0|TAMS 0x00000006cca00000, 0x00000006cca00000|
| 185|0x00000006ccb00000, 0x00000006ccb00000, 0x00000006ccc00000|  0%| F|  |TS  0|AC  0|TAMS 0x00000006ccb00000, 0x00000006ccb00000|
| 186|0x00000006ccc00000, 0x00000006ccc00000, 0x00000006ccd00000|  0%| F|  |TS  0|AC  0|TAMS 0x00000006ccc00000, 0x00000006ccc00000|
| 187|0x00000006ccd00000, 0x00000006ccd00000, 0x00000006cce00000|  0%| F|  |TS  0|AC  0|TAMS 0x00000006ccd00000, 0x00000006ccd00000|
| 188|0x00000006cce00000, 0x00000006cce00000, 0x00000006ccf00000|  0%| F|  |TS  0|AC  0|TAMS 0x00000006cce00000, 0x00000006cce00000|
| 189|0x00000006ccf00000, 0x00000006ccf00000, 0x00000006cd000000|  0%| F|  |TS  0|AC  0|TAMS 0x00000006ccf00000, 0x00000006ccf00000|
| 190|0x00000006cd000000, 0x00000006cd000000, 0x00000006cd100000|  0%| F|  |TS  0|AC  0|TAMS 0x00000006cd000000, 0x00000006cd000000|
| 191|0x00000006cd100000, 0x00000006cd100000, 0x00000006cd200000|  0%| F|  |TS  0|AC  0|TAMS 0x00000006cd100000, 0x00000006cd100000|
| 192|0x00000006cd200000, 0x00000006cd200000, 0x00000006cd300000|  0%| F|  |TS  0|AC  0|TAMS 0x00000006cd200000, 0x00000006cd200000|
| 193|0x00000006cd300000, 0x00000006cd300000, 0x00000006cd400000|  0%| F|  |TS  0|AC  0|TAMS 0x00000006cd300000, 0x00000006cd300000|
| 194|0x00000006cd400000, 0x00000006cd400000, 0x00000006cd500000|  0%| F|  |TS  0|AC  0|TAMS 0x00000006cd400000, 0x00000006cd400000|
| 195|0x00000006cd500000, 0x00000006cd500000, 0x00000006cd600000|  0%| F|  |TS  0|AC  0|TAMS 0x00000006cd500000, 0x00000006cd500000|
| 196|0x00000006cd600000, 0x00000006cd600000, 0x00000006cd700000|  0%| F|  |TS  0|AC  0|TAMS 0x00000006cd600000, 0x00000006cd600000|
| 197|0x00000006cd700000, 0x00000006cd700000, 0x00000006cd800000|  0%| F|  |TS  0|AC  0|TAMS 0x00000006cd700000, 0x00000006cd700000|
| 198|0x00000006cd800000, 0x00000006cd800000, 0x00000006cd900000|  0%| F|  |TS  0|AC  0|TAMS 0x00000006cd800000, 0x00000006cd800000|
| 199|0x00000006cd900000, 0x00000006cd900000, 0x00000006cda00000|  0%| F|  |TS  0|AC  0|TAMS 0x00000006cd900000, 0x00000006cd900000|
| 200|0x00000006cda00000, 0x00000006cda00000, 0x00000006cdb00000|  0%| F|  |TS  0|AC  0|TAMS 0x00000006cda00000, 0x00000006cda00000|
| 201|0x00000006cdb00000, 0x00000006cdb00000, 0x00000006cdc00000|  0%| F|  |TS  0|AC  0|TAMS 0x00000006cdb00000, 0x00000006cdb00000|
| 202|0x00000006cdc00000, 0x00000006cdc00000, 0x00000006cdd00000|  0%| F|  |TS  0|AC  0|TAMS 0x00000006cdc00000, 0x00000006cdc00000|
| 203|0x00000006cdd00000, 0x00000006cdd00000, 0x00000006cde00000|  0%| F|  |TS  0|AC  0|TAMS 0x00000006cdd00000, 0x00000006cdd00000|
| 204|0x00000006cde00000, 0x00000006cde00000, 0x00000006cdf00000|  0%| F|  |TS  0|AC  0|TAMS 0x00000006cde00000, 0x00000006cde00000|
| 205|0x00000006cdf00000, 0x00000006cdf00000, 0x00000006ce000000|  0%| F|  |TS  0|AC  0|TAMS 0x00000006cdf00000, 0x00000006cdf00000|
| 206|0x00000006ce000000, 0x00000006ce000000, 0x00000006ce100000|  0%| F|  |TS  0|AC  0|TAMS 0x00000006ce000000, 0x00000006ce000000|
| 207|0x00000006ce100000, 0x00000006ce100000, 0x00000006ce200000|  0%| F|  |TS  0|AC  0|TAMS 0x00000006ce100000, 0x00000006ce100000|
| 208|0x00000006ce200000, 0x00000006ce200000, 0x00000006ce300000|  0%| F|  |TS  0|AC  0|TAMS 0x00000006ce200000, 0x00000006ce200000|
| 209|0x00000006ce300000, 0x00000006ce300000, 0x00000006ce400000|  0%| F|  |TS  0|AC  0|TAMS 0x00000006ce300000, 0x00000006ce300000|
| 210|0x00000006ce400000, 0x00000006ce400000, 0x00000006ce500000|  0%| F|  |TS  0|AC  0|TAMS 0x00000006ce400000, 0x00000006ce400000|
| 211|0x00000006ce500000, 0x00000006ce500000, 0x00000006ce600000|  0%| F|  |TS  0|AC  0|TAMS 0x00000006ce500000, 0x00000006ce500000|
| 212|0x00000006ce600000, 0x00000006ce600000, 0x00000006ce700000|  0%| F|  |TS  0|AC  0|TAMS 0x00000006ce600000, 0x00000006ce600000|
| 213|0x00000006ce700000, 0x00000006ce700000, 0x00000006ce800000|  0%| F|  |TS  0|AC  0|TAMS 0x00000006ce700000, 0x00000006ce700000|
| 214|0x00000006ce800000, 0x00000006ce800000, 0x00000006ce900000|  0%| F|  |TS  0|AC  0|TAMS 0x00000006ce800000, 0x00000006ce800000|
| 215|0x00000006ce900000, 0x00000006ce900000, 0x00000006cea00000|  0%| F|  |TS  0|AC  0|TAMS 0x00000006ce900000, 0x00000006ce900000|
| 216|0x00000006cea00000, 0x00000006cea00000, 0x00000006ceb00000|  0%| F|  |TS  0|AC  0|TAMS 0x00000006cea00000, 0x00000006cea00000|
| 217|0x00000006ceb00000, 0x00000006ceb00000, 0x00000006cec00000|  0%| F|  |TS  0|AC  0|TAMS 0x00000006ceb00000, 0x00000006ceb00000|
| 218|0x00000006cec00000, 0x00000006cec00000, 0x00000006ced00000|  0%| F|  |TS  0|AC  0|TAMS 0x00000006cec00000, 0x00000006cec00000|
| 219|0x00000006ced00000, 0x00000006ced00000, 0x00000006cee00000|  0%| F|  |TS  0|AC  0|TAMS 0x00000006ced00000, 0x00000006ced00000|
| 220|0x00000006cee00000, 0x00000006cee00000, 0x00000006cef00000|  0%| F|  |TS  0|AC  0|TAMS 0x00000006cee00000, 0x00000006cee00000|
| 221|0x00000006cef00000, 0x00000006cef00000, 0x00000006cf000000|  0%| F|  |TS  0|AC  0|TAMS 0x00000006cef00000, 0x00000006cef00000|
| 222|0x00000006cf000000, 0x00000006cf000000, 0x00000006cf100000|  0%| F|  |TS  0|AC  0|TAMS 0x00000006cf000000, 0x00000006cf000000|
| 223|0x00000006cf100000, 0x00000006cf11bda0, 0x00000006cf200000| 10%| S|CS|TS  1|AC  0|TAMS 0x00000006cf100000, 0x00000006cf100000|
| 224|0x00000006cf200000, 0x00000006cf300000, 0x00000006cf300000|100%| S|CS|TS  1|AC  0|TAMS 0x00000006cf200000, 0x00000006cf200000|
| 225|0x00000006cf300000, 0x00000006cf400000, 0x00000006cf400000|100%| S|CS|TS  1|AC  0|TAMS 0x00000006cf300000, 0x00000006cf300000|
| 226|0x00000006cf400000, 0x00000006cf500000, 0x00000006cf500000|100%| S|CS|TS  1|AC  0|TAMS 0x00000006cf400000, 0x00000006cf400000|
| 227|0x00000006cf500000, 0x00000006cf500000, 0x00000006cf600000|  0%| F|  |TS  1|AC  0|TAMS 0x00000006cf500000, 0x00000006cf500000|
| 228|0x00000006cf600000, 0x00000006cf600000, 0x00000006cf700000|  0%| F|  |TS  1|AC  0|TAMS 0x00000006cf600000, 0x00000006cf600000|
| 229|0x00000006cf700000, 0x00000006cf700000, 0x00000006cf800000|  0%| F|  |TS  1|AC  0|TAMS 0x00000006cf700000, 0x00000006cf700000|
| 230|0x00000006cf800000, 0x00000006cf800000, 0x00000006cf900000|  0%| F|  |TS  1|AC  0|TAMS 0x00000006cf800000, 0x00000006cf800000|
| 231|0x00000006cf900000, 0x00000006cf900000, 0x00000006cfa00000|  0%| F|  |TS  1|AC  0|TAMS 0x00000006cf900000, 0x00000006cf900000|
| 232|0x00000006cfa00000, 0x00000006cfa00000, 0x00000006cfb00000|  0%| F|  |TS  1|AC  0|TAMS 0x00000006cfa00000, 0x00000006cfa00000|
| 233|0x00000006cfb00000, 0x00000006cfb00000, 0x00000006cfc00000|  0%| F|  |TS  1|AC  0|TAMS 0x00000006cfb00000, 0x00000006cfb00000|
| 234|0x00000006cfc00000, 0x00000006cfc00000, 0x00000006cfd00000|  0%| F|  |TS  1|AC  0|TAMS 0x00000006cfc00000, 0x00000006cfc00000|
| 235|0x00000006cfd00000, 0x00000006cfd00000, 0x00000006cfe00000|  0%| F|  |TS  1|AC  0|TAMS 0x00000006cfd00000, 0x00000006cfd00000|
| 236|0x00000006cfe00000, 0x00000006cfe00000, 0x00000006cff00000|  0%| F|  |TS  1|AC  0|TAMS 0x00000006cfe00000, 0x00000006cfe00000|
| 237|0x00000006cff00000, 0x00000006cff00000, 0x00000006d0000000|  0%| F|  |TS  1|AC  0|TAMS 0x00000006cff00000, 0x00000006cff00000|
| 238|0x00000006d0000000, 0x00000006d0000000, 0x00000006d0100000|  0%| F|  |TS  1|AC  0|TAMS 0x00000006d0000000, 0x00000006d0000000|
| 239|0x00000006d0100000, 0x00000006d0100000, 0x00000006d0200000|  0%| F|  |TS  1|AC  0|TAMS 0x00000006d0100000, 0x00000006d0100000|
| 240|0x00000006d0200000, 0x00000006d0200000, 0x00000006d0300000|  0%| F|  |TS  1|AC  0|TAMS 0x00000006d0200000, 0x00000006d0200000|
| 241|0x00000006d0300000, 0x00000006d0300000, 0x00000006d0400000|  0%| F|  |TS  1|AC  0|TAMS 0x00000006d0300000, 0x00000006d0300000|
| 242|0x00000006d0400000, 0x00000006d0400000, 0x00000006d0500000|  0%| F|  |TS  1|AC  0|TAMS 0x00000006d0400000, 0x00000006d0400000|
| 243|0x00000006d0500000, 0x00000006d0500000, 0x00000006d0600000|  0%| F|  |TS  1|AC  0|TAMS 0x00000006d0500000, 0x00000006d0500000|
| 244|0x00000006d0600000, 0x00000006d0600000, 0x00000006d0700000|  0%| F|  |TS  1|AC  0|TAMS 0x00000006d0600000, 0x00000006d0600000|
| 245|0x00000006d0700000, 0x00000006d0700000, 0x00000006d0800000|  0%| F|  |TS  1|AC  0|TAMS 0x00000006d0700000, 0x00000006d0700000|
| 246|0x00000006d0800000, 0x00000006d0800000, 0x00000006d0900000|  0%| F|  |TS  1|AC  0|TAMS 0x00000006d0800000, 0x00000006d0800000|
| 247|0x00000006d0900000, 0x00000006d0900000, 0x00000006d0a00000|  0%| F|  |TS  1|AC  0|TAMS 0x00000006d0900000, 0x00000006d0900000|
| 248|0x00000006d0a00000, 0x00000006d0a00000, 0x00000006d0b00000|  0%| F|  |TS  1|AC  0|TAMS 0x00000006d0a00000, 0x00000006d0a00000|
| 249|0x00000006d0b00000, 0x00000006d0b00000, 0x00000006d0c00000|  0%| F|  |TS  1|AC  0|TAMS 0x00000006d0b00000, 0x00000006d0b00000|
| 250|0x00000006d0c00000, 0x00000006d0c00000, 0x00000006d0d00000|  0%| F|  |TS  1|AC  0|TAMS 0x00000006d0c00000, 0x00000006d0c00000|
| 251|0x00000006d0d00000, 0x00000006d0d00000, 0x00000006d0e00000|  0%| F|  |TS  1|AC  0|TAMS 0x00000006d0d00000, 0x00000006d0d00000|
| 252|0x00000006d0e00000, 0x00000006d0f00000, 0x00000006d0f00000|100%| E|  |TS  1|AC  0|TAMS 0x00000006d0e00000, 0x00000006d0e00000|
| 253|0x00000006d0f00000, 0x00000006d1000000, 0x00000006d1000000|100%| E|CS|TS  1|AC  0|TAMS 0x00000006d0f00000, 0x00000006d0f00000|
| 254|0x00000006d1000000, 0x00000006d1100000, 0x00000006d1100000|100%| E|CS|TS  1|AC  0|TAMS 0x00000006d1000000, 0x00000006d1000000|
| 255|0x00000006d1100000, 0x00000006d1200000, 0x00000006d1200000|100%| E|CS|TS  1|AC  0|TAMS 0x00000006d1100000, 0x00000006d1100000|

Card table byte_map: [0x000001fea3b50000,0x000001fea4350000] byte_map_base: 0x000001fea0547000

Marking Bits (Prev, Next): (CMBitMap*) 0x000001feacb58828, (CMBitMap*) 0x000001feacb587f0
 Prev Bits: [0x000001fea8b10000, 0x000001feacac8000)
 Next Bits: [0x000001fea4b50000, 0x000001fea8b08000)

Polling page: 0x000001fe8c360000

CodeHeap 'non-profiled nmethods': size=120064Kb used=2071Kb max_used=2071Kb free=117992Kb
 bounds [0x000001fe9be10000, 0x000001fe9c080000, 0x000001fea3350000]
CodeHeap 'profiled nmethods': size=120000Kb used=9782Kb max_used=9782Kb free=110217Kb
 bounds [0x000001fe948e0000, 0x000001fe95270000, 0x000001fe9be10000]
CodeHeap 'non-nmethods': size=5696Kb used=1447Kb max_used=1469Kb free=4248Kb
 bounds [0x000001fe94350000, 0x000001fe945c0000, 0x000001fe948e0000]
 total_blobs=6352 nmethods=4525 adapters=840
 compilation: enabled

Compilation events (10 events):
Event: 165.186 Thread 0x000001feafa4c800 4462       3       java.lang.invoke.MethodHandleNatives$CallSiteContext::run (5 bytes)
Event: 165.186 Thread 0x000001feafa4c800 nmethod 4462 0x000001fe95238210 code [0x000001fe952383e0, 0x000001fe952385d0]
Event: 165.186 Thread 0x000001feafa4c800 4463       3       java.lang.invoke.MethodHandleNatives::access$000 (5 bytes)
Event: 165.186 Thread 0x000001feafa4c800 nmethod 4463 0x000001fe95238690 code [0x000001fe95238840, 0x000001fe952389b0]
Event: 165.186 Thread 0x000001feafa4c800 4465       3       javafx.scene.Node::getMirroringOrientationParent (39 bytes)
Event: 165.186 Thread 0x000001feafa4c800 nmethod 4465 0x000001fe95238a90 code [0x000001fe95238ce0, 0x000001fe952397d0]
Event: 165.187 Thread 0x000001feafa44000 4466       4       java.lang.invoke.LambdaForm::uncustomize (57 bytes)
Event: 165.187 Thread 0x000001feafa44000 nmethod 4466 0x000001fe9c010d10 code [0x000001fe9c010ea0, 0x000001fe9c010f18]
Event: 165.188 Thread 0x000001feafa4c800 4467   !   3       java.util.AbstractList$RandomAccessSpliterator::get (17 bytes)
Event: 165.188 Thread 0x000001feafa4c800 nmethod 4467 0x000001fe95239a10 code [0x000001fe95239be0, 0x000001fe95239ec0]

GC Heap History (8 events):
Event: 0.648 GC heap before
{Heap before GC invocations=0 (full 0):
 garbage-first heap   total 262144K, used 14336K [0x00000006c1200000, 0x00000007c0000000)
  region size 1024K, 14 young (14336K), 0 survivors (0K)
 Metaspace       used 13703K, capacity 14171K, committed 14464K, reserved 1062912K
  class space    used 1576K, capacity 1800K, committed 1920K, reserved 1048576K
}
Event: 0.652 GC heap after
{Heap after GC invocations=1 (full 0):
 garbage-first heap   total 262144K, used 3747K [0x00000006c1200000, 0x00000007c0000000)
  region size 1024K, 2 young (2048K), 2 survivors (2048K)
 Metaspace       used 13703K, capacity 14171K, committed 14464K, reserved 1062912K
  class space    used 1576K, capacity 1800K, committed 1920K, reserved 1048576K
}
Event: 0.959 GC heap before
{Heap before GC invocations=1 (full 0):
 garbage-first heap   total 262144K, used 15011K [0x00000006c1200000, 0x00000007c0000000)
  region size 1024K, 13 young (13312K), 2 survivors (2048K)
 Metaspace       used 20039K, capacity 20809K, committed 21120K, reserved 1067008K
  class space    used 2746K, capacity 3101K, committed 3200K, reserved 1048576K
}
Event: 0.965 GC heap after
{Heap after GC invocations=2 (full 0):
 garbage-first heap   total 262144K, used 6582K [0x00000006c1200000, 0x00000007c0000000)
  region size 1024K, 2 young (2048K), 2 survivors (2048K)
 Metaspace       used 20039K, capacity 20809K, committed 21120K, reserved 1067008K
  class space    used 2746K, capacity 3101K, committed 3200K, reserved 1048576K
}
Event: 0.998 GC heap before
{Heap before GC invocations=2 (full 0):
 garbage-first heap   total 262144K, used 7606K [0x00000006c1200000, 0x00000007c0000000)
  region size 1024K, 4 young (4096K), 2 survivors (2048K)
 Metaspace       used 20404K, capacity 21120K, committed 21296K, reserved 1067008K
  class space    used 2773K, capacity 3139K, committed 3200K, reserved 1048576K
}
Event: 1.001 GC heap after
{Heap after GC invocations=3 (full 0):
 garbage-first heap   total 262144K, used 7134K [0x00000006c1200000, 0x00000007c0000000)
  region size 1024K, 3 young (3072K), 3 survivors (3072K)
 Metaspace       used 20404K, capacity 21120K, committed 21296K, reserved 1067008K
  class space    used 2773K, capacity 3139K, committed 3200K, reserved 1048576K
}
Event: 165.179 GC heap before
{Heap before GC invocations=4 (full 0):
 garbage-first heap   total 262144K, used 73694K [0x00000006c1200000, 0x00000007c0000000)
  region size 1024K, 29 young (29696K), 3 survivors (3072K)
 Metaspace       used 28794K, capacity 29740K, committed 30080K, reserved 1075200K
  class space    used 3712K, capacity 4186K, committed 4224K, reserved 1048576K
}
Event: 165.184 GC heap after
{Heap after GC invocations=5 (full 0):
 garbage-first heap   total 262144K, used 32294K [0x00000006c1200000, 0x00000007c0000000)
  region size 1024K, 4 young (4096K), 4 survivors (4096K)
 Metaspace       used 28794K, capacity 29740K, committed 30080K, reserved 1075200K
  class space    used 3712K, capacity 4186K, committed 4224K, reserved 1048576K
}

Deoptimization events (10 events):
Event: 160.060 Thread 0x000001feb0cd4800 Uncommon trap: reason=array_check action=maybe_recompile pc=0x000001fe9bfc0948 method=javafx.css.SimpleSelector.applies(Ljavafx/css/Styleable;[Ljava/util/Set;I)Z @ 37 c2
Event: 165.117 Thread 0x000001feb0cd4800 Uncommon trap: reason=class_check action=maybe_recompile pc=0x000001fe9c006a1c method=jdk.internal.misc.Unsafe.allocateUninitializedArray(Ljava/lang/Class;I)Ljava/lang/Object; @ 51 c2
Event: 165.117 Thread 0x000001feb0cd4800 Uncommon trap: reason=class_check action=maybe_recompile pc=0x000001fe9c006a1c method=jdk.internal.misc.Unsafe.allocateUninitializedArray(Ljava/lang/Class;I)Ljava/lang/Object; @ 51 c2
Event: 165.117 Thread 0x000001feb0cd4800 Uncommon trap: reason=class_check action=maybe_recompile pc=0x000001fe9c006a1c method=jdk.internal.misc.Unsafe.allocateUninitializedArray(Ljava/lang/Class;I)Ljava/lang/Object; @ 51 c2
Event: 165.117 Thread 0x000001feb0cd4800 Uncommon trap: reason=class_check action=maybe_recompile pc=0x000001fe9c006a1c method=jdk.internal.misc.Unsafe.allocateUninitializedArray(Ljava/lang/Class;I)Ljava/lang/Object; @ 51 c2
Event: 165.144 Thread 0x000001feb0cd4800 Uncommon trap: reason=array_check action=maybe_recompile pc=0x000001fe9bfc0948 method=javafx.css.SimpleSelector.applies(Ljavafx/css/Styleable;[Ljava/util/Set;I)Z @ 37 c2
Event: 165.145 Thread 0x000001feb0cd4800 Uncommon trap: reason=array_check action=maybe_recompile pc=0x000001fe9bfc0948 method=javafx.css.SimpleSelector.applies(Ljavafx/css/Styleable;[Ljava/util/Set;I)Z @ 37 c2
Event: 165.156 Thread 0x000001feb0cd4800 Uncommon trap: reason=unstable_if action=reinterpret pc=0x000001fe9bf9c510 method=com.sun.javafx.css.StyleManager$CacheContainer.getStyleMap(I)Lcom/sun/javafx/css/StyleMap; @ 9 c2
Event: 165.156 Thread 0x000001feb0cd4800 Uncommon trap: reason=unstable_if action=reinterpret pc=0x000001fe9bf832cc method=com.sun.javafx.css.StyleManager$CacheContainer.getStyleMap(I)Lcom/sun/javafx/css/StyleMap; @ 9 c2
Event: 165.160 Thread 0x000001feb0cd4800 Uncommon trap: reason=unstable_if action=reinterpret pc=0x000001fe9bfc3928 method=javafx.scene.CssStyleHelper.lookup(Ljavafx/css/Styleable;Ljavafx/css/CssMetaData;Lcom/sun/javafx/css/StyleMap;Ljava/util/Set;Ljavafx/css/Styleable;Lcom/sun/javafx/css/Calcul

Classes redefined (0 events):
No events

Internal exceptions (10 events):
Event: 5.968 Thread 0x000001feb0cd4800 Exception <a 'java/lang/NoSuchMethodError'{0x00000006d0cf2638}: java.lang.Object.lambda$negate$3(I)Z> (0x00000006d0cf2638) thrown at [t:/workspace/open/src/hotspot/share/interpreter/linkResolver.cpp, line 741]
Event: 5.968 Thread 0x000001feb0cd4800 Exception <a 'java/lang/NoSuchMethodError'{0x00000006d0cf56f8}: java.lang.Object.lambda$and$0(Ljava/util/regex/Pattern$CharPredicate;I)Z> (0x00000006d0cf56f8) thrown at [t:/workspace/open/src/hotspot/share/interpreter/linkResolver.cpp, line 741]
Event: 6.148 Thread 0x000001feb0cd4800 Exception <a 'java/lang/ClassNotFoundException'{0x00000006d08d35c0}: sun/awt/resources/spi/awtProvider> (0x00000006d08d35c0) thrown at [t:/workspace/open/src/hotspot/share/classfile/systemDictionary.cpp, line 233]
Event: 6.149 Thread 0x000001feb0cd4800 Exception <a 'java/io/FileNotFoundException'{0x00000006d08d8470}> (0x00000006d08d8470) thrown at [t:/workspace/open/src/hotspot/share/prims/jni.cpp, line 611]
Event: 6.149 Thread 0x000001feb0cd4800 Exception <a 'java/io/FileNotFoundException'{0x00000006d08dc7a0}> (0x00000006d08dc7a0) thrown at [t:/workspace/open/src/hotspot/share/prims/jni.cpp, line 611]
Event: 6.259 Thread 0x000001feb0cd4800 Exception <a 'java/lang/NullPointerException'{0x00000006d046baa8}> (0x00000006d046baa8) thrown at [t:/workspace/open/src/hotspot/share/interpreter/linkResolver.cpp, line 1324]
Event: 6.259 Thread 0x000001feb0cd4800 Exception <a 'java/lang/reflect/InvocationTargetException'{0x00000006d046c2c8}> (0x00000006d046c2c8) thrown at [t:/workspace/open/src/hotspot/share/runtime/reflection.cpp, line 1222]
Event: 148.420 Thread 0x000001feb0cd4800 Exception <a 'java/io/FileNotFoundException'{0x00000006d02291d0}> (0x00000006d02291d0) thrown at [t:/workspace/open/src/hotspot/share/prims/jni.cpp, line 611]
Event: 148.435 Thread 0x000001feb0cd4800 Exception <a 'java/lang/NoSuchMethodError'{0x00000006d02c4748}: java.lang.Object.lambda$andThen$0(Ljava/util/function/Consumer;Ljava/lang/Object;)V> (0x00000006d02c4748) thrown at [t:/workspace/open/src/hotspot/share/interpreter/linkResolver.cpp, line 741
Event: 165.152 Thread 0x000001feb0cd4800 Exception <a 'java/io/FileNotFoundException'{0x00000006cf6a8a70}> (0x00000006cf6a8a70) thrown at [t:/workspace/open/src/hotspot/share/prims/jni.cpp, line 611]

Events (10 events):
Event: 165.189 loading class javafx/scene/input/KeyEvent
Event: 165.189 loading class javafx/scene/input/KeyEvent done
Event: 165.189 loading class javafx/scene/input/KeyEvent
Event: 165.189 loading class javafx/scene/input/KeyEvent done
Event: 165.189 loading class com/sun/javafx/scene/control/behavior/MenuButtonBehavior
Event: 165.189 loading class com/sun/javafx/scene/control/behavior/MenuButtonBehavior done
Event: 165.189 loading class javafx/scene/input/KeyEvent
Event: 165.189 loading class javafx/scene/input/KeyEvent done
Event: 165.189 loading class com/sun/javafx/scene/control/behavior/MenuButtonBehavior
Event: 165.189 loading class com/sun/javafx/scene/control/behavior/MenuButtonBehavior done


Dynamic libraries:
0x00007ff6b3c00000 - 0x00007ff6b3c3e000 	C:\Program Files\Java\jre-10.0.2\bin\javaw.exe
0x00007ffbd67b0000 - 0x00007ffbd6991000 	C:\WINDOWS\SYSTEM32\ntdll.dll
0x00007ffbd6470000 - 0x00007ffbd6522000 	C:\WINDOWS\System32\KERNEL32.DLL
0x00007ffbd2d00000 - 0x00007ffbd2f73000 	C:\WINDOWS\System32\KERNELBASE.dll
0x000000006d310000 - 0x000000006d62b000 	C:\ProgramData\Symantec\Symantec Endpoint Protection\14.2.760.0000.105\Data\Definitions\IPSDefs\20181026.061\IPSEng64.dll
0x00007ffbd5cd0000 - 0x00007ffbd5d71000 	C:\WINDOWS\System32\ADVAPI32.dll
0x00007ffbd5a00000 - 0x00007ffbd5a9e000 	C:\WINDOWS\System32\msvcrt.dll
0x00007ffbd6720000 - 0x00007ffbd677b000 	C:\WINDOWS\System32\sechost.dll
0x00007ffbd6230000 - 0x00007ffbd6354000 	C:\WINDOWS\System32\RPCRT4.dll
0x00007ffbd56c0000 - 0x00007ffbd56c8000 	C:\WINDOWS\System32\PSAPI.DLL
0x00007ffbd3ea0000 - 0x00007ffbd4030000 	C:\WINDOWS\System32\USER32.dll
0x00007ffbd3c00000 - 0x00007ffbd3c20000 	C:\WINDOWS\System32\win32u.dll
0x00007ffbd66f0000 - 0x00007ffbd6718000 	C:\WINDOWS\System32\GDI32.dll
0x00007ffbd3790000 - 0x00007ffbd3922000 	C:\WINDOWS\System32\gdi32full.dll
0x00007ffbd2c60000 - 0x00007ffbd2cff000 	C:\WINDOWS\System32\msvcp_win.dll
0x00007ffbd2f80000 - 0x00007ffbd307a000 	C:\WINDOWS\System32\ucrtbase.dll
0x00007ffbc0040000 - 0x00007ffbc02a9000 	C:\WINDOWS\WinSxS\amd64_microsoft.windows.common-controls_6595b64144ccf1df_6.0.17134.285_none_fb4297e330656775\COMCTL32.dll
0x00007ffbd56d0000 - 0x00007ffbd59f3000 	C:\WINDOWS\System32\combase.dll
0x00007ffbd3b80000 - 0x00007ffbd3bfa000 	C:\WINDOWS\System32\bcryptPrimitives.dll
0x00007ffbcd650000 - 0x00007ffbcd65a000 	C:\WINDOWS\SYSTEM32\VERSION.dll
0x00007ffbd6650000 - 0x00007ffbd667d000 	C:\WINDOWS\System32\IMM32.DLL
0x00007ffbaab00000 - 0x00007ffbaabef000 	C:\Program Files\Java\jre-10.0.2\bin\msvcr120.dll
0x00007ffba9f30000 - 0x00007ffba9fd6000 	C:\Program Files\Java\jre-10.0.2\bin\msvcp120.dll
0x000000006c8a0000 - 0x000000006d310000 	C:\Program Files\Java\jre-10.0.2\bin\server\jvm.dll
0x00007ffbc0d80000 - 0x00007ffbc0d89000 	C:\WINDOWS\SYSTEM32\WSOCK32.dll
0x00007ffbd6680000 - 0x00007ffbd66ec000 	C:\WINDOWS\System32\WS2_32.dll
0x00007ffbd0d30000 - 0x00007ffbd0d53000 	C:\WINDOWS\SYSTEM32\WINMM.dll
0x00007ffbd0d00000 - 0x00007ffbd0d2a000 	C:\WINDOWS\SYSTEM32\WINMMBASE.dll
0x00007ffbd2c10000 - 0x00007ffbd2c59000 	C:\WINDOWS\System32\cfgmgr32.dll
0x00007ffbcf6c0000 - 0x00007ffbcf6cf000 	C:\Program Files\Java\jre-10.0.2\bin\verify.dll
0x00007ffbbf070000 - 0x00007ffbbf239000 	C:\WINDOWS\SYSTEM32\DBGHELP.DLL
0x00007ffbbd7c0000 - 0x00007ffbbd7e9000 	C:\WINDOWS\SYSTEM32\dbgcore.DLL
0x00007ffbc4c80000 - 0x00007ffbc4ca7000 	C:\Program Files\Java\jre-10.0.2\bin\java.dll
0x00007ffbc95c0000 - 0x00007ffbc95d6000 	C:\Program Files\Java\jre-10.0.2\bin\zip.dll
0x00007ffbc4c70000 - 0x00007ffbc4c7a000 	C:\Program Files\Java\jre-10.0.2\bin\jimage.dll
0x00007ffbd41d0000 - 0x00007ffbd5610000 	C:\WINDOWS\System32\SHELL32.dll
0x00007ffbd5610000 - 0x00007ffbd56b9000 	C:\WINDOWS\System32\shcore.dll
0x00007ffbd3080000 - 0x00007ffbd378d000 	C:\WINDOWS\System32\windows.storage.dll
0x00007ffbd3e30000 - 0x00007ffbd3e81000 	C:\WINDOWS\System32\shlwapi.dll
0x00007ffbd2b40000 - 0x00007ffbd2b51000 	C:\WINDOWS\System32\kernel.appcore.dll
0x00007ffbd2aa0000 - 0x00007ffbd2abf000 	C:\WINDOWS\System32\profapi.dll
0x00007ffbd2ac0000 - 0x00007ffbd2b0c000 	C:\WINDOWS\System32\powrprof.dll
0x00007ffbd2b10000 - 0x00007ffbd2b1a000 	C:\WINDOWS\System32\FLTLIB.DLL
0x000001fe8caf0000 - 0x000001fe8caf3000 	C:\Program Files\Java\jre-10.0.2\bin\api-ms-win-core-console-l1-1-0.dll
0x000001fe8cb00000 - 0x000001fe8cb03000 	C:\Program Files\Java\jre-10.0.2\bin\api-ms-win-core-datetime-l1-1-0.dll
0x000001fe8cb10000 - 0x000001fe8cb13000 	C:\Program Files\Java\jre-10.0.2\bin\api-ms-win-core-debug-l1-1-0.dll
0x000001fe8cb20000 - 0x000001fe8cb23000 	C:\Program Files\Java\jre-10.0.2\bin\api-ms-win-core-errorhandling-l1-1-0.dll
0x000001fe8cb30000 - 0x000001fe8cb34000 	C:\Program Files\Java\jre-10.0.2\bin\api-ms-win-core-file-l1-1-0.dll
0x000001fe8cb40000 - 0x000001fe8cb43000 	C:\Program Files\Java\jre-10.0.2\bin\api-ms-win-core-file-l1-2-0.dll
0x000001fe8cb50000 - 0x000001fe8cb53000 	C:\Program Files\Java\jre-10.0.2\bin\api-ms-win-core-file-l2-1-0.dll
0x000001fe8cb60000 - 0x000001fe8cb63000 	C:\Program Files\Java\jre-10.0.2\bin\api-ms-win-core-handle-l1-1-0.dll
0x000001fe8cb70000 - 0x000001fe8cb73000 	C:\Program Files\Java\jre-10.0.2\bin\api-ms-win-core-heap-l1-1-0.dll
0x000001feb0600000 - 0x000001feb0603000 	C:\Program Files\Java\jre-10.0.2\bin\api-ms-win-core-interlocked-l1-1-0.dll
0x000001feb0610000 - 0x000001feb0613000 	C:\Program Files\Java\jre-10.0.2\bin\api-ms-win-core-libraryloader-l1-1-0.dll
0x000001feb0620000 - 0x000001feb0623000 	C:\Program Files\Java\jre-10.0.2\bin\api-ms-win-core-localization-l1-2-0.dll
0x000001feb0630000 - 0x000001feb0633000 	C:\Program Files\Java\jre-10.0.2\bin\api-ms-win-core-memory-l1-1-0.dll
0x000001feb0640000 - 0x000001feb0643000 	C:\Program Files\Java\jre-10.0.2\bin\api-ms-win-core-namedpipe-l1-1-0.dll
0x000001feb0650000 - 0x000001feb0653000 	C:\Program Files\Java\jre-10.0.2\bin\api-ms-win-core-processenvironment-l1-1-0.dll
0x000001feb0660000 - 0x000001feb0663000 	C:\Program Files\Java\jre-10.0.2\bin\api-ms-win-core-processthreads-l1-1-0.dll
0x000001feb0670000 - 0x000001feb0673000 	C:\Program Files\Java\jre-10.0.2\bin\api-ms-win-core-processthreads-l1-1-1.dll
0x000001feb0680000 - 0x000001feb0683000 	C:\Program Files\Java\jre-10.0.2\bin\api-ms-win-core-profile-l1-1-0.dll
0x000001feb0690000 - 0x000001feb0693000 	C:\Program Files\Java\jre-10.0.2\bin\api-ms-win-core-rtlsupport-l1-1-0.dll
0x000001feb06a0000 - 0x000001feb06a3000 	C:\Program Files\Java\jre-10.0.2\bin\api-ms-win-core-string-l1-1-0.dll
0x000001feb06b0000 - 0x000001feb06b3000 	C:\Program Files\Java\jre-10.0.2\bin\api-ms-win-core-synch-l1-1-0.dll
0x000001feb06c0000 - 0x000001feb06c3000 	C:\Program Files\Java\jre-10.0.2\bin\api-ms-win-core-synch-l1-2-0.dll
0x000001feb06d0000 - 0x000001feb06d3000 	C:\Program Files\Java\jre-10.0.2\bin\api-ms-win-core-sysinfo-l1-1-0.dll
0x000001feb06e0000 - 0x000001feb06e3000 	C:\Program Files\Java\jre-10.0.2\bin\api-ms-win-core-timezone-l1-1-0.dll
0x000001feb06f0000 - 0x000001feb06f3000 	C:\Program Files\Java\jre-10.0.2\bin\api-ms-win-core-util-l1-1-0.dll
0x000001feb0700000 - 0x000001feb0703000 	C:\Program Files\Java\jre-10.0.2\bin\api-ms-win-crt-conio-l1-1-0.dll
0x000001feb0710000 - 0x000001feb0714000 	C:\Program Files\Java\jre-10.0.2\bin\api-ms-win-crt-convert-l1-1-0.dll
0x000001feb0720000 - 0x000001feb0723000 	C:\Program Files\Java\jre-10.0.2\bin\api-ms-win-crt-environment-l1-1-0.dll
0x000001feb0730000 - 0x000001feb0733000 	C:\Program Files\Java\jre-10.0.2\bin\api-ms-win-crt-filesystem-l1-1-0.dll
0x000001feb0740000 - 0x000001feb0743000 	C:\Program Files\Java\jre-10.0.2\bin\api-ms-win-crt-heap-l1-1-0.dll
0x000001feb0750000 - 0x000001feb0753000 	C:\Program Files\Java\jre-10.0.2\bin\api-ms-win-crt-locale-l1-1-0.dll
0x000001feb0760000 - 0x000001feb0765000 	C:\Program Files\Java\jre-10.0.2\bin\api-ms-win-crt-math-l1-1-0.dll
0x000001feb0770000 - 0x000001feb0775000 	C:\Program Files\Java\jre-10.0.2\bin\api-ms-win-crt-multibyte-l1-1-0.dll
0x000001feb0780000 - 0x000001feb0790000 	C:\Program Files\Java\jre-10.0.2\bin\api-ms-win-crt-private-l1-1-0.dll
0x000001feb0790000 - 0x000001feb0793000 	C:\Program Files\Java\jre-10.0.2\bin\api-ms-win-crt-process-l1-1-0.dll
0x000001feb07a0000 - 0x000001feb07a4000 	C:\Program Files\Java\jre-10.0.2\bin\api-ms-win-crt-runtime-l1-1-0.dll
0x000001feb07b0000 - 0x000001feb07b4000 	C:\Program Files\Java\jre-10.0.2\bin\api-ms-win-crt-stdio-l1-1-0.dll
0x000001feb07c0000 - 0x000001feb07c4000 	C:\Program Files\Java\jre-10.0.2\bin\api-ms-win-crt-string-l1-1-0.dll
0x000001feb07d0000 - 0x000001feb07d3000 	C:\Program Files\Java\jre-10.0.2\bin\api-ms-win-crt-time-l1-1-0.dll
0x000001feb07e0000 - 0x000001feb07e3000 	C:\Program Files\Java\jre-10.0.2\bin\api-ms-win-crt-utility-l1-1-0.dll
0x00007ffba9b90000 - 0x00007ffba9c86000 	C:\Program Files\Java\jre-10.0.2\bin\ucrtbase.dll
0x00007ffbc4c50000 - 0x00007ffbc4c66000 	C:\Program Files\Java\jre-10.0.2\bin\vcruntime140.dll
0x00007ffba9e90000 - 0x00007ffba9f2c000 	C:\Program Files\Java\jre-10.0.2\bin\msvcp140.dll
0x00007ffbc2b50000 - 0x00007ffbc2ba1000 	C:\Program Files\Java\jre-10.0.2\bin\concrt140.dll
0x00007ffbb96d0000 - 0x00007ffbb96f3000 	C:\Program Files\Java\jre-10.0.2\bin\prism_d3d.dll
0x00007ffba8c40000 - 0x00007ffba8dd7000 	C:\WINDOWS\system32\d3d9.dll
0x00007ffbd1230000 - 0x00007ffbd1259000 	C:\WINDOWS\SYSTEM32\dwmapi.dll
0x00007ffbd1150000 - 0x00007ffbd11e8000 	C:\WINDOWS\system32\uxtheme.dll
0x00007ffbcaf90000 - 0x00007ffbcb07a000 	C:\WINDOWS\System32\DriverStore\FileRepository\nvdw.inf_amd64_3e99a8f1974383f2\nvldumdx.dll
0x00007ffbd3990000 - 0x00007ffbd3b72000 	C:\WINDOWS\System32\crypt32.dll
0x00007ffbd2b20000 - 0x00007ffbd2b32000 	C:\WINDOWS\System32\MSASN1.dll
0x00007ffbd3930000 - 0x00007ffbd3987000 	C:\WINDOWS\System32\WINTRUST.DLL
0x00007ffbd6530000 - 0x00007ffbd654d000 	C:\WINDOWS\System32\imagehlp.dll
0x00007ffbd24e0000 - 0x00007ffbd24f7000 	C:\WINDOWS\SYSTEM32\CRYPTSP.dll
0x00007ffbd1ea0000 - 0x00007ffbd1ed3000 	C:\WINDOWS\system32\rsaenh.dll
0x00007ffbd2600000 - 0x00007ffbd2625000 	C:\WINDOWS\SYSTEM32\bcrypt.dll
0x00007ffbd24d0000 - 0x00007ffbd24db000 	C:\WINDOWS\SYSTEM32\CRYPTBASE.dll
0x00007ffb9aae0000 - 0x00007ffb9bcb6000 	C:\WINDOWS\System32\DriverStore\FileRepository\nvdw.inf_amd64_3e99a8f1974383f2\nvd3dumx.dll
0x00007ffbaacf0000 - 0x00007ffbaad3a000 	C:\Program Files\Java\jre-10.0.2\bin\glass.dll
0x00007ffbd6360000 - 0x00007ffbd644d000 	C:\WINDOWS\System32\COMDLG32.dll
0x00007ffbd5b70000 - 0x00007ffbd5cc1000 	C:\WINDOWS\System32\ole32.dll
0x00007ffbd5aa0000 - 0x00007ffbd5b62000 	C:\WINDOWS\System32\OLEAUT32.dll
0x00007ffbd3c20000 - 0x00007ffbd3d95000 	C:\WINDOWS\System32\MSCTF.dll
0x00007ffbc94b0000 - 0x00007ffbc94c2000 	C:\WINDOWS\SysWOW64\LskHook64.dll
0x00007ffbc4c30000 - 0x00007ffbc4c4a000 	C:\Program Files\Java\jre-10.0.2\bin\net.dll
0x00007ffbce340000 - 0x00007ffbce41c000 	C:\WINDOWS\SYSTEM32\WINHTTP.dll
0x00007ffbd22c0000 - 0x00007ffbd2326000 	C:\WINDOWS\system32\mswsock.dll
0x00007ffbc2b30000 - 0x00007ffbc2b41000 	C:\Program Files\Java\jre-10.0.2\bin\nio.dll
0x00007ffb84d10000 - 0x00007ffb87a6a000 	C:\CSC\opencv\build\java\x64\opencv_java342.dll
0x00007ffbb96a0000 - 0x00007ffbb96c9000 	C:\WINDOWS\SYSTEM32\MSVFW32.dll
0x00007ffbba410000 - 0x00007ffbba42f000 	C:\WINDOWS\SYSTEM32\AVIFIL32.dll
0x00007ffbb7970000 - 0x00007ffbb7988000 	C:\WINDOWS\SYSTEM32\AVICAP32.dll
0x00007ffbb8410000 - 0x00007ffbb85eb000 	C:\WINDOWS\SYSTEM32\MFPlat.DLL
0x00007ffbaa1a0000 - 0x00007ffbaa21b000 	C:\WINDOWS\SYSTEM32\MF.dll
0x00007ffba9370000 - 0x00007ffba9468000 	C:\WINDOWS\SYSTEM32\MFReadWrite.dll
0x00007ffbcfbe0000 - 0x00007ffbcfeeb000 	C:\WINDOWS\SYSTEM32\d3d11.dll
0x00007ffbb6df0000 - 0x00007ffbb6e0c000 	C:\WINDOWS\SYSTEM32\MSACM32.dll
0x00007ffbd1860000 - 0x00007ffbd191b000 	C:\WINDOWS\SYSTEM32\dxgi.dll
0x00007ffba9470000 - 0x00007ffba989e000 	C:\WINDOWS\SYSTEM32\MFCORE.DLL
0x00007ffbce600000 - 0x00007ffbce609000 	C:\WINDOWS\SYSTEM32\ksuser.dll
0x00007ffbc4a30000 - 0x00007ffbc4a5e000 	C:\WINDOWS\SYSTEM32\RTWorkQ.DLL
0x00007ffbb7700000 - 0x00007ffbb7714000 	C:\Program Files\Java\jre-10.0.2\bin\javafx_font.dll
0x00007ffba91d0000 - 0x00007ffba936b000 	C:\Program Files\Java\jre-10.0.2\bin\awt.dll
0x00007ffbcff90000 - 0x00007ffbd0557000 	C:\WINDOWS\SYSTEM32\d2d1.dll
0x00007ffbd0e20000 - 0x00007ffbd0eab000 	C:\WINDOWS\SYSTEM32\apphelp.dll

dbghelp: loaded successfully - version: 4.0.5 - missing functions: none
symbol engine: initialized successfully - sym options: 0x614 - pdb path: .;C:\Program Files\Java\jre-10.0.2\bin;C:\WINDOWS\SYSTEM32;C:\ProgramData\Symantec\Symantec Endpoint Protection\14.2.760.0000.105\Data\Definitions\IPSDefs\20181026.061;C:\WINDOWS\WinSxS\amd64_microsoft.windows.common-controls_6595b64144ccf1df_6.0.17134.285_none_fb4297e330656775;C:\Program Files\Java\jre-10.0.2\bin\server;C:\WINDOWS\System32\DriverStore\FileRepository\nvdw.inf_amd64_3e99a8f1974383f2;C:\WINDOWS\SysWOW64;C:\CSC\opencv\build\java\x64;C:\Program Files\Common Files\Microsoft Shared\Ink;C:\PROGRA~1\MICROS~1\Office16;C:\PROGRA~1\MICROS~1\Office16\1033;C:\PROGRA~1\MICROS~1\Office14;C:\WINDOWS\WinSxS\amd64_microsoft.vc90.crt_1fc8b3b9a1e18e3b_9.0.30729.9415_none_08e0c10ba840a28a;C:\WINDOWS\WinSxS\amd64_microsoft.vc90.atl_1fc8b3b9a1e18e3b_9.0.30729.4148_none_0a1d2fcba76b3f00;C:\PROGRA~1\COMMON~1\MICROS~1\OFFICE14\Cultures;C:\PROGRA~1\MICROS~1\Office14\1033

VM Arguments:
jvm_args: -Djava.library.path=C:\Users\Minh\Downloads\Programs\opencv;C:\CSC\opencv\build\java\x64 -Dfile.encoding=Cp1252 
java_command: application.Main
java_class_path (initial): H:\git\JaegerRepo\ProjectJaeger\bin;C:\CSC\opencv\build\java\opencv-342.jar;C:\CSC\eclipse\plugins\org.junit.jupiter.api_5.1.0.v20180327-1502.jar;C:\CSC\eclipse\plugins\org.junit.jupiter.engine_5.1.0.v20180327-1502.jar;C:\CSC\eclipse\plugins\org.junit.jupiter.migrationsupport_5.1.0.v20180327-1502.jar;C:\CSC\eclipse\plugins\org.junit.jupiter.params_5.1.0.v20180327-1502.jar;C:\CSC\eclipse\plugins\org.junit.platform.commons_1.1.0.v20180327-1502.jar;C:\CSC\eclipse\plugins\org.junit.platform.engine_1.1.0.v20180327-1502.jar;C:\CSC\eclipse\plugins\org.junit.platform.launcher_1.1.0.v20180327-1502.jar;C:\CSC\eclipse\plugins\org.junit.platform.runner_1.1.0.v20180327-1502.jar;C:\CSC\eclipse\plugins\org.junit.platform.suite.api_1.1.0.v20180327-1502.jar;C:\CSC\eclipse\plugins\org.junit.vintage.engine_5.1.0.v20180327-1502.jar;C:\CSC\eclipse\plugins\org.opentest4j_1.0.0.v20180327-1502.jar;C:\CSC\eclipse\plugins\org.apiguardian_1.0.0.v20180327-1502.jar;C:\CSC\eclipse\plugins\org.junit_4.12.0.v201504281640\junit.jar;C:\CSC\eclipse\plugins\org.hamcrest.core_1.3.0.v20180420-1519.jar;H:\git\JaegerRepo\ProjectJaeger\gson-2.8.5.jar
Launcher Type: SUN_STANDARD

Logging:
Log output configuration:
#0: stdout all=warning uptime,level,tags
#1: stderr all=off uptime,level,tags

Environment Variables:
PATH=C:\Program Files (x86)\Common Files\Oracle\Java\javapath;C:\Program Files (x86)\AMD APP\bin\x86_64;C:\Program Files (x86)\AMD APP\bin\x86;C:\Program Files (x86)\Intel\iCLS Client\;C:\Program Files\Intel\iCLS Client\;C:\WINDOWS\system32;C:\WINDOWS;C:\WINDOWS\System32\Wbem;C:\WINDOWS\System32\WindowsPowerShell\v1.0\;C:\Program Files\leJOS EV3\bin;C:\Anaconda3;C:\Anaconda3\Scripts;C:\Anaconda3\Library\bin;C:\Program Files\MiKTeX 2.9\miktex\bin\x64\;C:\WINDOWS\System32\OpenSSH\;C:\Program Files\Git\cmd;C:\Users\tuannguyen17\AppData\Local\Microsoft\WindowsApps;
USERNAME=tuannguyen17
OS=Windows_NT
PROCESSOR_IDENTIFIER=Intel64 Family 6 Model 94 Stepping 3, GenuineIntel



---------------  S Y S T E M  ---------------

OS: Windows 10 , 64 bit Build 17134 (10.0.17134.1)

CPU:total 4 (initial active 4) (4 cores per cpu, 1 threads per core) family 6 model 94 stepping 3, cmov, cx8, fxsr, mmx, sse, sse2, sse3, ssse3, sse4.1, sse4.2, popcnt, avx, avx2, aes, clmul, erms, rtm, 3dnowpref, lzcnt, tsc, tscinvbit, bmi1, bmi2, adx, fma

Memory: 4k page, physical 16699076k(12309232k free), swap 33476292k(27937268k free)

vm_info: Java HotSpot(TM) 64-Bit Server VM (10.0.2+13) for windows-amd64 JRE (10.0.2+13), built on Jun 28 2018 01:57:56 by "mach5one" with MS VC++ 12.0 (VS2013)

END.
