#
# A fatal error has been detected by the Java Runtime Environment:
#
#  EXCEPTION_ACCESS_VIOLATION (0xc0000005) at pc=0x00007ffb86330335, pid=10128, tid=13360
#
# JRE version: Java(TM) SE Runtime Environment (10.0.2+13) (build 10.0.2+13)
# Java VM: Java HotSpot(TM) 64-Bit Server VM (10.0.2+13, mixed mode, tiered, compressed oops, g1 gc, windows-amd64)
# Problematic frame:
# C  [opencv_java342.dll+0x1620335]
#
# No core dump will be written. Minidumps are not enabled by default on client versions of Windows
#
# If you would like to submit a bug report, please visit:
#   http://bugreport.java.com/bugreport/crash.jsp
# The crash happened outside the Java Virtual Machine in native code.
# See problematic frame for where to report the bug.
#

---------------  S U M M A R Y ------------

Command Line: -Djava.library.path=C:\Users\Minh\Downloads\Programs\opencv;C:\CSC\opencv\build\java\x64 -Dfile.encoding=Cp1252 application.Main

Host: Intel(R) Core(TM) i5-6600 CPU @ 3.30GHz, 4 cores, 15G,  Windows 10 , 64 bit Build 17134 (10.0.17134.1)
Time: Sun Oct 28 19:35:44 2018 Central Daylight Time elapsed time: 29 seconds (0d 0h 0m 29s)

---------------  T H R E A D  ---------------

Current thread (0x0000027f60274000):  JavaThread "Finalizer" daemon [_thread_in_native, id=13360, stack(0x000000bb25b00000,0x000000bb25c00000)]

Stack: [0x000000bb25b00000,0x000000bb25c00000],  sp=0x000000bb25bfeb98,  free space=1018k
Native frames: (J=compiled Java code, j=interpreted, Vv=VM code, C=native code)
C  [opencv_java342.dll+0x1620335]

Java frames: (J=compiled Java code, j=interpreted, Vv=VM code)
j  org.opencv.videoio.VideoCapture.delete(J)V+0
j  org.opencv.videoio.VideoCapture.finalize()V+4
j  java.lang.System$2.invokeFinalize(Ljava/lang/Object;)V+1 java.base@10.0.2
j  java.lang.ref.Finalizer.runFinalizer(Ljdk/internal/misc/JavaLangAccess;)V+46 java.base@10.0.2
j  java.lang.ref.Finalizer.access$100(Ljava/lang/ref/Finalizer;Ljdk/internal/misc/JavaLangAccess;)V+2 java.base@10.0.2
j  java.lang.ref.Finalizer$FinalizerThread.run()V+46 java.base@10.0.2
v  ~StubRoutines::call_stub

siginfo: EXCEPTION_ACCESS_VIOLATION (0xc0000005), reading address 0x0000020f4ecfbee0


Register to memory mapping:

RIP=0x00007ffb86330335 opencv_java342.dll
RAX=0x00007ffb86330330 opencv_java342.dll
RBX={method} {0x0000027f6012d918} 'delete' '(J)V' in 'org/opencv/videoio/VideoCapture'
RCX=0x0000027f60274270 is an unknown value
RDX=0x000000bb25bfec30 is pointing into the stack for thread: 0x0000027f60274000
RSP=0x000000bb25bfeb98 is pointing into the stack for thread: 0x0000027f60274000
RBP=0x000000bb25bfec20 is pointing into the stack for thread: 0x0000027f60274000
RSI=0x00000006cf01b2c8 is an oop
java.lang.ref.Finalizer 
{0x00000006cf01b2c8} - klass: 'java/lang/ref/Finalizer'
RDI=0x0000027f44ba9e80 is at code_begin+1664 in an Interpreter codelet
invoke return entry points  [0x0000027f44ba9800, 0x0000027f44baa1e0]  2528 bytes
R8 =0x0000020f4ecfbee0 is an unknown value
R9 =0x0000027f6025e100 is an unknown value
R10=0x0000027f44baf2e8 is at code_begin+1000 in an Interpreter codelet
method entry point (kind = native)  [0x0000027f44baef00, 0x0000027f44bafa60]  2912 bytes
R11=0x00000006cf314bd8 is an oop
java.lang.Class 
{0x00000006cf314bd8} - klass: 'java/lang/Class'
R12=0x0000000000000000 is an unknown value
R13={method} {0x0000027f6012d918} 'delete' '(J)V' in 'org/opencv/videoio/VideoCapture'
R14=0x000000bb25bfec48 is pointing into the stack for thread: 0x0000027f60274000
R15=0x0000027f60274000 is a thread


Registers:
RAX=0x00007ffb86330330, RBX=0x0000027f6012d910, RCX=0x0000027f60274270, RDX=0x000000bb25bfec30
RSP=0x000000bb25bfeb98, RBP=0x000000bb25bfec20, RSI=0x00000006cf01b2c8, RDI=0x0000027f44ba9e80
R8 =0x0000020f4ecfbee0, R9 =0x0000027f6025e100, R10=0x0000027f44baf2e8, R11=0x00000006cf314bd8
R12=0x0000000000000000, R13=0x0000027f6012d910, R14=0x000000bb25bfec48, R15=0x0000027f60274000
RIP=0x00007ffb86330335, EFLAGS=0x0000000000010202

Top of Stack: (sp=0x000000bb25bfeb98)
0x000000bb25bfeb98:   0000027f44baf317 0000027f44ba9e80
0x000000bb25bfeba8:   0000027f44baf012 0000027f6012d910
0x000000bb25bfebb8:   000000bb25bfec20 00000006cf01b2c8
0x000000bb25bfebc8:   00000006cf01b2c8 0000027f44baefb6
0x000000bb25bfebd8:   000000bb25bfebd8 0000027f6012d910
0x000000bb25bfebe8:   000000bb25bfec48 0000027f6012d978
0x000000bb25bfebf8:   0000000000000000 00000006cf314bd8
0x000000bb25bfec08:   0000027f6012d910 0000000000000000
0x000000bb25bfec18:   000000bb25bfec40 000000bb25bfec98
0x000000bb25bfec28:   0000027f44baa103 00000006cf314bd8
0x000000bb25bfec38:   0000027f44bac258 0000020f4ecfbee0
0x000000bb25bfec48:   0000000000000000 000000bb25bfec50
0x000000bb25bfec58:   0000027f6012ce64 000000bb25bfeca8
0x000000bb25bfec68:   0000027f6012d978 0000000000000000
0x000000bb25bfec78:   00000006cf314bd8 0000027f6012ce80
0x000000bb25bfec88:   000000bb25bfec40 000000bb25bfeca8 

Instructions: (pc=0x00007ffb86330335)
0x00007ffb86330315:   09 48 8b c8 e8 82 11 65 00 90 eb 02 33 c0 48 83
0x00007ffb86330325:   c4 38 c3 cc cc cc cc cc cc cc cc 4d 85 c0 74 0e
0x00007ffb86330335:   49 8b 00 ba 01 00 00 00 49 8b c8 48 ff 20 c3 cc
0x00007ffb86330345:   cc cc cc cc cc cc cc cc cc cc cc 48 89 4c 24 08 



---------------  P R O C E S S  ---------------

Threads class SMR info:
_java_thread_list=0x0000027f6a36cd00, length=19, elements={
0x0000027f3d446000, 0x0000027f6026b000, 0x0000027f60274000, 0x0000027f60287000,
0x0000027f60289000, 0x0000027f60291800, 0x0000027f60294800, 0x0000027f60297000,
0x0000027f602a0000, 0x0000027f60463000, 0x0000027f60467800, 0x0000027f60904800,
0x0000027f60872800, 0x0000027f60873800, 0x0000027f60acb000, 0x0000027f619d8000,
0x0000027f60ca4800, 0x0000027f61eac800, 0x0000027f623ef800
}

Java Threads: ( => current thread )
  0x0000027f3d446000 JavaThread "main" [_thread_blocked, id=10264, stack(0x000000bb24d00000,0x000000bb24e00000)]
  0x0000027f6026b000 JavaThread "Reference Handler" daemon [_thread_blocked, id=11340, stack(0x000000bb25a00000,0x000000bb25b00000)]
=>0x0000027f60274000 JavaThread "Finalizer" daemon [_thread_in_native, id=13360, stack(0x000000bb25b00000,0x000000bb25c00000)]
  0x0000027f60287000 JavaThread "Signal Dispatcher" daemon [_thread_blocked, id=10836, stack(0x000000bb25c00000,0x000000bb25d00000)]
  0x0000027f60289000 JavaThread "Attach Listener" daemon [_thread_blocked, id=4768, stack(0x000000bb25d00000,0x000000bb25e00000)]
  0x0000027f60291800 JavaThread "C2 CompilerThread0" daemon [_thread_in_native, id=14276, stack(0x000000bb25e00000,0x000000bb25f00000)]
  0x0000027f60294800 JavaThread "C2 CompilerThread1" daemon [_thread_in_native, id=12720, stack(0x000000bb25f00000,0x000000bb26000000)]
  0x0000027f60297000 JavaThread "C1 CompilerThread2" daemon [_thread_blocked, id=7940, stack(0x000000bb26000000,0x000000bb26100000)]
  0x0000027f602a0000 JavaThread "Sweeper thread" daemon [_thread_blocked, id=13756, stack(0x000000bb26100000,0x000000bb26200000)]
  0x0000027f60463000 JavaThread "Service Thread" daemon [_thread_blocked, id=8080, stack(0x000000bb26200000,0x000000bb26300000)]
  0x0000027f60467800 JavaThread "Common-Cleaner" daemon [_thread_blocked, id=32, stack(0x000000bb26300000,0x000000bb26400000)]
  0x0000027f60904800 JavaThread "QuantumRenderer-0" daemon [_thread_blocked, id=7544, stack(0x000000bb26500000,0x000000bb26600000)]
  0x0000027f60872800 JavaThread "InvokeLaterDispatcher" daemon [_thread_blocked, id=11860, stack(0x000000bb26800000,0x000000bb26900000)]
  0x0000027f60873800 JavaThread "JavaFX Application Thread" [_thread_in_Java, id=8848, stack(0x000000bb26900000,0x000000bb26a00000)]
  0x0000027f60acb000 JavaThread "Thread-1" daemon [_thread_in_native, id=536, stack(0x000000bb26a00000,0x000000bb26b00000)]
  0x0000027f619d8000 JavaThread "JavaFX-Launcher" [_thread_blocked, id=1548, stack(0x000000bb26b00000,0x000000bb26c00000)]
  0x0000027f60ca4800 JavaThread "Java2D Disposer" daemon [_thread_blocked, id=6304, stack(0x000000bb26c00000,0x000000bb26d00000)]
  0x0000027f61eac800 JavaThread "Prism Font Disposer" daemon [_thread_blocked, id=4132, stack(0x000000bb26d00000,0x000000bb26e00000)]
  0x0000027f623ef800 JavaThread "Cleaner-0" daemon [_thread_blocked, id=13388, stack(0x000000bb27200000,0x000000bb27300000)]

Other Threads:
  0x0000027f6025f000 VMThread "VM Thread" [stack: 0x000000bb25900000,0x000000bb25a00000] [id=10464]
  0x0000027f60468800 WatcherThread [stack: 0x000000bb26400000,0x000000bb26500000] [id=7836]
  0x0000027f3d45f000 GCTaskThread "GC Thread#0" [stack: 0x000000bb24e00000,0x000000bb24f00000] [id=1652]
  0x0000027f3d460800 GCTaskThread "GC Thread#1" [stack: 0x000000bb24f00000,0x000000bb25000000] [id=8884]
  0x0000027f3d464000 GCTaskThread "GC Thread#2" [stack: 0x000000bb25000000,0x000000bb25100000] [id=11828]
  0x0000027f3d46c000 GCTaskThread "GC Thread#3" [stack: 0x000000bb25100000,0x000000bb25200000] [id=10100]
  0x0000027f3d4bc000 ConcurrentGCThread "G1 Main Marker" [stack: 0x000000bb25200000,0x000000bb25300000] [id=4552]
  0x0000027f3d4bd800 ConcurrentGCThread "G1 Conc#0" [stack: 0x000000bb25300000,0x000000bb25400000] [id=13200]
  0x0000027f5d499800 ConcurrentGCThread "G1 Refine#0" [stack: 0x000000bb25400000,0x000000bb25500000] [id=13616]
  0x0000027f5d49c800 ConcurrentGCThread "G1 Refine#1" [stack: 0x000000bb25500000,0x000000bb25600000] [id=12812]
  0x0000027f5d49f800 ConcurrentGCThread "G1 Refine#2" [stack: 0x000000bb25600000,0x000000bb25700000] [id=13260]
  0x0000027f5d4a0800 ConcurrentGCThread "G1 Refine#3" [stack: 0x000000bb25700000,0x000000bb25800000] [id=14016]
  0x0000027f5d4a1800 ConcurrentGCThread "G1 Young RemSet Sampling" [stack: 0x000000bb25800000,0x000000bb25900000] [id=13176]

Threads with active compile tasks:
C2 CompilerThread04412       4       javafx.scene.CssStyleHelper::getStyle (162 bytes)
C2 CompilerThread14406       4       com.sun.javafx.css.StyleManager$Cache::getStyleMap (400 bytes)

VM state:not at safepoint (normal execution)

VM Mutex/Monitor currently owned by a thread: None

Heap address: 0x00000006c1200000, size: 4078 MB, Compressed Oops mode: Zero based, Oop shift amount: 3
Narrow klass base: 0x0000000000000000, Narrow klass shift: 3
Compressed class space size: 1073741824 Address: 0x00000007c0000000

Heap:
 garbage-first heap   total 262144K, used 40717K [0x00000006c1200000, 0x00000007c0000000)
  region size 1024K, 9 young (9216K), 4 survivors (4096K)
 Metaspace       used 29472K, capacity 30541K, committed 30848K, reserved 1075200K
  class space    used 3875K, capacity 4392K, committed 4480K, reserved 1048576K
Heap Regions: E=young(eden), S=young(survivor), O=old, HS=humongous(starts), HC=humongous(continues), CS=collection set, F=free, A=archive, TS=gc time stamp, AC=allocation context, TAMS=top-at-mark-start (previous, next)
|   0|0x00000006c1200000, 0x00000006c1300000, 0x00000006c1300000|100%| O|  |TS  0|AC  0|TAMS 0x00000006c1300000, 0x00000006c1300000|
|   1|0x00000006c1300000, 0x00000006c1400000, 0x00000006c1400000|100%| O|  |TS  0|AC  0|TAMS 0x00000006c1400000, 0x00000006c1400000|
|   2|0x00000006c1400000, 0x00000006c1500000, 0x00000006c1500000|100%| O|  |TS  0|AC  0|TAMS 0x00000006c1500000, 0x00000006c1500000|
|   3|0x00000006c1500000, 0x00000006c1600000, 0x00000006c1600000|100%| O|  |TS  0|AC  0|TAMS 0x00000006c1600000, 0x00000006c1600000|
|   4|0x00000006c1600000, 0x00000006c1700000, 0x00000006c1700000|100%| O|  |TS  1|AC  0|TAMS 0x00000006c163fc00, 0x00000006c163fc00|
|   5|0x00000006c1700000, 0x00000006c1800000, 0x00000006c1800000|100%|HS|  |TS  0|AC  0|TAMS 0x00000006c1700000, 0x00000006c1700000|
|   6|0x00000006c1800000, 0x00000006c1900000, 0x00000006c1900000|100%|HC|  |TS  0|AC  0|TAMS 0x00000006c1800000, 0x00000006c1800000|
|   7|0x00000006c1900000, 0x00000006c1a00000, 0x00000006c1a00000|100%|HS|  |TS  1|AC  0|TAMS 0x00000006c1900000, 0x00000006c1900000|
|   8|0x00000006c1a00000, 0x00000006c1b00000, 0x00000006c1b00000|100%|HS|  |TS  0|AC  0|TAMS 0x00000006c1a00000, 0x00000006c1a00000|
|   9|0x00000006c1b00000, 0x00000006c1c00000, 0x00000006c1c00000|100%|HS|  |TS  0|AC  0|TAMS 0x00000006c1b00000, 0x00000006c1b00000|
|  10|0x00000006c1c00000, 0x00000006c1d00000, 0x00000006c1d00000|100%|HC|  |TS  0|AC  0|TAMS 0x00000006c1c00000, 0x00000006c1c00000|
|  11|0x00000006c1d00000, 0x00000006c1e00000, 0x00000006c1e00000|100%|HS|  |TS  1|AC  0|TAMS 0x00000006c1d00000, 0x00000006c1d00000|
|  12|0x00000006c1e00000, 0x00000006c1f00000, 0x00000006c1f00000|100%|HS|  |TS  1|AC  0|TAMS 0x00000006c1e00000, 0x00000006c1e00000|
|  13|0x00000006c1f00000, 0x00000006c2000000, 0x00000006c2000000|100%|HC|  |TS  1|AC  0|TAMS 0x00000006c1f00000, 0x00000006c1f00000|
|  14|0x00000006c2000000, 0x00000006c2100000, 0x00000006c2100000|100%|HS|  |TS  0|AC  0|TAMS 0x00000006c2000000, 0x00000006c2000000|
|  15|0x00000006c2100000, 0x00000006c2200000, 0x00000006c2200000|100%|HS|  |TS  0|AC  0|TAMS 0x00000006c2100000, 0x00000006c2100000|
|  16|0x00000006c2200000, 0x00000006c2300000, 0x00000006c2300000|100%|HC|  |TS  0|AC  0|TAMS 0x00000006c2200000, 0x00000006c2200000|
|  17|0x00000006c2300000, 0x00000006c2400000, 0x00000006c2400000|100%|HS|  |TS  1|AC  0|TAMS 0x00000006c2300000, 0x00000006c2300000|
|  18|0x00000006c2400000, 0x00000006c2500000, 0x00000006c2500000|100%|HC|  |TS  1|AC  0|TAMS 0x00000006c2400000, 0x00000006c2400000|
|  19|0x00000006c2500000, 0x00000006c2600000, 0x00000006c2600000|100%|HS|  |TS  1|AC  0|TAMS 0x00000006c2500000, 0x00000006c2500000|
|  20|0x00000006c2600000, 0x00000006c2700000, 0x00000006c2700000|100%|HS|  |TS  0|AC  0|TAMS 0x00000006c2600000, 0x00000006c2600000|
|  21|0x00000006c2700000, 0x00000006c2800000, 0x00000006c2800000|100%|HS|  |TS  0|AC  0|TAMS 0x00000006c2700000, 0x00000006c2700000|
|  22|0x00000006c2800000, 0x00000006c2900000, 0x00000006c2900000|100%|HC|  |TS  0|AC  0|TAMS 0x00000006c2800000, 0x00000006c2800000|
|  23|0x00000006c2900000, 0x00000006c2a00000, 0x00000006c2a00000|100%|HS|  |TS  1|AC  0|TAMS 0x00000006c2900000, 0x00000006c2900000|
|  24|0x00000006c2a00000, 0x00000006c2b00000, 0x00000006c2b00000|100%|HS|  |TS  1|AC  0|TAMS 0x00000006c2a00000, 0x00000006c2a00000|
|  25|0x00000006c2b00000, 0x00000006c2c00000, 0x00000006c2c00000|100%|HC|  |TS  1|AC  0|TAMS 0x00000006c2b00000, 0x00000006c2b00000|
|  26|0x00000006c2c00000, 0x00000006c2d00000, 0x00000006c2d00000|100%|HS|  |TS  0|AC  0|TAMS 0x00000006c2c00000, 0x00000006c2c00000|
|  27|0x00000006c2d00000, 0x00000006c2e00000, 0x00000006c2e00000|100%|HS|  |TS  0|AC  0|TAMS 0x00000006c2d00000, 0x00000006c2d00000|
|  28|0x00000006c2e00000, 0x00000006c2f00000, 0x00000006c2f00000|100%|HC|  |TS  0|AC  0|TAMS 0x00000006c2e00000, 0x00000006c2e00000|
|  29|0x00000006c2f00000, 0x00000006c3000000, 0x00000006c3000000|100%|HS|  |TS  1|AC  0|TAMS 0x00000006c2f00000, 0x00000006c2f00000|
|  30|0x00000006c3000000, 0x00000006c3100000, 0x00000006c3100000|100%|HC|  |TS  1|AC  0|TAMS 0x00000006c3000000, 0x00000006c3000000|
|  31|0x00000006c3100000, 0x00000006c3200000, 0x00000006c3200000|100%| O|  |TS  1|AC  0|TAMS 0x00000006c3100000, 0x00000006c3100000|
|  32|0x00000006c3200000, 0x00000006c323dc00, 0x00000006c3300000| 24%| O|  |TS  1|AC  0|TAMS 0x00000006c3200000, 0x00000006c3200000|
|  33|0x00000006c3300000, 0x00000006c3300000, 0x00000006c3400000|  0%| F|  |TS  0|AC  0|TAMS 0x00000006c3300000, 0x00000006c3300000|
|  34|0x00000006c3400000, 0x00000006c3400000, 0x00000006c3500000|  0%| F|  |TS  0|AC  0|TAMS 0x00000006c3400000, 0x00000006c3400000|
|  35|0x00000006c3500000, 0x00000006c3500000, 0x00000006c3600000|  0%| F|  |TS  0|AC  0|TAMS 0x00000006c3500000, 0x00000006c3500000|
|  36|0x00000006c3600000, 0x00000006c3600000, 0x00000006c3700000|  0%| F|  |TS  0|AC  0|TAMS 0x00000006c3600000, 0x00000006c3600000|
|  37|0x00000006c3700000, 0x00000006c3700000, 0x00000006c3800000|  0%| F|  |TS  0|AC  0|TAMS 0x00000006c3700000, 0x00000006c3700000|
|  38|0x00000006c3800000, 0x00000006c3800000, 0x00000006c3900000|  0%| F|  |TS  0|AC  0|TAMS 0x00000006c3800000, 0x00000006c3800000|
|  39|0x00000006c3900000, 0x00000006c3900000, 0x00000006c3a00000|  0%| F|  |TS  0|AC  0|TAMS 0x00000006c3900000, 0x00000006c3900000|
|  40|0x00000006c3a00000, 0x00000006c3a00000, 0x00000006c3b00000|  0%| F|  |TS  0|AC  0|TAMS 0x00000006c3a00000, 0x00000006c3a00000|
|  41|0x00000006c3b00000, 0x00000006c3b00000, 0x00000006c3c00000|  0%| F|  |TS  0|AC  0|TAMS 0x00000006c3b00000, 0x00000006c3b00000|
|  42|0x00000006c3c00000, 0x00000006c3c00000, 0x00000006c3d00000|  0%| F|  |TS  0|AC  0|TAMS 0x00000006c3c00000, 0x00000006c3c00000|
|  43|0x00000006c3d00000, 0x00000006c3d00000, 0x00000006c3e00000|  0%| F|  |TS  0|AC  0|TAMS 0x00000006c3d00000, 0x00000006c3d00000|
|  44|0x00000006c3e00000, 0x00000006c3e00000, 0x00000006c3f00000|  0%| F|  |TS  0|AC  0|TAMS 0x00000006c3e00000, 0x00000006c3e00000|
|  45|0x00000006c3f00000, 0x00000006c3f00000, 0x00000006c4000000|  0%| F|  |TS  0|AC  0|TAMS 0x00000006c3f00000, 0x00000006c3f00000|
|  46|0x00000006c4000000, 0x00000006c4000000, 0x00000006c4100000|  0%| F|  |TS  0|AC  0|TAMS 0x00000006c4000000, 0x00000006c4000000|
|  47|0x00000006c4100000, 0x00000006c4100000, 0x00000006c4200000|  0%| F|  |TS  0|AC  0|TAMS 0x00000006c4100000, 0x00000006c4100000|
|  48|0x00000006c4200000, 0x00000006c4200000, 0x00000006c4300000|  0%| F|  |TS  0|AC  0|TAMS 0x00000006c4200000, 0x00000006c4200000|
|  49|0x00000006c4300000, 0x00000006c4300000, 0x00000006c4400000|  0%| F|  |TS  0|AC  0|TAMS 0x00000006c4300000, 0x00000006c4300000|
|  50|0x00000006c4400000, 0x00000006c4400000, 0x00000006c4500000|  0%| F|  |TS  0|AC  0|TAMS 0x00000006c4400000, 0x00000006c4400000|
|  51|0x00000006c4500000, 0x00000006c4500000, 0x00000006c4600000|  0%| F|  |TS  0|AC  0|TAMS 0x00000006c4500000, 0x00000006c4500000|
|  52|0x00000006c4600000, 0x00000006c4600000, 0x00000006c4700000|  0%| F|  |TS  0|AC  0|TAMS 0x00000006c4600000, 0x00000006c4600000|
|  53|0x00000006c4700000, 0x00000006c4700000, 0x00000006c4800000|  0%| F|  |TS  0|AC  0|TAMS 0x00000006c4700000, 0x00000006c4700000|
|  54|0x00000006c4800000, 0x00000006c4800000, 0x00000006c4900000|  0%| F|  |TS  0|AC  0|TAMS 0x00000006c4800000, 0x00000006c4800000|
|  55|0x00000006c4900000, 0x00000006c4900000, 0x00000006c4a00000|  0%| F|  |TS  0|AC  0|TAMS 0x00000006c4900000, 0x00000006c4900000|
|  56|0x00000006c4a00000, 0x00000006c4a00000, 0x00000006c4b00000|  0%| F|  |TS  0|AC  0|TAMS 0x00000006c4a00000, 0x00000006c4a00000|
|  57|0x00000006c4b00000, 0x00000006c4b00000, 0x00000006c4c00000|  0%| F|  |TS  0|AC  0|TAMS 0x00000006c4b00000, 0x00000006c4b00000|
|  58|0x00000006c4c00000, 0x00000006c4c00000, 0x00000006c4d00000|  0%| F|  |TS  0|AC  0|TAMS 0x00000006c4c00000, 0x00000006c4c00000|
|  59|0x00000006c4d00000, 0x00000006c4d00000, 0x00000006c4e00000|  0%| F|  |TS  0|AC  0|TAMS 0x00000006c4d00000, 0x00000006c4d00000|
|  60|0x00000006c4e00000, 0x00000006c4e00000, 0x00000006c4f00000|  0%| F|  |TS  0|AC  0|TAMS 0x00000006c4e00000, 0x00000006c4e00000|
|  61|0x00000006c4f00000, 0x00000006c4f00000, 0x00000006c5000000|  0%| F|  |TS  0|AC  0|TAMS 0x00000006c4f00000, 0x00000006c4f00000|
|  62|0x00000006c5000000, 0x00000006c5000000, 0x00000006c5100000|  0%| F|  |TS  0|AC  0|TAMS 0x00000006c5000000, 0x00000006c5000000|
|  63|0x00000006c5100000, 0x00000006c5100000, 0x00000006c5200000|  0%| F|  |TS  0|AC  0|TAMS 0x00000006c5100000, 0x00000006c5100000|
|  64|0x00000006c5200000, 0x00000006c5200000, 0x00000006c5300000|  0%| F|  |TS  0|AC  0|TAMS 0x00000006c5200000, 0x00000006c5200000|
|  65|0x00000006c5300000, 0x00000006c5300000, 0x00000006c5400000|  0%| F|  |TS  0|AC  0|TAMS 0x00000006c5300000, 0x00000006c5300000|
|  66|0x00000006c5400000, 0x00000006c5400000, 0x00000006c5500000|  0%| F|  |TS  0|AC  0|TAMS 0x00000006c5400000, 0x00000006c5400000|
|  67|0x00000006c5500000, 0x00000006c5500000, 0x00000006c5600000|  0%| F|  |TS  0|AC  0|TAMS 0x00000006c5500000, 0x00000006c5500000|
|  68|0x00000006c5600000, 0x00000006c5600000, 0x00000006c5700000|  0%| F|  |TS  0|AC  0|TAMS 0x00000006c5600000, 0x00000006c5600000|
|  69|0x00000006c5700000, 0x00000006c5700000, 0x00000006c5800000|  0%| F|  |TS  0|AC  0|TAMS 0x00000006c5700000, 0x00000006c5700000|
|  70|0x00000006c5800000, 0x00000006c5800000, 0x00000006c5900000|  0%| F|  |TS  0|AC  0|TAMS 0x00000006c5800000, 0x00000006c5800000|
|  71|0x00000006c5900000, 0x00000006c5900000, 0x00000006c5a00000|  0%| F|  |TS  0|AC  0|TAMS 0x00000006c5900000, 0x00000006c5900000|
|  72|0x00000006c5a00000, 0x00000006c5a00000, 0x00000006c5b00000|  0%| F|  |TS  0|AC  0|TAMS 0x00000006c5a00000, 0x00000006c5a00000|
|  73|0x00000006c5b00000, 0x00000006c5b00000, 0x00000006c5c00000|  0%| F|  |TS  0|AC  0|TAMS 0x00000006c5b00000, 0x00000006c5b00000|
|  74|0x00000006c5c00000, 0x00000006c5c00000, 0x00000006c5d00000|  0%| F|  |TS  0|AC  0|TAMS 0x00000006c5c00000, 0x00000006c5c00000|
|  75|0x00000006c5d00000, 0x00000006c5d00000, 0x00000006c5e00000|  0%| F|  |TS  0|AC  0|TAMS 0x00000006c5d00000, 0x00000006c5d00000|
|  76|0x00000006c5e00000, 0x00000006c5e00000, 0x00000006c5f00000|  0%| F|  |TS  0|AC  0|TAMS 0x00000006c5e00000, 0x00000006c5e00000|
|  77|0x00000006c5f00000, 0x00000006c5f00000, 0x00000006c6000000|  0%| F|  |TS  0|AC  0|TAMS 0x00000006c5f00000, 0x00000006c5f00000|
|  78|0x00000006c6000000, 0x00000006c6000000, 0x00000006c6100000|  0%| F|  |TS  0|AC  0|TAMS 0x00000006c6000000, 0x00000006c6000000|
|  79|0x00000006c6100000, 0x00000006c6100000, 0x00000006c6200000|  0%| F|  |TS  0|AC  0|TAMS 0x00000006c6100000, 0x00000006c6100000|
|  80|0x00000006c6200000, 0x00000006c6200000, 0x00000006c6300000|  0%| F|  |TS  0|AC  0|TAMS 0x00000006c6200000, 0x00000006c6200000|
|  81|0x00000006c6300000, 0x00000006c6300000, 0x00000006c6400000|  0%| F|  |TS  0|AC  0|TAMS 0x00000006c6300000, 0x00000006c6300000|
|  82|0x00000006c6400000, 0x00000006c6400000, 0x00000006c6500000|  0%| F|  |TS  0|AC  0|TAMS 0x00000006c6400000, 0x00000006c6400000|
|  83|0x00000006c6500000, 0x00000006c6500000, 0x00000006c6600000|  0%| F|  |TS  0|AC  0|TAMS 0x00000006c6500000, 0x00000006c6500000|
|  84|0x00000006c6600000, 0x00000006c6600000, 0x00000006c6700000|  0%| F|  |TS  0|AC  0|TAMS 0x00000006c6600000, 0x00000006c6600000|
|  85|0x00000006c6700000, 0x00000006c6700000, 0x00000006c6800000|  0%| F|  |TS  0|AC  0|TAMS 0x00000006c6700000, 0x00000006c6700000|
|  86|0x00000006c6800000, 0x00000006c6800000, 0x00000006c6900000|  0%| F|  |TS  0|AC  0|TAMS 0x00000006c6800000, 0x00000006c6800000|
|  87|0x00000006c6900000, 0x00000006c6900000, 0x00000006c6a00000|  0%| F|  |TS  0|AC  0|TAMS 0x00000006c6900000, 0x00000006c6900000|
|  88|0x00000006c6a00000, 0x00000006c6a00000, 0x00000006c6b00000|  0%| F|  |TS  0|AC  0|TAMS 0x00000006c6a00000, 0x00000006c6a00000|
|  89|0x00000006c6b00000, 0x00000006c6b00000, 0x00000006c6c00000|  0%| F|  |TS  0|AC  0|TAMS 0x00000006c6b00000, 0x00000006c6b00000|
|  90|0x00000006c6c00000, 0x00000006c6c00000, 0x00000006c6d00000|  0%| F|  |TS  0|AC  0|TAMS 0x00000006c6c00000, 0x00000006c6c00000|
|  91|0x00000006c6d00000, 0x00000006c6d00000, 0x00000006c6e00000|  0%| F|  |TS  0|AC  0|TAMS 0x00000006c6d00000, 0x00000006c6d00000|
|  92|0x00000006c6e00000, 0x00000006c6e00000, 0x00000006c6f00000|  0%| F|  |TS  0|AC  0|TAMS 0x00000006c6e00000, 0x00000006c6e00000|
|  93|0x00000006c6f00000, 0x00000006c6f00000, 0x00000006c7000000|  0%| F|  |TS  0|AC  0|TAMS 0x00000006c6f00000, 0x00000006c6f00000|
|  94|0x00000006c7000000, 0x00000006c7000000, 0x00000006c7100000|  0%| F|  |TS  0|AC  0|TAMS 0x00000006c7000000, 0x00000006c7000000|
|  95|0x00000006c7100000, 0x00000006c7100000, 0x00000006c7200000|  0%| F|  |TS  0|AC  0|TAMS 0x00000006c7100000, 0x00000006c7100000|
|  96|0x00000006c7200000, 0x00000006c7200000, 0x00000006c7300000|  0%| F|  |TS  0|AC  0|TAMS 0x00000006c7200000, 0x00000006c7200000|
|  97|0x00000006c7300000, 0x00000006c7300000, 0x00000006c7400000|  0%| F|  |TS  0|AC  0|TAMS 0x00000006c7300000, 0x00000006c7300000|
|  98|0x00000006c7400000, 0x00000006c7400000, 0x00000006c7500000|  0%| F|  |TS  0|AC  0|TAMS 0x00000006c7400000, 0x00000006c7400000|
|  99|0x00000006c7500000, 0x00000006c7500000, 0x00000006c7600000|  0%| F|  |TS  0|AC  0|TAMS 0x00000006c7500000, 0x00000006c7500000|
| 100|0x00000006c7600000, 0x00000006c7600000, 0x00000006c7700000|  0%| F|  |TS  0|AC  0|TAMS 0x00000006c7600000, 0x00000006c7600000|
| 101|0x00000006c7700000, 0x00000006c7700000, 0x00000006c7800000|  0%| F|  |TS  0|AC  0|TAMS 0x00000006c7700000, 0x00000006c7700000|
| 102|0x00000006c7800000, 0x00000006c7800000, 0x00000006c7900000|  0%| F|  |TS  0|AC  0|TAMS 0x00000006c7800000, 0x00000006c7800000|
| 103|0x00000006c7900000, 0x00000006c7900000, 0x00000006c7a00000|  0%| F|  |TS  0|AC  0|TAMS 0x00000006c7900000, 0x00000006c7900000|
| 104|0x00000006c7a00000, 0x00000006c7a00000, 0x00000006c7b00000|  0%| F|  |TS  0|AC  0|TAMS 0x00000006c7a00000, 0x00000006c7a00000|
| 105|0x00000006c7b00000, 0x00000006c7b00000, 0x00000006c7c00000|  0%| F|  |TS  0|AC  0|TAMS 0x00000006c7b00000, 0x00000006c7b00000|
| 106|0x00000006c7c00000, 0x00000006c7c00000, 0x00000006c7d00000|  0%| F|  |TS  0|AC  0|TAMS 0x00000006c7c00000, 0x00000006c7c00000|
| 107|0x00000006c7d00000, 0x00000006c7d00000, 0x00000006c7e00000|  0%| F|  |TS  0|AC  0|TAMS 0x00000006c7d00000, 0x00000006c7d00000|
| 108|0x00000006c7e00000, 0x00000006c7e00000, 0x00000006c7f00000|  0%| F|  |TS  0|AC  0|TAMS 0x00000006c7e00000, 0x00000006c7e00000|
| 109|0x00000006c7f00000, 0x00000006c7f00000, 0x00000006c8000000|  0%| F|  |TS  0|AC  0|TAMS 0x00000006c7f00000, 0x00000006c7f00000|
| 110|0x00000006c8000000, 0x00000006c8000000, 0x00000006c8100000|  0%| F|  |TS  0|AC  0|TAMS 0x00000006c8000000, 0x00000006c8000000|
| 111|0x00000006c8100000, 0x00000006c8100000, 0x00000006c8200000|  0%| F|  |TS  0|AC  0|TAMS 0x00000006c8100000, 0x00000006c8100000|
| 112|0x00000006c8200000, 0x00000006c8200000, 0x00000006c8300000|  0%| F|  |TS  0|AC  0|TAMS 0x00000006c8200000, 0x00000006c8200000|
| 113|0x00000006c8300000, 0x00000006c8300000, 0x00000006c8400000|  0%| F|  |TS  0|AC  0|TAMS 0x00000006c8300000, 0x00000006c8300000|
| 114|0x00000006c8400000, 0x00000006c8400000, 0x00000006c8500000|  0%| F|  |TS  0|AC  0|TAMS 0x00000006c8400000, 0x00000006c8400000|
| 115|0x00000006c8500000, 0x00000006c8500000, 0x00000006c8600000|  0%| F|  |TS  0|AC  0|TAMS 0x00000006c8500000, 0x00000006c8500000|
| 116|0x00000006c8600000, 0x00000006c8600000, 0x00000006c8700000|  0%| F|  |TS  0|AC  0|TAMS 0x00000006c8600000, 0x00000006c8600000|
| 117|0x00000006c8700000, 0x00000006c8700000, 0x00000006c8800000|  0%| F|  |TS  0|AC  0|TAMS 0x00000006c8700000, 0x00000006c8700000|
| 118|0x00000006c8800000, 0x00000006c8800000, 0x00000006c8900000|  0%| F|  |TS  0|AC  0|TAMS 0x00000006c8800000, 0x00000006c8800000|
| 119|0x00000006c8900000, 0x00000006c8900000, 0x00000006c8a00000|  0%| F|  |TS  0|AC  0|TAMS 0x00000006c8900000, 0x00000006c8900000|
| 120|0x00000006c8a00000, 0x00000006c8a00000, 0x00000006c8b00000|  0%| F|  |TS  0|AC  0|TAMS 0x00000006c8a00000, 0x00000006c8a00000|
| 121|0x00000006c8b00000, 0x00000006c8b00000, 0x00000006c8c00000|  0%| F|  |TS  0|AC  0|TAMS 0x00000006c8b00000, 0x00000006c8b00000|
| 122|0x00000006c8c00000, 0x00000006c8c00000, 0x00000006c8d00000|  0%| F|  |TS  0|AC  0|TAMS 0x00000006c8c00000, 0x00000006c8c00000|
| 123|0x00000006c8d00000, 0x00000006c8d00000, 0x00000006c8e00000|  0%| F|  |TS  0|AC  0|TAMS 0x00000006c8d00000, 0x00000006c8d00000|
| 124|0x00000006c8e00000, 0x00000006c8e00000, 0x00000006c8f00000|  0%| F|  |TS  0|AC  0|TAMS 0x00000006c8e00000, 0x00000006c8e00000|
| 125|0x00000006c8f00000, 0x00000006c8f00000, 0x00000006c9000000|  0%| F|  |TS  0|AC  0|TAMS 0x00000006c8f00000, 0x00000006c8f00000|
| 126|0x00000006c9000000, 0x00000006c9000000, 0x00000006c9100000|  0%| F|  |TS  0|AC  0|TAMS 0x00000006c9000000, 0x00000006c9000000|
| 127|0x00000006c9100000, 0x00000006c9100000, 0x00000006c9200000|  0%| F|  |TS  0|AC  0|TAMS 0x00000006c9100000, 0x00000006c9100000|
| 128|0x00000006c9200000, 0x00000006c9200000, 0x00000006c9300000|  0%| F|  |TS  0|AC  0|TAMS 0x00000006c9200000, 0x00000006c9200000|
| 129|0x00000006c9300000, 0x00000006c9300000, 0x00000006c9400000|  0%| F|  |TS  0|AC  0|TAMS 0x00000006c9300000, 0x00000006c9300000|
| 130|0x00000006c9400000, 0x00000006c9400000, 0x00000006c9500000|  0%| F|  |TS  0|AC  0|TAMS 0x00000006c9400000, 0x00000006c9400000|
| 131|0x00000006c9500000, 0x00000006c9500000, 0x00000006c9600000|  0%| F|  |TS  0|AC  0|TAMS 0x00000006c9500000, 0x00000006c9500000|
| 132|0x00000006c9600000, 0x00000006c9600000, 0x00000006c9700000|  0%| F|  |TS  0|AC  0|TAMS 0x00000006c9600000, 0x00000006c9600000|
| 133|0x00000006c9700000, 0x00000006c9700000, 0x00000006c9800000|  0%| F|  |TS  0|AC  0|TAMS 0x00000006c9700000, 0x00000006c9700000|
| 134|0x00000006c9800000, 0x00000006c9800000, 0x00000006c9900000|  0%| F|  |TS  0|AC  0|TAMS 0x00000006c9800000, 0x00000006c9800000|
| 135|0x00000006c9900000, 0x00000006c9900000, 0x00000006c9a00000|  0%| F|  |TS  0|AC  0|TAMS 0x00000006c9900000, 0x00000006c9900000|
| 136|0x00000006c9a00000, 0x00000006c9a00000, 0x00000006c9b00000|  0%| F|  |TS  0|AC  0|TAMS 0x00000006c9a00000, 0x00000006c9a00000|
| 137|0x00000006c9b00000, 0x00000006c9b00000, 0x00000006c9c00000|  0%| F|  |TS  0|AC  0|TAMS 0x00000006c9b00000, 0x00000006c9b00000|
| 138|0x00000006c9c00000, 0x00000006c9c00000, 0x00000006c9d00000|  0%| F|  |TS  0|AC  0|TAMS 0x00000006c9c00000, 0x00000006c9c00000|
| 139|0x00000006c9d00000, 0x00000006c9d00000, 0x00000006c9e00000|  0%| F|  |TS  0|AC  0|TAMS 0x00000006c9d00000, 0x00000006c9d00000|
| 140|0x00000006c9e00000, 0x00000006c9e00000, 0x00000006c9f00000|  0%| F|  |TS  0|AC  0|TAMS 0x00000006c9e00000, 0x00000006c9e00000|
| 141|0x00000006c9f00000, 0x00000006c9f00000, 0x00000006ca000000|  0%| F|  |TS  0|AC  0|TAMS 0x00000006c9f00000, 0x00000006c9f00000|
| 142|0x00000006ca000000, 0x00000006ca000000, 0x00000006ca100000|  0%| F|  |TS  0|AC  0|TAMS 0x00000006ca000000, 0x00000006ca000000|
| 143|0x00000006ca100000, 0x00000006ca100000, 0x00000006ca200000|  0%| F|  |TS  0|AC  0|TAMS 0x00000006ca100000, 0x00000006ca100000|
| 144|0x00000006ca200000, 0x00000006ca200000, 0x00000006ca300000|  0%| F|  |TS  0|AC  0|TAMS 0x00000006ca200000, 0x00000006ca200000|
| 145|0x00000006ca300000, 0x00000006ca300000, 0x00000006ca400000|  0%| F|  |TS  0|AC  0|TAMS 0x00000006ca300000, 0x00000006ca300000|
| 146|0x00000006ca400000, 0x00000006ca400000, 0x00000006ca500000|  0%| F|  |TS  0|AC  0|TAMS 0x00000006ca400000, 0x00000006ca400000|
| 147|0x00000006ca500000, 0x00000006ca500000, 0x00000006ca600000|  0%| F|  |TS  0|AC  0|TAMS 0x00000006ca500000, 0x00000006ca500000|
| 148|0x00000006ca600000, 0x00000006ca600000, 0x00000006ca700000|  0%| F|  |TS  0|AC  0|TAMS 0x00000006ca600000, 0x00000006ca600000|
| 149|0x00000006ca700000, 0x00000006ca700000, 0x00000006ca800000|  0%| F|  |TS  0|AC  0|TAMS 0x00000006ca700000, 0x00000006ca700000|
| 150|0x00000006ca800000, 0x00000006ca800000, 0x00000006ca900000|  0%| F|  |TS  0|AC  0|TAMS 0x00000006ca800000, 0x00000006ca800000|
| 151|0x00000006ca900000, 0x00000006ca900000, 0x00000006caa00000|  0%| F|  |TS  0|AC  0|TAMS 0x00000006ca900000, 0x00000006ca900000|
| 152|0x00000006caa00000, 0x00000006caa00000, 0x00000006cab00000|  0%| F|  |TS  0|AC  0|TAMS 0x00000006caa00000, 0x00000006caa00000|
| 153|0x00000006cab00000, 0x00000006cab00000, 0x00000006cac00000|  0%| F|  |TS  0|AC  0|TAMS 0x00000006cab00000, 0x00000006cab00000|
| 154|0x00000006cac00000, 0x00000006cac00000, 0x00000006cad00000|  0%| F|  |TS  0|AC  0|TAMS 0x00000006cac00000, 0x00000006cac00000|
| 155|0x00000006cad00000, 0x00000006cad00000, 0x00000006cae00000|  0%| F|  |TS  0|AC  0|TAMS 0x00000006cad00000, 0x00000006cad00000|
| 156|0x00000006cae00000, 0x00000006cae00000, 0x00000006caf00000|  0%| F|  |TS  0|AC  0|TAMS 0x00000006cae00000, 0x00000006cae00000|
| 157|0x00000006caf00000, 0x00000006caf00000, 0x00000006cb000000|  0%| F|  |TS  0|AC  0|TAMS 0x00000006caf00000, 0x00000006caf00000|
| 158|0x00000006cb000000, 0x00000006cb000000, 0x00000006cb100000|  0%| F|  |TS  0|AC  0|TAMS 0x00000006cb000000, 0x00000006cb000000|
| 159|0x00000006cb100000, 0x00000006cb100000, 0x00000006cb200000|  0%| F|  |TS  0|AC  0|TAMS 0x00000006cb100000, 0x00000006cb100000|
| 160|0x00000006cb200000, 0x00000006cb200000, 0x00000006cb300000|  0%| F|  |TS  0|AC  0|TAMS 0x00000006cb200000, 0x00000006cb200000|
| 161|0x00000006cb300000, 0x00000006cb300000, 0x00000006cb400000|  0%| F|  |TS  0|AC  0|TAMS 0x00000006cb300000, 0x00000006cb300000|
| 162|0x00000006cb400000, 0x00000006cb400000, 0x00000006cb500000|  0%| F|  |TS  0|AC  0|TAMS 0x00000006cb400000, 0x00000006cb400000|
| 163|0x00000006cb500000, 0x00000006cb500000, 0x00000006cb600000|  0%| F|  |TS  0|AC  0|TAMS 0x00000006cb500000, 0x00000006cb500000|
| 164|0x00000006cb600000, 0x00000006cb600000, 0x00000006cb700000|  0%| F|  |TS  0|AC  0|TAMS 0x00000006cb600000, 0x00000006cb600000|
| 165|0x00000006cb700000, 0x00000006cb700000, 0x00000006cb800000|  0%| F|  |TS  0|AC  0|TAMS 0x00000006cb700000, 0x00000006cb700000|
| 166|0x00000006cb800000, 0x00000006cb800000, 0x00000006cb900000|  0%| F|  |TS  0|AC  0|TAMS 0x00000006cb800000, 0x00000006cb800000|
| 167|0x00000006cb900000, 0x00000006cb900000, 0x00000006cba00000|  0%| F|  |TS  0|AC  0|TAMS 0x00000006cb900000, 0x00000006cb900000|
| 168|0x00000006cba00000, 0x00000006cba00000, 0x00000006cbb00000|  0%| F|  |TS  0|AC  0|TAMS 0x00000006cba00000, 0x00000006cba00000|
| 169|0x00000006cbb00000, 0x00000006cbb00000, 0x00000006cbc00000|  0%| F|  |TS  0|AC  0|TAMS 0x00000006cbb00000, 0x00000006cbb00000|
| 170|0x00000006cbc00000, 0x00000006cbc00000, 0x00000006cbd00000|  0%| F|  |TS  0|AC  0|TAMS 0x00000006cbc00000, 0x00000006cbc00000|
| 171|0x00000006cbd00000, 0x00000006cbd00000, 0x00000006cbe00000|  0%| F|  |TS  0|AC  0|TAMS 0x00000006cbd00000, 0x00000006cbd00000|
| 172|0x00000006cbe00000, 0x00000006cbe00000, 0x00000006cbf00000|  0%| F|  |TS  0|AC  0|TAMS 0x00000006cbe00000, 0x00000006cbe00000|
| 173|0x00000006cbf00000, 0x00000006cbf00000, 0x00000006cc000000|  0%| F|  |TS  0|AC  0|TAMS 0x00000006cbf00000, 0x00000006cbf00000|
| 174|0x00000006cc000000, 0x00000006cc000000, 0x00000006cc100000|  0%| F|  |TS  0|AC  0|TAMS 0x00000006cc000000, 0x00000006cc000000|
| 175|0x00000006cc100000, 0x00000006cc100000, 0x00000006cc200000|  0%| F|  |TS  0|AC  0|TAMS 0x00000006cc100000, 0x00000006cc100000|
| 176|0x00000006cc200000, 0x00000006cc200000, 0x00000006cc300000|  0%| F|  |TS  0|AC  0|TAMS 0x00000006cc200000, 0x00000006cc200000|
| 177|0x00000006cc300000, 0x00000006cc300000, 0x00000006cc400000|  0%| F|  |TS  0|AC  0|TAMS 0x00000006cc300000, 0x00000006cc300000|
| 178|0x00000006cc400000, 0x00000006cc400000, 0x00000006cc500000|  0%| F|  |TS  0|AC  0|TAMS 0x00000006cc400000, 0x00000006cc400000|
| 179|0x00000006cc500000, 0x00000006cc500000, 0x00000006cc600000|  0%| F|  |TS  0|AC  0|TAMS 0x00000006cc500000, 0x00000006cc500000|
| 180|0x00000006cc600000, 0x00000006cc600000, 0x00000006cc700000|  0%| F|  |TS  0|AC  0|TAMS 0x00000006cc600000, 0x00000006cc600000|
| 181|0x00000006cc700000, 0x00000006cc700000, 0x00000006cc800000|  0%| F|  |TS  0|AC  0|TAMS 0x00000006cc700000, 0x00000006cc700000|
| 182|0x00000006cc800000, 0x00000006cc800000, 0x00000006cc900000|  0%| F|  |TS  0|AC  0|TAMS 0x00000006cc800000, 0x00000006cc800000|
| 183|0x00000006cc900000, 0x00000006cc900000, 0x00000006cca00000|  0%| F|  |TS  0|AC  0|TAMS 0x00000006cc900000, 0x00000006cc900000|
| 184|0x00000006cca00000, 0x00000006cca00000, 0x00000006ccb00000|  0%| F|  |TS  0|AC  0|TAMS 0x00000006cca00000, 0x00000006cca00000|
| 185|0x00000006ccb00000, 0x00000006ccb00000, 0x00000006ccc00000|  0%| F|  |TS  0|AC  0|TAMS 0x00000006ccb00000, 0x00000006ccb00000|
| 186|0x00000006ccc00000, 0x00000006ccc00000, 0x00000006ccd00000|  0%| F|  |TS  0|AC  0|TAMS 0x00000006ccc00000, 0x00000006ccc00000|
| 187|0x00000006ccd00000, 0x00000006ccd00000, 0x00000006cce00000|  0%| F|  |TS  0|AC  0|TAMS 0x00000006ccd00000, 0x00000006ccd00000|
| 188|0x00000006cce00000, 0x00000006cce00000, 0x00000006ccf00000|  0%| F|  |TS  0|AC  0|TAMS 0x00000006cce00000, 0x00000006cce00000|
| 189|0x00000006ccf00000, 0x00000006ccf00000, 0x00000006cd000000|  0%| F|  |TS  0|AC  0|TAMS 0x00000006ccf00000, 0x00000006ccf00000|
| 190|0x00000006cd000000, 0x00000006cd000000, 0x00000006cd100000|  0%| F|  |TS  0|AC  0|TAMS 0x00000006cd000000, 0x00000006cd000000|
| 191|0x00000006cd100000, 0x00000006cd100000, 0x00000006cd200000|  0%| F|  |TS  0|AC  0|TAMS 0x00000006cd100000, 0x00000006cd100000|
| 192|0x00000006cd200000, 0x00000006cd200000, 0x00000006cd300000|  0%| F|  |TS  0|AC  0|TAMS 0x00000006cd200000, 0x00000006cd200000|
| 193|0x00000006cd300000, 0x00000006cd300000, 0x00000006cd400000|  0%| F|  |TS  0|AC  0|TAMS 0x00000006cd300000, 0x00000006cd300000|
| 194|0x00000006cd400000, 0x00000006cd400000, 0x00000006cd500000|  0%| F|  |TS  0|AC  0|TAMS 0x00000006cd400000, 0x00000006cd400000|
| 195|0x00000006cd500000, 0x00000006cd500000, 0x00000006cd600000|  0%| F|  |TS  0|AC  0|TAMS 0x00000006cd500000, 0x00000006cd500000|
| 196|0x00000006cd600000, 0x00000006cd600000, 0x00000006cd700000|  0%| F|  |TS  0|AC  0|TAMS 0x00000006cd600000, 0x00000006cd600000|
| 197|0x00000006cd700000, 0x00000006cd700000, 0x00000006cd800000|  0%| F|  |TS  0|AC  0|TAMS 0x00000006cd700000, 0x00000006cd700000|
| 198|0x00000006cd800000, 0x00000006cd800000, 0x00000006cd900000|  0%| F|  |TS  0|AC  0|TAMS 0x00000006cd800000, 0x00000006cd800000|
| 199|0x00000006cd900000, 0x00000006cd900000, 0x00000006cda00000|  0%| F|  |TS  0|AC  0|TAMS 0x00000006cd900000, 0x00000006cd900000|
| 200|0x00000006cda00000, 0x00000006cda00000, 0x00000006cdb00000|  0%| F|  |TS  0|AC  0|TAMS 0x00000006cda00000, 0x00000006cda00000|
| 201|0x00000006cdb00000, 0x00000006cdb00000, 0x00000006cdc00000|  0%| F|  |TS  0|AC  0|TAMS 0x00000006cdb00000, 0x00000006cdb00000|
| 202|0x00000006cdc00000, 0x00000006cdc00000, 0x00000006cdd00000|  0%| F|  |TS  0|AC  0|TAMS 0x00000006cdc00000, 0x00000006cdc00000|
| 203|0x00000006cdd00000, 0x00000006cdd00000, 0x00000006cde00000|  0%| F|  |TS  0|AC  0|TAMS 0x00000006cdd00000, 0x00000006cdd00000|
| 204|0x00000006cde00000, 0x00000006cde00000, 0x00000006cdf00000|  0%| F|  |TS  0|AC  0|TAMS 0x00000006cde00000, 0x00000006cde00000|
| 205|0x00000006cdf00000, 0x00000006cdf00000, 0x00000006ce000000|  0%| F|  |TS  0|AC  0|TAMS 0x00000006cdf00000, 0x00000006cdf00000|
| 206|0x00000006ce000000, 0x00000006ce000000, 0x00000006ce100000|  0%| F|  |TS  0|AC  0|TAMS 0x00000006ce000000, 0x00000006ce000000|
| 207|0x00000006ce100000, 0x00000006ce100000, 0x00000006ce200000|  0%| F|  |TS  0|AC  0|TAMS 0x00000006ce100000, 0x00000006ce100000|
| 208|0x00000006ce200000, 0x00000006ce200000, 0x00000006ce300000|  0%| F|  |TS  0|AC  0|TAMS 0x00000006ce200000, 0x00000006ce200000|
| 209|0x00000006ce300000, 0x00000006ce300000, 0x00000006ce400000|  0%| F|  |TS  0|AC  0|TAMS 0x00000006ce300000, 0x00000006ce300000|
| 210|0x00000006ce400000, 0x00000006ce400000, 0x00000006ce500000|  0%| F|  |TS  0|AC  0|TAMS 0x00000006ce400000, 0x00000006ce400000|
| 211|0x00000006ce500000, 0x00000006ce500000, 0x00000006ce600000|  0%| F|  |TS  0|AC  0|TAMS 0x00000006ce500000, 0x00000006ce500000|
| 212|0x00000006ce600000, 0x00000006ce600000, 0x00000006ce700000|  0%| F|  |TS  0|AC  0|TAMS 0x00000006ce600000, 0x00000006ce600000|
| 213|0x00000006ce700000, 0x00000006ce700000, 0x00000006ce800000|  0%| F|  |TS  0|AC  0|TAMS 0x00000006ce700000, 0x00000006ce700000|
| 214|0x00000006ce800000, 0x00000006ce800000, 0x00000006ce900000|  0%| F|  |TS  0|AC  0|TAMS 0x00000006ce800000, 0x00000006ce800000|
| 215|0x00000006ce900000, 0x00000006ce900000, 0x00000006cea00000|  0%| F|  |TS  0|AC  0|TAMS 0x00000006ce900000, 0x00000006ce900000|
| 216|0x00000006cea00000, 0x00000006cea00000, 0x00000006ceb00000|  0%| F|  |TS  0|AC  0|TAMS 0x00000006cea00000, 0x00000006cea00000|
| 217|0x00000006ceb00000, 0x00000006ceb00000, 0x00000006cec00000|  0%| F|  |TS  0|AC  0|TAMS 0x00000006ceb00000, 0x00000006ceb00000|
| 218|0x00000006cec00000, 0x00000006cec00000, 0x00000006ced00000|  0%| F|  |TS  0|AC  0|TAMS 0x00000006cec00000, 0x00000006cec00000|
| 219|0x00000006ced00000, 0x00000006ced00000, 0x00000006cee00000|  0%| F|  |TS  0|AC  0|TAMS 0x00000006ced00000, 0x00000006ced00000|
| 220|0x00000006cee00000, 0x00000006cee00000, 0x00000006cef00000|  0%| F|  |TS  0|AC  0|TAMS 0x00000006cee00000, 0x00000006cee00000|
| 221|0x00000006cef00000, 0x00000006cef00000, 0x00000006cf000000|  0%| F|  |TS  0|AC  0|TAMS 0x00000006cef00000, 0x00000006cef00000|
| 222|0x00000006cf000000, 0x00000006cf0859d0, 0x00000006cf100000| 52%| S|CS|TS  1|AC  0|TAMS 0x00000006cf000000, 0x00000006cf000000|
| 223|0x00000006cf100000, 0x00000006cf200000, 0x00000006cf200000|100%| S|CS|TS  1|AC  0|TAMS 0x00000006cf100000, 0x00000006cf100000|
| 224|0x00000006cf200000, 0x00000006cf300000, 0x00000006cf300000|100%| S|CS|TS  1|AC  0|TAMS 0x00000006cf200000, 0x00000006cf200000|
| 225|0x00000006cf300000, 0x00000006cf400000, 0x00000006cf400000|100%| S|CS|TS  1|AC  0|TAMS 0x00000006cf300000, 0x00000006cf300000|
| 226|0x00000006cf400000, 0x00000006cf400000, 0x00000006cf500000|  0%| F|  |TS  1|AC  0|TAMS 0x00000006cf400000, 0x00000006cf400000|
| 227|0x00000006cf500000, 0x00000006cf500000, 0x00000006cf600000|  0%| F|  |TS  1|AC  0|TAMS 0x00000006cf500000, 0x00000006cf500000|
| 228|0x00000006cf600000, 0x00000006cf600000, 0x00000006cf700000|  0%| F|  |TS  1|AC  0|TAMS 0x00000006cf600000, 0x00000006cf600000|
| 229|0x00000006cf700000, 0x00000006cf700000, 0x00000006cf800000|  0%| F|  |TS  1|AC  0|TAMS 0x00000006cf700000, 0x00000006cf700000|
| 230|0x00000006cf800000, 0x00000006cf800000, 0x00000006cf900000|  0%| F|  |TS  1|AC  0|TAMS 0x00000006cf800000, 0x00000006cf800000|
| 231|0x00000006cf900000, 0x00000006cf900000, 0x00000006cfa00000|  0%| F|  |TS  1|AC  0|TAMS 0x00000006cf900000, 0x00000006cf900000|
| 232|0x00000006cfa00000, 0x00000006cfa00000, 0x00000006cfb00000|  0%| F|  |TS  1|AC  0|TAMS 0x00000006cfa00000, 0x00000006cfa00000|
| 233|0x00000006cfb00000, 0x00000006cfb00000, 0x00000006cfc00000|  0%| F|  |TS  1|AC  0|TAMS 0x00000006cfb00000, 0x00000006cfb00000|
| 234|0x00000006cfc00000, 0x00000006cfc00000, 0x00000006cfd00000|  0%| F|  |TS  1|AC  0|TAMS 0x00000006cfc00000, 0x00000006cfc00000|
| 235|0x00000006cfd00000, 0x00000006cfd00000, 0x00000006cfe00000|  0%| F|  |TS  1|AC  0|TAMS 0x00000006cfd00000, 0x00000006cfd00000|
| 236|0x00000006cfe00000, 0x00000006cfe00000, 0x00000006cff00000|  0%| F|  |TS  1|AC  0|TAMS 0x00000006cfe00000, 0x00000006cfe00000|
| 237|0x00000006cff00000, 0x00000006cff00000, 0x00000006d0000000|  0%| F|  |TS  1|AC  0|TAMS 0x00000006cff00000, 0x00000006cff00000|
| 238|0x00000006d0000000, 0x00000006d0000000, 0x00000006d0100000|  0%| F|  |TS  1|AC  0|TAMS 0x00000006d0000000, 0x00000006d0000000|
| 239|0x00000006d0100000, 0x00000006d0100000, 0x00000006d0200000|  0%| F|  |TS  1|AC  0|TAMS 0x00000006d0100000, 0x00000006d0100000|
| 240|0x00000006d0200000, 0x00000006d0200000, 0x00000006d0300000|  0%| F|  |TS  1|AC  0|TAMS 0x00000006d0200000, 0x00000006d0200000|
| 241|0x00000006d0300000, 0x00000006d0300000, 0x00000006d0400000|  0%| F|  |TS  1|AC  0|TAMS 0x00000006d0300000, 0x00000006d0300000|
| 242|0x00000006d0400000, 0x00000006d0400000, 0x00000006d0500000|  0%| F|  |TS  1|AC  0|TAMS 0x00000006d0400000, 0x00000006d0400000|
| 243|0x00000006d0500000, 0x00000006d0500000, 0x00000006d0600000|  0%| F|  |TS  1|AC  0|TAMS 0x00000006d0500000, 0x00000006d0500000|
| 244|0x00000006d0600000, 0x00000006d0600000, 0x00000006d0700000|  0%| F|  |TS  1|AC  0|TAMS 0x00000006d0600000, 0x00000006d0600000|
| 245|0x00000006d0700000, 0x00000006d0700000, 0x00000006d0800000|  0%| F|  |TS  1|AC  0|TAMS 0x00000006d0700000, 0x00000006d0700000|
| 246|0x00000006d0800000, 0x00000006d0800000, 0x00000006d0900000|  0%| F|  |TS  1|AC  0|TAMS 0x00000006d0800000, 0x00000006d0800000|
| 247|0x00000006d0900000, 0x00000006d0900000, 0x00000006d0a00000|  0%| F|  |TS  1|AC  0|TAMS 0x00000006d0900000, 0x00000006d0900000|
| 248|0x00000006d0a00000, 0x00000006d0a00000, 0x00000006d0b00000|  0%| F|  |TS  1|AC  0|TAMS 0x00000006d0a00000, 0x00000006d0a00000|
| 249|0x00000006d0b00000, 0x00000006d0b00000, 0x00000006d0c00000|  0%| F|  |TS  1|AC  0|TAMS 0x00000006d0b00000, 0x00000006d0b00000|
| 250|0x00000006d0c00000, 0x00000006d0c80800, 0x00000006d0d00000| 50%| E|  |TS  1|AC  0|TAMS 0x00000006d0c00000, 0x00000006d0c00000|
| 251|0x00000006d0d00000, 0x00000006d0e00000, 0x00000006d0e00000|100%| E|CS|TS  1|AC  0|TAMS 0x00000006d0d00000, 0x00000006d0d00000|
| 252|0x00000006d0e00000, 0x00000006d0f00000, 0x00000006d0f00000|100%| E|CS|TS  1|AC  0|TAMS 0x00000006d0e00000, 0x00000006d0e00000|
| 253|0x00000006d0f00000, 0x00000006d1000000, 0x00000006d1000000|100%| E|CS|TS  1|AC  0|TAMS 0x00000006d0f00000, 0x00000006d0f00000|
| 254|0x00000006d1000000, 0x00000006d1100000, 0x00000006d1100000|100%| E|CS|TS  1|AC  0|TAMS 0x00000006d1000000, 0x00000006d1000000|
| 255|0x00000006d1100000, 0x00000006d1200000, 0x00000006d1200000|100%| E|CS|TS  1|AC  0|TAMS 0x00000006d1100000, 0x00000006d1100000|

Card table byte_map: [0x0000027f543a0000,0x0000027f54ba0000] byte_map_base: 0x0000027f50d97000

Marking Bits (Prev, Next): (CMBitMap*) 0x0000027f5d3a8828, (CMBitMap*) 0x0000027f5d3a87f0
 Prev Bits: [0x0000027f59360000, 0x0000027f5d318000)
 Next Bits: [0x0000027f553a0000, 0x0000027f59358000)

Polling page: 0x0000027f3cbb0000

CodeHeap 'non-profiled nmethods': size=120064Kb used=2186Kb max_used=2186Kb free=117877Kb
 bounds [0x0000027f4c660000, 0x0000027f4c8d0000, 0x0000027f53ba0000]
CodeHeap 'profiled nmethods': size=120000Kb used=9614Kb max_used=9614Kb free=110386Kb
 bounds [0x0000027f45130000, 0x0000027f45aa0000, 0x0000027f4c660000]
CodeHeap 'non-nmethods': size=5696Kb used=1443Kb max_used=1476Kb free=4252Kb
 bounds [0x0000027f44ba0000, 0x0000027f44e10000, 0x0000027f45130000]
 total_blobs=6266 nmethods=4462 adapters=835
 compilation: enabled

Compilation events (10 events):
Event: 29.636 Thread 0x0000027f60297000 4348       3       javafx.fxml.FXMLLoader$InstanceDeclarationElement::processAttribute (82 bytes)
Event: 29.636 Thread 0x0000027f60297000 nmethod 4348 0x0000027f45a2b990 code [0x0000027f45a2bbc0, 0x0000027f45a2c1c0]
Event: 29.636 Thread 0x0000027f60297000 4345       3       java.lang.reflect.AccessibleObject::checkCanSetAccessible (372 bytes)
Event: 29.637 Thread 0x0000027f60291800 4358       4       java.lang.String::<init> (10 bytes)
Event: 29.638 Thread 0x0000027f60294800 nmethod 4353 0x0000027f4c87cc90 code [0x0000027f4c87ce20, 0x0000027f4c87cfd8]
Event: 29.644 Thread 0x0000027f60291800 nmethod 4358 0x0000027f4c87d110 code [0x0000027f4c87d2c0, 0x0000027f4c87d6b8]
Event: 29.644 Thread 0x0000027f60297000 nmethod 4345 0x0000027f45a2c390 code [0x0000027f45a2cb60, 0x0000027f45a30e40]
Event: 29.644 Thread 0x0000027f60297000 4354       3       javafx.fxml.FXMLLoader::processStartElement (30 bytes)
Event: 29.644 Thread 0x0000027f60297000 nmethod 4354 0x0000027f45a32410 code [0x0000027f45a325e0, 0x0000027f45a32900]
Event: 29.644 Thread 0x0000027f60297000 4355       3       javafx.fxml.FXMLLoader::createElement (606 bytes)

GC Heap History (8 events):
Event: 0.655 GC heap before
{Heap before GC invocations=0 (full 0):
 garbage-first heap   total 262144K, used 14336K [0x00000006c1200000, 0x00000007c0000000)
  region size 1024K, 14 young (14336K), 0 survivors (0K)
 Metaspace       used 13707K, capacity 14171K, committed 14464K, reserved 1062912K
  class space    used 1573K, capacity 1800K, committed 1920K, reserved 1048576K
}
Event: 0.659 GC heap after
{Heap after GC invocations=1 (full 0):
 garbage-first heap   total 262144K, used 3992K [0x00000006c1200000, 0x00000007c0000000)
  region size 1024K, 2 young (2048K), 2 survivors (2048K)
 Metaspace       used 13707K, capacity 14171K, committed 14464K, reserved 1062912K
  class space    used 1573K, capacity 1800K, committed 1920K, reserved 1048576K
}
Event: 0.922 GC heap before
{Heap before GC invocations=1 (full 0):
 garbage-first heap   total 262144K, used 14232K [0x00000006c1200000, 0x00000007c0000000)
  region size 1024K, 12 young (12288K), 2 survivors (2048K)
 Metaspace       used 19093K, capacity 19731K, committed 19968K, reserved 1067008K
  class space    used 2491K, capacity 2803K, committed 2816K, reserved 1048576K
}
Event: 0.927 GC heap after
{Heap after GC invocations=2 (full 0):
 garbage-first heap   total 262144K, used 6399K [0x00000006c1200000, 0x00000007c0000000)
  region size 1024K, 2 young (2048K), 2 survivors (2048K)
 Metaspace       used 19093K, capacity 19731K, committed 19968K, reserved 1067008K
  class space    used 2491K, capacity 2803K, committed 2816K, reserved 1048576K
}
Event: 0.993 GC heap before
{Heap before GC invocations=2 (full 0):
 garbage-first heap   total 262144K, used 9471K [0x00000006c1200000, 0x00000007c0000000)
  region size 1024K, 6 young (6144K), 2 survivors (2048K)
 Metaspace       used 20350K, capacity 21021K, committed 21296K, reserved 1067008K
  class space    used 2762K, capacity 3106K, committed 3200K, reserved 1048576K
}
Event: 0.996 GC heap after
{Heap after GC invocations=3 (full 0):
 garbage-first heap   total 262144K, used 7089K [0x00000006c1200000, 0x00000007c0000000)
  region size 1024K, 3 young (3072K), 3 survivors (3072K)
 Metaspace       used 20350K, capacity 21021K, committed 21296K, reserved 1067008K
  class space    used 2762K, capacity 3106K, committed 3200K, reserved 1048576K
}
Event: 29.638 GC heap before
{Heap before GC invocations=4 (full 0):
 garbage-first heap   total 262144K, used 61361K [0x00000006c1200000, 0x00000007c0000000)
  region size 1024K, 30 young (30720K), 3 survivors (3072K)
 Metaspace       used 29367K, capacity 30446K, committed 30848K, reserved 1075200K
  class space    used 3872K, capacity 4387K, committed 4480K, reserved 1048576K
}
Event: 29.644 GC heap after
{Heap after GC invocations=5 (full 0):
 garbage-first heap   total 262144K, used 24333K [0x00000006c1200000, 0x00000007c0000000)
  region size 1024K, 4 young (4096K), 4 survivors (4096K)
 Metaspace       used 29367K, capacity 30446K, committed 30848K, reserved 1075200K
  class space    used 3872K, capacity 4387K, committed 4480K, reserved 1048576K
}

Deoptimization events (10 events):
Event: 25.059 Thread 0x0000027f60904800 Uncommon trap: reason=unstable_if action=reinterpret pc=0x0000027f4c7d8cac method=com.sun.javafx.font.directwrite.DWFontStrike.getQuantizedPosition(Lcom/sun/javafx/geom/Point2D;)I @ 23 c2
Event: 25.059 Thread 0x0000027f60904800 Uncommon trap: reason=unstable_if action=reinterpret pc=0x0000027f4c7d8508 method=com.sun.javafx.font.directwrite.DWFontStrike.getQuantizedPosition(Lcom/sun/javafx/geom/Point2D;)I @ 23 c2
Event: 29.471 Thread 0x0000027f60873800 Uncommon trap: reason=unstable_if action=reinterpret pc=0x0000027f4c68de30 method=java.lang.AbstractStringBuilder.putStringAt(ILjava/lang/String;)V @ 8 c2
Event: 29.471 Thread 0x0000027f60873800 Uncommon trap: reason=unstable_if action=reinterpret pc=0x0000027f4c6870bc method=java.lang.AbstractStringBuilder.putStringAt(ILjava/lang/String;)V @ 8 c2
Event: 29.471 Thread 0x0000027f60873800 Uncommon trap: reason=unstable_if action=reinterpret pc=0x0000027f4c69a278 method=java.lang.AbstractStringBuilder.isLatin1()Z @ 10 c2
Event: 29.471 Thread 0x0000027f60873800 Uncommon trap: reason=unstable_if action=reinterpret pc=0x0000027f4c685670 method=java.lang.String.getBytes([BIB)V @ 5 c2
Event: 29.471 Thread 0x0000027f60873800 Uncommon trap: reason=unstable_if action=reinterpret pc=0x0000027f4c6a9068 method=java.lang.AbstractStringBuilder.isLatin1()Z @ 10 c2
Event: 29.598 Thread 0x0000027f60873800 Uncommon trap: reason=unstable_if action=reinterpret pc=0x0000027f4c705c08 method=java.util.concurrent.ConcurrentHashMap.get(Ljava/lang/Object;)Ljava/lang/Object; @ 76 c2
Event: 29.599 Thread 0x0000027f60873800 Uncommon trap: reason=unstable_if action=reinterpret pc=0x0000027f4c7ee6cc method=java.lang.PublicMethods$MethodList.merge(Ljava/lang/PublicMethods$MethodList;Ljava/lang/PublicMethods$MethodList;)Ljava/lang/PublicMethods$MethodList; @ 3 c2
Event: 29.632 Thread 0x0000027f60873800 Uncommon trap: reason=unstable_if action=reinterpret pc=0x0000027f4c87267c method=java.util.regex.Pattern$Dollar.match(Ljava/util/regex/Matcher;ILjava/lang/CharSequence;)Z @ 4 c2

Classes redefined (0 events):
No events

Internal exceptions (10 events):
Event: 9.750 Thread 0x0000027f60873800 Implicit null exception at 0x0000027f4c7fbc2e to 0x0000027f4c7fbc7e
Event: 11.739 Thread 0x0000027f60873800 Exception <a 'java/lang/NoSuchMethodError'{0x00000006cfc15318}: method resolution failed> (0x00000006cfc15318) thrown at [t:/workspace/open/src/hotspot/share/prims/methodHandles.cpp, line 1226]
Event: 11.741 Thread 0x0000027f60873800 Exception <a 'java/lang/NoSuchMethodError'{0x00000006cfc1c608}: java.lang.invoke.DirectMethodHandle$Holder.invokeStatic(Ljava/lang/Object;Ljava/lang/Object;IIIIILjava/lang/Object;)Ljava/lang/Object;> (0x00000006cfc1c608) thrown at [t:/workspace/open/src/h
Event: 11.741 Thread 0x0000027f60873800 Exception <a 'java/lang/NoSuchMethodError'{0x00000006cfc1fea0}: method resolution failed> (0x00000006cfc1fea0) thrown at [t:/workspace/open/src/hotspot/share/prims/methodHandles.cpp, line 1226]
Event: 11.742 Thread 0x0000027f60873800 Exception <a 'java/lang/NoSuchMethodError'{0x00000006cfc26788}: method resolution failed> (0x00000006cfc26788) thrown at [t:/workspace/open/src/hotspot/share/prims/methodHandles.cpp, line 1226]
Event: 11.743 Thread 0x0000027f60873800 Exception <a 'java/lang/NoSuchMethodError'{0x00000006cfc2de50}: java.lang.invoke.DirectMethodHandle$Holder.invokeStatic(Ljava/lang/Object;Ljava/lang/Object;Ljava/lang/Object;IIIII)Ljava/lang/Object;> (0x00000006cfc2de50) thrown at [t:/workspace/open/src/h
Event: 11.744 Thread 0x0000027f60873800 Exception <a 'java/lang/NoSuchMethodError'{0x00000006cfc315f0}: method resolution failed> (0x00000006cfc315f0) thrown at [t:/workspace/open/src/hotspot/share/prims/methodHandles.cpp, line 1226]
Event: 25.038 Thread 0x0000027f60873800 Exception <a 'java/io/FileNotFoundException'{0x00000006cf7085c0}> (0x00000006cf7085c0) thrown at [t:/workspace/open/src/hotspot/share/prims/jni.cpp, line 611]
Event: 29.469 Thread 0x0000027f60873800 Exception <a 'java/lang/NoSuchMethodError'{0x00000006cf62f9f8}: java.lang.Object.lambda$negate$3(I)Z> (0x00000006cf62f9f8) thrown at [t:/workspace/open/src/hotspot/share/interpreter/linkResolver.cpp, line 741]
Event: 29.469 Thread 0x0000027f60873800 Exception <a 'java/lang/NoSuchMethodError'{0x00000006cf632ab8}: java.lang.Object.lambda$and$0(Ljava/util/regex/Pattern$CharPredicate;I)Z> (0x00000006cf632ab8) thrown at [t:/workspace/open/src/hotspot/share/interpreter/linkResolver.cpp, line 741]

Events (10 events):
Event: 29.616 loading class com/google/gson/internal/LinkedTreeMap$1 done
Event: 29.617 loading class com/google/gson/internal/LinkedTreeMap$Node
Event: 29.617 loading class com/google/gson/internal/LinkedTreeMap$Node done
Event: 29.632 Thread 0x0000027f60873800 Uncommon trap: trap_request=0xffffff55 fr.pc=0x0000027f4c87267c relative=0x000000000000037c
Event: 29.632 Thread 0x0000027f60873800 DEOPT PACKING pc=0x0000027f4c87267c sp=0x000000bb269fa150
Event: 29.632 Thread 0x0000027f60873800 DEOPT UNPACKING pc=0x0000027f44bc8aaf sp=0x000000bb269fa110 mode 2
Event: 29.638 Executing VM operation: G1IncCollectionPause
Event: 29.644 Executing VM operation: G1IncCollectionPause done
Event: 29.645 Executing VM operation: RevokeBias
Event: 29.645 Executing VM operation: RevokeBias done


Dynamic libraries:
0x00007ff6b3c00000 - 0x00007ff6b3c3e000 	C:\Program Files\Java\jre-10.0.2\bin\javaw.exe
0x00007ffbd67b0000 - 0x00007ffbd6991000 	C:\WINDOWS\SYSTEM32\ntdll.dll
0x00007ffbd6470000 - 0x00007ffbd6522000 	C:\WINDOWS\System32\KERNEL32.DLL
0x00007ffbd2d00000 - 0x00007ffbd2f73000 	C:\WINDOWS\System32\KERNELBASE.dll
0x000000006d310000 - 0x000000006d62b000 	C:\ProgramData\Symantec\Symantec Endpoint Protection\14.2.760.0000.105\Data\Definitions\IPSDefs\20181026.061\IPSEng64.dll
0x00007ffbd5cd0000 - 0x00007ffbd5d71000 	C:\WINDOWS\System32\ADVAPI32.dll
0x00007ffbd5a00000 - 0x00007ffbd5a9e000 	C:\WINDOWS\System32\msvcrt.dll
0x00007ffbd6720000 - 0x00007ffbd677b000 	C:\WINDOWS\System32\sechost.dll
0x00007ffbd6230000 - 0x00007ffbd6354000 	C:\WINDOWS\System32\RPCRT4.dll
0x00007ffbd56c0000 - 0x00007ffbd56c8000 	C:\WINDOWS\System32\PSAPI.DLL
0x00007ffbd3ea0000 - 0x00007ffbd4030000 	C:\WINDOWS\System32\USER32.dll
0x00007ffbd3c00000 - 0x00007ffbd3c20000 	C:\WINDOWS\System32\win32u.dll
0x00007ffbd66f0000 - 0x00007ffbd6718000 	C:\WINDOWS\System32\GDI32.dll
0x00007ffbd3790000 - 0x00007ffbd3922000 	C:\WINDOWS\System32\gdi32full.dll
0x00007ffbd2c60000 - 0x00007ffbd2cff000 	C:\WINDOWS\System32\msvcp_win.dll
0x00007ffbd2f80000 - 0x00007ffbd307a000 	C:\WINDOWS\System32\ucrtbase.dll
0x00007ffbc0040000 - 0x00007ffbc02a9000 	C:\WINDOWS\WinSxS\amd64_microsoft.windows.common-controls_6595b64144ccf1df_6.0.17134.285_none_fb4297e330656775\COMCTL32.dll
0x00007ffbcd650000 - 0x00007ffbcd65a000 	C:\WINDOWS\SYSTEM32\VERSION.dll
0x00007ffbd56d0000 - 0x00007ffbd59f3000 	C:\WINDOWS\System32\combase.dll
0x00007ffbd3b80000 - 0x00007ffbd3bfa000 	C:\WINDOWS\System32\bcryptPrimitives.dll
0x00007ffbd6650000 - 0x00007ffbd667d000 	C:\WINDOWS\System32\IMM32.DLL
0x00007ffba9d00000 - 0x00007ffba9def000 	C:\Program Files\Java\jre-10.0.2\bin\msvcr120.dll
0x00007ffba9b80000 - 0x00007ffba9c26000 	C:\Program Files\Java\jre-10.0.2\bin\msvcp120.dll
0x000000006c8a0000 - 0x000000006d310000 	C:\Program Files\Java\jre-10.0.2\bin\server\jvm.dll
0x00007ffbc0d80000 - 0x00007ffbc0d89000 	C:\WINDOWS\SYSTEM32\WSOCK32.dll
0x00007ffbd6680000 - 0x00007ffbd66ec000 	C:\WINDOWS\System32\WS2_32.dll
0x00007ffbd0d30000 - 0x00007ffbd0d53000 	C:\WINDOWS\SYSTEM32\WINMM.dll
0x00007ffbd0d00000 - 0x00007ffbd0d2a000 	C:\WINDOWS\SYSTEM32\WINMMBASE.dll
0x00007ffbd2c10000 - 0x00007ffbd2c59000 	C:\WINDOWS\System32\cfgmgr32.dll
0x00007ffbcf320000 - 0x00007ffbcf32f000 	C:\Program Files\Java\jre-10.0.2\bin\verify.dll
0x00007ffbbf070000 - 0x00007ffbbf239000 	C:\WINDOWS\SYSTEM32\DBGHELP.DLL
0x00007ffbbd7c0000 - 0x00007ffbbd7e9000 	C:\WINDOWS\SYSTEM32\dbgcore.DLL
0x00007ffbb8a50000 - 0x00007ffbb8a77000 	C:\Program Files\Java\jre-10.0.2\bin\java.dll
0x00007ffbc95c0000 - 0x00007ffbc95d6000 	C:\Program Files\Java\jre-10.0.2\bin\zip.dll
0x00007ffbce0a0000 - 0x00007ffbce0aa000 	C:\Program Files\Java\jre-10.0.2\bin\jimage.dll
0x00007ffbd41d0000 - 0x00007ffbd5610000 	C:\WINDOWS\System32\SHELL32.dll
0x00007ffbd5610000 - 0x00007ffbd56b9000 	C:\WINDOWS\System32\shcore.dll
0x00007ffbd3080000 - 0x00007ffbd378d000 	C:\WINDOWS\System32\windows.storage.dll
0x00007ffbd3e30000 - 0x00007ffbd3e81000 	C:\WINDOWS\System32\shlwapi.dll
0x00007ffbd2b40000 - 0x00007ffbd2b51000 	C:\WINDOWS\System32\kernel.appcore.dll
0x00007ffbd2aa0000 - 0x00007ffbd2abf000 	C:\WINDOWS\System32\profapi.dll
0x00007ffbd2ac0000 - 0x00007ffbd2b0c000 	C:\WINDOWS\System32\powrprof.dll
0x00007ffbd2b10000 - 0x00007ffbd2b1a000 	C:\WINDOWS\System32\FLTLIB.DLL
0x0000027f3d340000 - 0x0000027f3d343000 	C:\Program Files\Java\jre-10.0.2\bin\api-ms-win-core-console-l1-1-0.dll
0x0000027f3d350000 - 0x0000027f3d353000 	C:\Program Files\Java\jre-10.0.2\bin\api-ms-win-core-datetime-l1-1-0.dll
0x0000027f3d360000 - 0x0000027f3d363000 	C:\Program Files\Java\jre-10.0.2\bin\api-ms-win-core-debug-l1-1-0.dll
0x0000027f3d370000 - 0x0000027f3d373000 	C:\Program Files\Java\jre-10.0.2\bin\api-ms-win-core-errorhandling-l1-1-0.dll
0x0000027f3d380000 - 0x0000027f3d384000 	C:\Program Files\Java\jre-10.0.2\bin\api-ms-win-core-file-l1-1-0.dll
0x0000027f3d390000 - 0x0000027f3d393000 	C:\Program Files\Java\jre-10.0.2\bin\api-ms-win-core-file-l1-2-0.dll
0x0000027f3d3a0000 - 0x0000027f3d3a3000 	C:\Program Files\Java\jre-10.0.2\bin\api-ms-win-core-file-l2-1-0.dll
0x0000027f3d3b0000 - 0x0000027f3d3b3000 	C:\Program Files\Java\jre-10.0.2\bin\api-ms-win-core-handle-l1-1-0.dll
0x0000027f3d3c0000 - 0x0000027f3d3c3000 	C:\Program Files\Java\jre-10.0.2\bin\api-ms-win-core-heap-l1-1-0.dll
0x0000027f60e50000 - 0x0000027f60e53000 	C:\Program Files\Java\jre-10.0.2\bin\api-ms-win-core-interlocked-l1-1-0.dll
0x0000027f60e60000 - 0x0000027f60e63000 	C:\Program Files\Java\jre-10.0.2\bin\api-ms-win-core-libraryloader-l1-1-0.dll
0x0000027f60e70000 - 0x0000027f60e73000 	C:\Program Files\Java\jre-10.0.2\bin\api-ms-win-core-localization-l1-2-0.dll
0x0000027f60e80000 - 0x0000027f60e83000 	C:\Program Files\Java\jre-10.0.2\bin\api-ms-win-core-memory-l1-1-0.dll
0x0000027f60e90000 - 0x0000027f60e93000 	C:\Program Files\Java\jre-10.0.2\bin\api-ms-win-core-namedpipe-l1-1-0.dll
0x0000027f60ea0000 - 0x0000027f60ea3000 	C:\Program Files\Java\jre-10.0.2\bin\api-ms-win-core-processenvironment-l1-1-0.dll
0x0000027f60eb0000 - 0x0000027f60eb3000 	C:\Program Files\Java\jre-10.0.2\bin\api-ms-win-core-processthreads-l1-1-0.dll
0x0000027f60ec0000 - 0x0000027f60ec3000 	C:\Program Files\Java\jre-10.0.2\bin\api-ms-win-core-processthreads-l1-1-1.dll
0x0000027f60ed0000 - 0x0000027f60ed3000 	C:\Program Files\Java\jre-10.0.2\bin\api-ms-win-core-profile-l1-1-0.dll
0x0000027f60ee0000 - 0x0000027f60ee3000 	C:\Program Files\Java\jre-10.0.2\bin\api-ms-win-core-rtlsupport-l1-1-0.dll
0x0000027f60ef0000 - 0x0000027f60ef3000 	C:\Program Files\Java\jre-10.0.2\bin\api-ms-win-core-string-l1-1-0.dll
0x0000027f60f00000 - 0x0000027f60f03000 	C:\Program Files\Java\jre-10.0.2\bin\api-ms-win-core-synch-l1-1-0.dll
0x0000027f60f10000 - 0x0000027f60f13000 	C:\Program Files\Java\jre-10.0.2\bin\api-ms-win-core-synch-l1-2-0.dll
0x0000027f60f20000 - 0x0000027f60f23000 	C:\Program Files\Java\jre-10.0.2\bin\api-ms-win-core-sysinfo-l1-1-0.dll
0x0000027f60f30000 - 0x0000027f60f33000 	C:\Program Files\Java\jre-10.0.2\bin\api-ms-win-core-timezone-l1-1-0.dll
0x0000027f60f40000 - 0x0000027f60f43000 	C:\Program Files\Java\jre-10.0.2\bin\api-ms-win-core-util-l1-1-0.dll
0x0000027f60f50000 - 0x0000027f60f53000 	C:\Program Files\Java\jre-10.0.2\bin\api-ms-win-crt-conio-l1-1-0.dll
0x0000027f60f60000 - 0x0000027f60f64000 	C:\Program Files\Java\jre-10.0.2\bin\api-ms-win-crt-convert-l1-1-0.dll
0x0000027f60f70000 - 0x0000027f60f73000 	C:\Program Files\Java\jre-10.0.2\bin\api-ms-win-crt-environment-l1-1-0.dll
0x0000027f60f80000 - 0x0000027f60f83000 	C:\Program Files\Java\jre-10.0.2\bin\api-ms-win-crt-filesystem-l1-1-0.dll
0x0000027f60f90000 - 0x0000027f60f93000 	C:\Program Files\Java\jre-10.0.2\bin\api-ms-win-crt-heap-l1-1-0.dll
0x0000027f60fa0000 - 0x0000027f60fa3000 	C:\Program Files\Java\jre-10.0.2\bin\api-ms-win-crt-locale-l1-1-0.dll
0x0000027f60fb0000 - 0x0000027f60fb5000 	C:\Program Files\Java\jre-10.0.2\bin\api-ms-win-crt-math-l1-1-0.dll
0x0000027f60fc0000 - 0x0000027f60fc5000 	C:\Program Files\Java\jre-10.0.2\bin\api-ms-win-crt-multibyte-l1-1-0.dll
0x0000027f60fd0000 - 0x0000027f60fe0000 	C:\Program Files\Java\jre-10.0.2\bin\api-ms-win-crt-private-l1-1-0.dll
0x0000027f60fe0000 - 0x0000027f60fe3000 	C:\Program Files\Java\jre-10.0.2\bin\api-ms-win-crt-process-l1-1-0.dll
0x0000027f60ff0000 - 0x0000027f60ff4000 	C:\Program Files\Java\jre-10.0.2\bin\api-ms-win-crt-runtime-l1-1-0.dll
0x0000027f61000000 - 0x0000027f61004000 	C:\Program Files\Java\jre-10.0.2\bin\api-ms-win-crt-stdio-l1-1-0.dll
0x0000027f61010000 - 0x0000027f61014000 	C:\Program Files\Java\jre-10.0.2\bin\api-ms-win-crt-string-l1-1-0.dll
0x0000027f61020000 - 0x0000027f61023000 	C:\Program Files\Java\jre-10.0.2\bin\api-ms-win-crt-time-l1-1-0.dll
0x0000027f61030000 - 0x0000027f61033000 	C:\Program Files\Java\jre-10.0.2\bin\api-ms-win-crt-utility-l1-1-0.dll
0x00007ffba9370000 - 0x00007ffba9466000 	C:\Program Files\Java\jre-10.0.2\bin\ucrtbase.dll
0x00007ffbba410000 - 0x00007ffbba426000 	C:\Program Files\Java\jre-10.0.2\bin\vcruntime140.dll
0x00007ffba92d0000 - 0x00007ffba936c000 	C:\Program Files\Java\jre-10.0.2\bin\msvcp140.dll
0x00007ffbaace0000 - 0x00007ffbaad31000 	C:\Program Files\Java\jre-10.0.2\bin\concrt140.dll
0x00007ffbb57a0000 - 0x00007ffbb57c3000 	C:\Program Files\Java\jre-10.0.2\bin\prism_d3d.dll
0x00007ffba8c40000 - 0x00007ffba8dd7000 	C:\WINDOWS\system32\d3d9.dll
0x00007ffbd1230000 - 0x00007ffbd1259000 	C:\WINDOWS\SYSTEM32\dwmapi.dll
0x00007ffbd1150000 - 0x00007ffbd11e8000 	C:\WINDOWS\system32\uxtheme.dll
0x00007ffbcaf90000 - 0x00007ffbcb07a000 	C:\WINDOWS\System32\DriverStore\FileRepository\nvdw.inf_amd64_3e99a8f1974383f2\nvldumdx.dll
0x00007ffbd3990000 - 0x00007ffbd3b72000 	C:\WINDOWS\System32\crypt32.dll
0x00007ffbd2b20000 - 0x00007ffbd2b32000 	C:\WINDOWS\System32\MSASN1.dll
0x00007ffbd3930000 - 0x00007ffbd3987000 	C:\WINDOWS\System32\WINTRUST.DLL
0x00007ffbd6530000 - 0x00007ffbd654d000 	C:\WINDOWS\System32\imagehlp.dll
0x00007ffbd24e0000 - 0x00007ffbd24f7000 	C:\WINDOWS\SYSTEM32\CRYPTSP.dll
0x00007ffbd1ea0000 - 0x00007ffbd1ed3000 	C:\WINDOWS\system32\rsaenh.dll
0x00007ffbd2600000 - 0x00007ffbd2625000 	C:\WINDOWS\SYSTEM32\bcrypt.dll
0x00007ffbd24d0000 - 0x00007ffbd24db000 	C:\WINDOWS\SYSTEM32\CRYPTBASE.dll
0x00007ffb98020000 - 0x00007ffb991f6000 	C:\WINDOWS\System32\DriverStore\FileRepository\nvdw.inf_amd64_3e99a8f1974383f2\nvd3dumx.dll
0x00007ffbaaaf0000 - 0x00007ffbaab3a000 	C:\Program Files\Java\jre-10.0.2\bin\glass.dll
0x00007ffbd6360000 - 0x00007ffbd644d000 	C:\WINDOWS\System32\COMDLG32.dll
0x00007ffbd5b70000 - 0x00007ffbd5cc1000 	C:\WINDOWS\System32\ole32.dll
0x00007ffbd5aa0000 - 0x00007ffbd5b62000 	C:\WINDOWS\System32\OLEAUT32.dll
0x00007ffbd3c20000 - 0x00007ffbd3d95000 	C:\WINDOWS\System32\MSCTF.dll
0x00007ffbc94b0000 - 0x00007ffbc94c2000 	C:\WINDOWS\SysWOW64\LskHook64.dll
0x00007ffbb7970000 - 0x00007ffbb798a000 	C:\Program Files\Java\jre-10.0.2\bin\net.dll
0x00007ffbce340000 - 0x00007ffbce41c000 	C:\WINDOWS\SYSTEM32\WINHTTP.dll
0x00007ffbd22c0000 - 0x00007ffbd2326000 	C:\WINDOWS\system32\mswsock.dll
0x00007ffbb7700000 - 0x00007ffbb7711000 	C:\Program Files\Java\jre-10.0.2\bin\nio.dll
0x00007ffb84d10000 - 0x00007ffb87a6a000 	C:\CSC\opencv\build\java\x64\opencv_java342.dll
0x00007ffbb3ad0000 - 0x00007ffbb3af9000 	C:\WINDOWS\SYSTEM32\MSVFW32.dll
0x00007ffbb5be0000 - 0x00007ffbb5bff000 	C:\WINDOWS\SYSTEM32\AVIFIL32.dll
0x00007ffbb1a30000 - 0x00007ffbb1a48000 	C:\WINDOWS\SYSTEM32\AVICAP32.dll
0x00007ffbb8410000 - 0x00007ffbb85eb000 	C:\WINDOWS\SYSTEM32\MFPlat.DLL
0x00007ffbaa1a0000 - 0x00007ffbaa21b000 	C:\WINDOWS\SYSTEM32\MF.dll
0x00007ffba91d0000 - 0x00007ffba92c8000 	C:\WINDOWS\SYSTEM32\MFReadWrite.dll
0x00007ffbcfbe0000 - 0x00007ffbcfeeb000 	C:\WINDOWS\SYSTEM32\d3d11.dll
0x00007ffbb6df0000 - 0x00007ffbb6e0c000 	C:\WINDOWS\SYSTEM32\MSACM32.dll
0x00007ffbd1860000 - 0x00007ffbd191b000 	C:\WINDOWS\SYSTEM32\dxgi.dll
0x00007ffba9470000 - 0x00007ffba989e000 	C:\WINDOWS\SYSTEM32\MFCORE.DLL
0x00007ffbce600000 - 0x00007ffbce609000 	C:\WINDOWS\SYSTEM32\ksuser.dll
0x00007ffbc4a30000 - 0x00007ffbc4a5e000 	C:\WINDOWS\SYSTEM32\RTWorkQ.DLL
0x00007ffbaee20000 - 0x00007ffbaee34000 	C:\Program Files\Java\jre-10.0.2\bin\javafx_font.dll
0x00007ffb9b990000 - 0x00007ffb9bb2b000 	C:\Program Files\Java\jre-10.0.2\bin\awt.dll
0x00007ffbcff90000 - 0x00007ffbd0557000 	C:\WINDOWS\SYSTEM32\d2d1.dll
0x00007ffbd0e20000 - 0x00007ffbd0eab000 	C:\WINDOWS\SYSTEM32\apphelp.dll

dbghelp: loaded successfully - version: 4.0.5 - missing functions: none
symbol engine: initialized successfully - sym options: 0x614 - pdb path: .;C:\Program Files\Java\jre-10.0.2\bin;C:\WINDOWS\SYSTEM32;C:\ProgramData\Symantec\Symantec Endpoint Protection\14.2.760.0000.105\Data\Definitions\IPSDefs\20181026.061;C:\WINDOWS\WinSxS\amd64_microsoft.windows.common-controls_6595b64144ccf1df_6.0.17134.285_none_fb4297e330656775;C:\Program Files\Java\jre-10.0.2\bin\server;C:\WINDOWS\System32\DriverStore\FileRepository\nvdw.inf_amd64_3e99a8f1974383f2;C:\WINDOWS\SysWOW64;C:\CSC\opencv\build\java\x64;C:\Program Files\Common Files\Microsoft Shared\Ink;C:\PROGRA~1\MICROS~1\Office16;C:\PROGRA~1\MICROS~1\Office16\1033;C:\PROGRA~1\MICROS~1\Office14;C:\WINDOWS\WinSxS\amd64_microsoft.vc90.crt_1fc8b3b9a1e18e3b_9.0.30729.9415_none_08e0c10ba840a28a;C:\WINDOWS\WinSxS\amd64_microsoft.vc90.atl_1fc8b3b9a1e18e3b_9.0.30729.4148_none_0a1d2fcba76b3f00;C:\PROGRA~1\COMMON~1\MICROS~1\OFFICE14\Cultures;C:\PROGRA~1\MICROS~1\Office14\1033;C:\WINDOWS\WinSxS\amd64_microsoft.windows.gdiplus_6595b64144ccf1df_1.1.17134.285_none_2c2d8ac88af7e143

VM Arguments:
jvm_args: -Djava.library.path=C:\Users\Minh\Downloads\Programs\opencv;C:\CSC\opencv\build\java\x64 -Dfile.encoding=Cp1252 
java_command: application.Main
java_class_path (initial): H:\git\JaegerRepo\ProjectJaeger\bin;C:\CSC\opencv\build\java\opencv-342.jar;C:\CSC\eclipse\plugins\org.junit.jupiter.api_5.1.0.v20180327-1502.jar;C:\CSC\eclipse\plugins\org.junit.jupiter.engine_5.1.0.v20180327-1502.jar;C:\CSC\eclipse\plugins\org.junit.jupiter.migrationsupport_5.1.0.v20180327-1502.jar;C:\CSC\eclipse\plugins\org.junit.jupiter.params_5.1.0.v20180327-1502.jar;C:\CSC\eclipse\plugins\org.junit.platform.commons_1.1.0.v20180327-1502.jar;C:\CSC\eclipse\plugins\org.junit.platform.engine_1.1.0.v20180327-1502.jar;C:\CSC\eclipse\plugins\org.junit.platform.launcher_1.1.0.v20180327-1502.jar;C:\CSC\eclipse\plugins\org.junit.platform.runner_1.1.0.v20180327-1502.jar;C:\CSC\eclipse\plugins\org.junit.platform.suite.api_1.1.0.v20180327-1502.jar;C:\CSC\eclipse\plugins\org.junit.vintage.engine_5.1.0.v20180327-1502.jar;C:\CSC\eclipse\plugins\org.opentest4j_1.0.0.v20180327-1502.jar;C:\CSC\eclipse\plugins\org.apiguardian_1.0.0.v20180327-1502.jar;C:\CSC\eclipse\plugins\org.junit_4.12.0.v201504281640\junit.jar;C:\CSC\eclipse\plugins\org.hamcrest.core_1.3.0.v20180420-1519.jar;H:\git\JaegerRepo\ProjectJaeger\gson-2.8.5.jar
Launcher Type: SUN_STANDARD

Logging:
Log output configuration:
#0: stdout all=warning uptime,level,tags
#1: stderr all=off uptime,level,tags

Environment Variables:
PATH=C:\Program Files (x86)\Common Files\Oracle\Java\javapath;C:\Program Files (x86)\AMD APP\bin\x86_64;C:\Program Files (x86)\AMD APP\bin\x86;C:\Program Files (x86)\Intel\iCLS Client\;C:\Program Files\Intel\iCLS Client\;C:\WINDOWS\system32;C:\WINDOWS;C:\WINDOWS\System32\Wbem;C:\WINDOWS\System32\WindowsPowerShell\v1.0\;C:\Program Files\leJOS EV3\bin;C:\Anaconda3;C:\Anaconda3\Scripts;C:\Anaconda3\Library\bin;C:\Program Files\MiKTeX 2.9\miktex\bin\x64\;C:\WINDOWS\System32\OpenSSH\;C:\Program Files\Git\cmd;C:\Users\tuannguyen17\AppData\Local\Microsoft\WindowsApps;
USERNAME=tuannguyen17
OS=Windows_NT
PROCESSOR_IDENTIFIER=Intel64 Family 6 Model 94 Stepping 3, GenuineIntel



---------------  S Y S T E M  ---------------

OS: Windows 10 , 64 bit Build 17134 (10.0.17134.1)

CPU:total 4 (initial active 4) (4 cores per cpu, 1 threads per core) family 6 model 94 stepping 3, cmov, cx8, fxsr, mmx, sse, sse2, sse3, ssse3, sse4.1, sse4.2, popcnt, avx, avx2, aes, clmul, erms, rtm, 3dnowpref, lzcnt, tsc, tscinvbit, bmi1, bmi2, adx, fma

Memory: 4k page, physical 16699076k(11936252k free), swap 33476292k(27406412k free)

vm_info: Java HotSpot(TM) 64-Bit Server VM (10.0.2+13) for windows-amd64 JRE (10.0.2+13), built on Jun 28 2018 01:57:56 by "mach5one" with MS VC++ 12.0 (VS2013)

END.
